nohup: ignoring input
INFO:cmdstanpy:found newer exe file, not recompiling
INFO:cmdstanpy:Chain [1] start processing
INFO:cmdstanpy:Chain [2] start processing
INFO:cmdstanpy:Chain [3] start processing
INFO:cmdstanpy:Chain [4] start processing
INFO:cmdstanpy:Chain [3] done processing
INFO:cmdstanpy:Chain [4] done processing
INFO:cmdstanpy:Chain [2] done processing
INFO:cmdstanpy:Chain [1] done processing
Model name: ANN-LBA_s_am_FT
Directory  Results/hierarchical/Plots/ANN-LBA_s_am_FT/  Created 
Directory  Results/hierarchical/stan_results/ANN-LBA_s_am_FT/  Created 
Model's configs:
{'model_name': 'ANN-LBA_s_am_FT', 'stan_file': 'ANN-LBA/sigmoid_am.stan', 'dataset_name': 'fastText_FC.csv', 'plots_folder_name': 'ANN-LBA_s_am_FT', 'transf_params': ['transf_mu_k_word', 'transf_mu_k_nonword', 'transf_mu_sp_trial_var_word', 'transf_mu_sp_trial_var_nonword', 'transf_mu_ndt', 'transf_mu_alpha', 'transf_mu_b', 'transf_mu_theta_1', 'transf_mu_theta_2', 'transf_mu_drift_variability']}
Chain [1] method = sample (Default)
Chain [1] sample
Chain [2] method = sample (Default)
Chain [1] num_samples = 2500
Chain [1] num_warmup = 2500
Chain [2] sample
Chain [2] num_samples = 2500
Chain [1] save_warmup = 0 (Default)
Chain [1] thin = 1 (Default)
Chain [1] adapt
Chain [2] num_warmup = 2500
Chain [2] save_warmup = 0 (Default)
Chain [1] engaged = 1 (Default)
Chain [1] gamma = 0.050000000000000003 (Default)
Chain [1] delta = 0.80000000000000004 (Default)
Chain [2] thin = 1 (Default)
Chain [2] adapt
Chain [1] kappa = 0.75 (Default)
Chain [1] t0 = 10 (Default)
Chain [2] engaged = 1 (Default)
Chain [2] gamma = 0.050000000000000003 (Default)
Chain [1] init_buffer = 75 (Default)
Chain [1] term_buffer = 50 (Default)
Chain [2] delta = 0.80000000000000004 (Default)
Chain [2] kappa = 0.75 (Default)
Chain [1] window = 25 (Default)
Chain [1] algorithm = hmc (Default)
Chain [2] t0 = 10 (Default)
Chain [2] init_buffer = 75 (Default)
Chain [1] hmc
Chain [1] engine = nuts (Default)
Chain [2] term_buffer = 50 (Default)
Chain [2] window = 25 (Default)
Chain [1] nuts
Chain [1] max_depth = 10 (Default)
Chain [2] algorithm = hmc (Default)
Chain [2] hmc
Chain [1] metric = diag_e (Default)
Chain [1] metric_file =  (Default)
Chain [2] engine = nuts (Default)
Chain [2] nuts
Chain [1] stepsize = 1 (Default)
Chain [1] stepsize_jitter = 0 (Default)
Chain [2] max_depth = 10 (Default)
Chain [2] metric = diag_e (Default)
Chain [2] metric_file =  (Default)
Chain [1] num_chains = 1 (Default)
Chain [1] id = 1 (Default)
Chain [2] stepsize = 1 (Default)
Chain [2] stepsize_jitter = 0 (Default)
Chain [1] data
Chain [1] file = /tmp/tmpuoichkv_/m1bj8wpc.json
Chain [1] init = 2 (Default)
Chain [2] num_chains = 1 (Default)
Chain [2] id = 2
Chain [1] random
Chain [1] seed = 1841
Chain [2] data
Chain [2] file = /tmp/tmpuoichkv_/m1bj8wpc.json
Chain [1] output
Chain [1] file = /storage/users/adadras/ANN-EAM/Estimations/Results/hierarchical/stan_results/ANN-LBA_s_am_FT/ANN-LBA_s_am_FT-20230713072331_1.csv
Chain [1] diagnostic_file =  (Default)
Chain [2] init = 2 (Default)
Chain [2] random
Chain [1] refresh = 100 (Default)
Chain [1] sig_figs = -1 (Default)
Chain [1] profile_file = profile.csv (Default)
Chain [2] seed = 1841
Chain [2] output
Chain [1] num_threads = 1 (Default)
Chain [1] 
Chain [2] file = /storage/users/adadras/ANN-EAM/Estimations/Results/hierarchical/stan_results/ANN-LBA_s_am_FT/ANN-LBA_s_am_FT-20230713072331_2.csv
Chain [2] diagnostic_file =  (Default)
Chain [2] refresh = 100 (Default)
Chain [2] sig_figs = -1 (Default)
Chain [2] profile_file = profile.csv (Default)
Chain [2] num_threads = 1 (Default)
Chain [2] 
Chain [3] method = sample (Default)
Chain [3] sample
Chain [3] num_samples = 2500
Chain [3] num_warmup = 2500
Chain [3] save_warmup = 0 (Default)
Chain [3] thin = 1 (Default)
Chain [3] adapt
Chain [3] engaged = 1 (Default)
Chain [3] gamma = 0.050000000000000003 (Default)
Chain [3] delta = 0.80000000000000004 (Default)
Chain [3] kappa = 0.75 (Default)
Chain [3] t0 = 10 (Default)
Chain [3] init_buffer = 75 (Default)
Chain [3] term_buffer = 50 (Default)
Chain [3] window = 25 (Default)
Chain [3] algorithm = hmc (Default)
Chain [3] hmc
Chain [3] engine = nuts (Default)
Chain [3] nuts
Chain [3] max_depth = 10 (Default)
Chain [3] metric = diag_e (Default)
Chain [3] metric_file =  (Default)
Chain [3] stepsize = 1 (Default)
Chain [3] stepsize_jitter = 0 (Default)
Chain [3] num_chains = 1 (Default)
Chain [3] id = 3
Chain [3] data
Chain [3] file = /tmp/tmpuoichkv_/m1bj8wpc.json
Chain [3] init = 2 (Default)
Chain [3] random
Chain [3] seed = 1841
Chain [3] output
Chain [3] file = /storage/users/adadras/ANN-EAM/Estimations/Results/hierarchical/stan_results/ANN-LBA_s_am_FT/ANN-LBA_s_am_FT-20230713072331_3.csv
Chain [3] diagnostic_file =  (Default)
Chain [3] refresh = 100 (Default)
Chain [3] sig_figs = -1 (Default)
Chain [3] profile_file = profile.csv (Default)
Chain [3] num_threads = 1 (Default)
Chain [3] 
Chain [4] method = sample (Default)
Chain [4] sample
Chain [4] num_samples = 2500
Chain [4] num_warmup = 2500
Chain [4] save_warmup = 0 (Default)
Chain [4] thin = 1 (Default)
Chain [4] adapt
Chain [4] engaged = 1 (Default)
Chain [4] gamma = 0.050000000000000003 (Default)
Chain [4] delta = 0.80000000000000004 (Default)
Chain [4] kappa = 0.75 (Default)
Chain [4] t0 = 10 (Default)
Chain [4] init_buffer = 75 (Default)
Chain [4] term_buffer = 50 (Default)
Chain [4] window = 25 (Default)
Chain [4] algorithm = hmc (Default)
Chain [4] hmc
Chain [4] engine = nuts (Default)
Chain [4] nuts
Chain [4] max_depth = 10 (Default)
Chain [4] metric = diag_e (Default)
Chain [4] metric_file =  (Default)
Chain [4] stepsize = 1 (Default)
Chain [4] stepsize_jitter = 0 (Default)
Chain [4] num_chains = 1 (Default)
Chain [4] id = 4
Chain [4] data
Chain [4] file = /tmp/tmpuoichkv_/m1bj8wpc.json
Chain [4] init = 2 (Default)
Chain [4] random
Chain [4] seed = 1841
Chain [4] output
Chain [4] file = /storage/users/adadras/ANN-EAM/Estimations/Results/hierarchical/stan_results/ANN-LBA_s_am_FT/ANN-LBA_s_am_FT-20230713072331_4.csv
Chain [4] diagnostic_file =  (Default)
Chain [4] refresh = 100 (Default)
Chain [4] sig_figs = -1 (Default)
Chain [4] profile_file = profile.csv (Default)
Chain [4] num_threads = 1 (Default)
Chain [4] 
Chain [2] 
Chain [2] Gradient evaluation took 0.127523 seconds
Chain [2] 1000 transitions using 10 leapfrog steps per transition would take 1275.23 seconds.
Chain [2] Adjust your expectations accordingly!
Chain [2] 
Chain [2] 
Chain [3] 
Chain [3] Gradient evaluation took 0.141963 seconds
Chain [3] 1000 transitions using 10 leapfrog steps per transition would take 1419.63 seconds.
Chain [3] Adjust your expectations accordingly!
Chain [3] 
Chain [3] 
Chain [4] 
Chain [4] Gradient evaluation took 0.204431 seconds
Chain [4] 1000 transitions using 10 leapfrog steps per transition would take 2044.31 seconds.
Chain [4] Adjust your expectations accordingly!
Chain [4] 
Chain [4] 
Chain [2] Informational Message: The current Metropolis proposal is about to be rejected because of the following issue:
Chain [2] Exception: sigmoid_am_model_namespace::log_prob: drift_word_t[3] is -nan, but must be greater than or equal to 0.000000 (in '/storage/users/adadras/ANN-EAM/models/stan/ANN-LBA/sigmoid_am.stan', line 179, column 4 to column 37)
Chain [2] If this warning occurs sporadically, such as for highly constrained variable types like covariance matrices, then the sampler is fine,
Chain [2] but if this warning occurs often then your model may be either severely ill-conditioned or misspecified.
Chain [2] 
Chain [1] 
Chain [1] Gradient evaluation took 0.237579 seconds
Chain [1] 1000 transitions using 10 leapfrog steps per transition would take 2375.79 seconds.
Chain [1] Adjust your expectations accordingly!
Chain [1] 
Chain [1] 
Chain [3] Informational Message: The current Metropolis proposal is about to be rejected because of the following issue:
Chain [3] Exception: Exception: Exception: Phi: x is -nan, but must be not nan! (in '/storage/users/adadras/ANN-EAM/models/stan/ANN-LBA/sigmoid_am.stan', line 26, column 8 to column 34) (in '/storage/users/adadras/ANN-EAM/models/stan/ANN-LBA/sigmoid_am.stan', line 84, column 20 to column 88) (in '/storage/users/adadras/ANN-EAM/models/stan/ANN-LBA/sigmoid_am.stan', line 276, column 4 to line 277, column 72)
Chain [3] If this warning occurs sporadically, such as for highly constrained variable types like covariance matrices, then the sampler is fine,
Chain [3] but if this warning occurs often then your model may be either severely ill-conditioned or misspecified.
Chain [3] 
Chain [2] Informational Message: The current Metropolis proposal is about to be rejected because of the following issue:
Chain [2] Exception: sigmoid_am_model_namespace::log_prob: drift_word_t[3] is -nan, but must be greater than or equal to 0.000000 (in '/storage/users/adadras/ANN-EAM/models/stan/ANN-LBA/sigmoid_am.stan', line 179, column 4 to column 37)
Chain [2] If this warning occurs sporadically, such as for highly constrained variable types like covariance matrices, then the sampler is fine,
Chain [2] but if this warning occurs often then your model may be either severely ill-conditioned or misspecified.
Chain [2] 
Chain [3] Informational Message: The current Metropolis proposal is about to be rejected because of the following issue:
Chain [3] Exception: Exception: Exception: Phi: x is -nan, but must be not nan! (in '/storage/users/adadras/ANN-EAM/models/stan/ANN-LBA/sigmoid_am.stan', line 26, column 8 to column 34) (in '/storage/users/adadras/ANN-EAM/models/stan/ANN-LBA/sigmoid_am.stan', line 84, column 20 to column 88) (in '/storage/users/adadras/ANN-EAM/models/stan/ANN-LBA/sigmoid_am.stan', line 276, column 4 to line 277, column 72)
Chain [3] If this warning occurs sporadically, such as for highly constrained variable types like covariance matrices, then the sampler is fine,
Chain [3] but if this warning occurs often then your model may be either severely ill-conditioned or misspecified.
Chain [3] 
Chain [4] Informational Message: The current Metropolis proposal is about to be rejected because of the following issue:
Chain [4] Exception: sigmoid_am_model_namespace::log_prob: drift_word_t[3] is -nan, but must be greater than or equal to 0.000000 (in '/storage/users/adadras/ANN-EAM/models/stan/ANN-LBA/sigmoid_am.stan', line 179, column 4 to column 37)
Chain [4] If this warning occurs sporadically, such as for highly constrained variable types like covariance matrices, then the sampler is fine,
Chain [4] but if this warning occurs often then your model may be either severely ill-conditioned or misspecified.
Chain [4] 
Chain [1] Informational Message: The current Metropolis proposal is about to be rejected because of the following issue:
Chain [1] Exception: Exception: Exception: Phi: x is -nan, but must be not nan! (in '/storage/users/adadras/ANN-EAM/models/stan/ANN-LBA/sigmoid_am.stan', line 26, column 8 to column 34) (in '/storage/users/adadras/ANN-EAM/models/stan/ANN-LBA/sigmoid_am.stan', line 84, column 20 to column 88) (in '/storage/users/adadras/ANN-EAM/models/stan/ANN-LBA/sigmoid_am.stan', line 276, column 4 to line 277, column 72)
Chain [1] If this warning occurs sporadically, such as for highly constrained variable types like covariance matrices, then the sampler is fine,
Chain [1] but if this warning occurs often then your model may be either severely ill-conditioned or misspecified.
Chain [1] 
Chain [2] Informational Message: The current Metropolis proposal is about to be rejected because of the following issue:
Chain [2] Exception: sigmoid_am_model_namespace::log_prob: drift_word_t[3] is -nan, but must be greater than or equal to 0.000000 (in '/storage/users/adadras/ANN-EAM/models/stan/ANN-LBA/sigmoid_am.stan', line 179, column 4 to column 37)
Chain [2] If this warning occurs sporadically, such as for highly constrained variable types like covariance matrices, then the sampler is fine,
Chain [2] but if this warning occurs often then your model may be either severely ill-conditioned or misspecified.
Chain [2] 
Chain [3] Informational Message: The current Metropolis proposal is about to be rejected because of the following issue:
Chain [3] Exception: Exception: Exception: Phi: x is -nan, but must be not nan! (in '/storage/users/adadras/ANN-EAM/models/stan/ANN-LBA/sigmoid_am.stan', line 26, column 8 to column 34) (in '/storage/users/adadras/ANN-EAM/models/stan/ANN-LBA/sigmoid_am.stan', line 84, column 20 to column 88) (in '/storage/users/adadras/ANN-EAM/models/stan/ANN-LBA/sigmoid_am.stan', line 276, column 4 to line 277, column 72)
Chain [3] If this warning occurs sporadically, such as for highly constrained variable types like covariance matrices, then the sampler is fine,
Chain [3] but if this warning occurs often then your model may be either severely ill-conditioned or misspecified.
Chain [3] 
Chain [4] Informational Message: The current Metropolis proposal is about to be rejected because of the following issue:
Chain [4] Exception: sigmoid_am_model_namespace::log_prob: drift_word_t[3] is -nan, but must be greater than or equal to 0.000000 (in '/storage/users/adadras/ANN-EAM/models/stan/ANN-LBA/sigmoid_am.stan', line 179, column 4 to column 37)
Chain [4] If this warning occurs sporadically, such as for highly constrained variable types like covariance matrices, then the sampler is fine,
Chain [4] but if this warning occurs often then your model may be either severely ill-conditioned or misspecified.
Chain [4] 
Chain [1] Informational Message: The current Metropolis proposal is about to be rejected because of the following issue:
Chain [1] Exception: Exception: Exception: Phi: x is -nan, but must be not nan! (in '/storage/users/adadras/ANN-EAM/models/stan/ANN-LBA/sigmoid_am.stan', line 26, column 8 to column 34) (in '/storage/users/adadras/ANN-EAM/models/stan/ANN-LBA/sigmoid_am.stan', line 84, column 20 to column 88) (in '/storage/users/adadras/ANN-EAM/models/stan/ANN-LBA/sigmoid_am.stan', line 276, column 4 to line 277, column 72)
Chain [1] If this warning occurs sporadically, such as for highly constrained variable types like covariance matrices, then the sampler is fine,
Chain [1] but if this warning occurs often then your model may be either severely ill-conditioned or misspecified.
Chain [1] 
Chain [3] Informational Message: The current Metropolis proposal is about to be rejected because of the following issue:
Chain [3] Exception: Exception: Exception: Phi: x is -nan, but must be not nan! (in '/storage/users/adadras/ANN-EAM/models/stan/ANN-LBA/sigmoid_am.stan', line 50, column 8 to column 43) (in '/storage/users/adadras/ANN-EAM/models/stan/ANN-LBA/sigmoid_am.stan', line 85, column 20 to column 99) (in '/storage/users/adadras/ANN-EAM/models/stan/ANN-LBA/sigmoid_am.stan', line 276, column 4 to line 277, column 72)
Chain [3] If this warning occurs sporadically, such as for highly constrained variable types like covariance matrices, then the sampler is fine,
Chain [3] but if this warning occurs often then your model may be either severely ill-conditioned or misspecified.
Chain [3] 
Chain [2] Informational Message: The current Metropolis proposal is about to be rejected because of the following issue:
Chain [2] Exception: sigmoid_am_model_namespace::log_prob: drift_word_t[3] is -nan, but must be greater than or equal to 0.000000 (in '/storage/users/adadras/ANN-EAM/models/stan/ANN-LBA/sigmoid_am.stan', line 179, column 4 to column 37)
Chain [2] If this warning occurs sporadically, such as for highly constrained variable types like covariance matrices, then the sampler is fine,
Chain [2] but if this warning occurs often then your model may be either severely ill-conditioned or misspecified.
Chain [2] 
Chain [1] Informational Message: The current Metropolis proposal is about to be rejected because of the following issue:
Chain [1] Exception: Exception: Exception: Phi: x is -nan, but must be not nan! (in '/storage/users/adadras/ANN-EAM/models/stan/ANN-LBA/sigmoid_am.stan', line 26, column 8 to column 34) (in '/storage/users/adadras/ANN-EAM/models/stan/ANN-LBA/sigmoid_am.stan', line 84, column 20 to column 88) (in '/storage/users/adadras/ANN-EAM/models/stan/ANN-LBA/sigmoid_am.stan', line 276, column 4 to line 277, column 72)
Chain [1] If this warning occurs sporadically, such as for highly constrained variable types like covariance matrices, then the sampler is fine,
Chain [1] but if this warning occurs often then your model may be either severely ill-conditioned or misspecified.
Chain [1] 
Chain [4] Informational Message: The current Metropolis proposal is about to be rejected because of the following issue:
Chain [4] Exception: sigmoid_am_model_namespace::log_prob: drift_word_t[3] is -nan, but must be greater than or equal to 0.000000 (in '/storage/users/adadras/ANN-EAM/models/stan/ANN-LBA/sigmoid_am.stan', line 179, column 4 to column 37)
Chain [4] If this warning occurs sporadically, such as for highly constrained variable types like covariance matrices, then the sampler is fine,
Chain [4] but if this warning occurs often then your model may be either severely ill-conditioned or misspecified.
Chain [4] 
Chain [3] Informational Message: The current Metropolis proposal is about to be rejected because of the following issue:
Chain [3] Exception: Exception: Exception: Phi: x is -nan, but must be not nan! (in '/storage/users/adadras/ANN-EAM/models/stan/ANN-LBA/sigmoid_am.stan', line 50, column 8 to column 43) (in '/storage/users/adadras/ANN-EAM/models/stan/ANN-LBA/sigmoid_am.stan', line 85, column 20 to column 99) (in '/storage/users/adadras/ANN-EAM/models/stan/ANN-LBA/sigmoid_am.stan', line 276, column 4 to line 277, column 72)
Chain [3] If this warning occurs sporadically, such as for highly constrained variable types like covariance matrices, then the sampler is fine,
Chain [3] but if this warning occurs often then your model may be either severely ill-conditioned or misspecified.
Chain [3] 
Chain [2] Informational Message: The current Metropolis proposal is about to be rejected because of the following issue:
Chain [2] Exception: sigmoid_am_model_namespace::log_prob: drift_word_t[3] is -nan, but must be greater than or equal to 0.000000 (in '/storage/users/adadras/ANN-EAM/models/stan/ANN-LBA/sigmoid_am.stan', line 179, column 4 to column 37)
Chain [2] If this warning occurs sporadically, such as for highly constrained variable types like covariance matrices, then the sampler is fine,
Chain [2] but if this warning occurs often then your model may be either severely ill-conditioned or misspecified.
Chain [2] 
Chain [1] Informational Message: The current Metropolis proposal is about to be rejected because of the following issue:
Chain [1] Exception: Exception: Exception: Phi: x is -nan, but must be not nan! (in '/storage/users/adadras/ANN-EAM/models/stan/ANN-LBA/sigmoid_am.stan', line 50, column 8 to column 43) (in '/storage/users/adadras/ANN-EAM/models/stan/ANN-LBA/sigmoid_am.stan', line 85, column 20 to column 99) (in '/storage/users/adadras/ANN-EAM/models/stan/ANN-LBA/sigmoid_am.stan', line 276, column 4 to line 277, column 72)
Chain [1] If this warning occurs sporadically, such as for highly constrained variable types like covariance matrices, then the sampler is fine,
Chain [1] but if this warning occurs often then your model may be either severely ill-conditioned or misspecified.
Chain [1] 
Chain [4] Informational Message: The current Metropolis proposal is about to be rejected because of the following issue:
Chain [4] Exception: sigmoid_am_model_namespace::log_prob: drift_nonword_t[742] is -nan, but must be greater than or equal to 0.000000 (in '/storage/users/adadras/ANN-EAM/models/stan/ANN-LBA/sigmoid_am.stan', line 180, column 1 to column 37)
Chain [4] If this warning occurs sporadically, such as for highly constrained variable types like covariance matrices, then the sampler is fine,
Chain [4] but if this warning occurs often then your model may be either severely ill-conditioned or misspecified.
Chain [4] 
Chain [3] Informational Message: The current Metropolis proposal is about to be rejected because of the following issue:
Chain [3] Exception: Exception: Exception: Phi: x is -nan, but must be not nan! (in '/storage/users/adadras/ANN-EAM/models/stan/ANN-LBA/sigmoid_am.stan', line 50, column 8 to column 43) (in '/storage/users/adadras/ANN-EAM/models/stan/ANN-LBA/sigmoid_am.stan', line 85, column 20 to column 99) (in '/storage/users/adadras/ANN-EAM/models/stan/ANN-LBA/sigmoid_am.stan', line 276, column 4 to line 277, column 72)
Chain [3] If this warning occurs sporadically, such as for highly constrained variable types like covariance matrices, then the sampler is fine,
Chain [3] but if this warning occurs often then your model may be either severely ill-conditioned or misspecified.
Chain [3] 
Chain [1] Informational Message: The current Metropolis proposal is about to be rejected because of the following issue:
Chain [1] Exception: Exception: Exception: Phi: x is -nan, but must be not nan! (in '/storage/users/adadras/ANN-EAM/models/stan/ANN-LBA/sigmoid_am.stan', line 50, column 8 to column 43) (in '/storage/users/adadras/ANN-EAM/models/stan/ANN-LBA/sigmoid_am.stan', line 85, column 20 to column 99) (in '/storage/users/adadras/ANN-EAM/models/stan/ANN-LBA/sigmoid_am.stan', line 276, column 4 to line 277, column 72)
Chain [1] If this warning occurs sporadically, such as for highly constrained variable types like covariance matrices, then the sampler is fine,
Chain [1] but if this warning occurs often then your model may be either severely ill-conditioned or misspecified.
Chain [1] 
Chain [4] Informational Message: The current Metropolis proposal is about to be rejected because of the following issue:
Chain [4] Exception: sigmoid_am_model_namespace::log_prob: drift_nonword_t[1468] is -nan, but must be greater than or equal to 0.000000 (in '/storage/users/adadras/ANN-EAM/models/stan/ANN-LBA/sigmoid_am.stan', line 180, column 1 to column 37)
Chain [4] If this warning occurs sporadically, such as for highly constrained variable types like covariance matrices, then the sampler is fine,
Chain [4] but if this warning occurs often then your model may be either severely ill-conditioned or misspecified.
Chain [4] 
Chain [3] Iteration:    1 / 5000 [  0%]  (Warmup)
Chain [2] Iteration:    1 / 5000 [  0%]  (Warmup)
Chain [3] Informational Message: The current Metropolis proposal is about to be rejected because of the following issue:
Chain [3] Exception: sigmoid_am_model_namespace::log_prob: drift_word_t[3] is -nan, but must be greater than or equal to 0.000000 (in '/storage/users/adadras/ANN-EAM/models/stan/ANN-LBA/sigmoid_am.stan', line 179, column 4 to column 37)
Chain [3] If this warning occurs sporadically, such as for highly constrained variable types like covariance matrices, then the sampler is fine,
Chain [3] but if this warning occurs often then your model may be either severely ill-conditioned or misspecified.
Chain [3] 
Chain [4] Iteration:    1 / 5000 [  0%]  (Warmup)
Chain [1] Iteration:    1 / 5000 [  0%]  (Warmup)
Chain [1] Informational Message: The current Metropolis proposal is about to be rejected because of the following issue:
Chain [1] Exception: Exception: Exception: Phi: x is -nan, but must be not nan! (in '/storage/users/adadras/ANN-EAM/models/stan/ANN-LBA/sigmoid_am.stan', line 26, column 8 to column 34) (in '/storage/users/adadras/ANN-EAM/models/stan/ANN-LBA/sigmoid_am.stan', line 84, column 20 to column 88) (in '/storage/users/adadras/ANN-EAM/models/stan/ANN-LBA/sigmoid_am.stan', line 276, column 4 to line 277, column 72)
Chain [1] If this warning occurs sporadically, such as for highly constrained variable types like covariance matrices, then the sampler is fine,
Chain [1] but if this warning occurs often then your model may be either severely ill-conditioned or misspecified.
Chain [1] 
Chain [1] Informational Message: The current Metropolis proposal is about to be rejected because of the following issue:
Chain [1] Exception: Exception: Exception: Phi: x is -nan, but must be not nan! (in '/storage/users/adadras/ANN-EAM/models/stan/ANN-LBA/sigmoid_am.stan', line 26, column 8 to column 34) (in '/storage/users/adadras/ANN-EAM/models/stan/ANN-LBA/sigmoid_am.stan', line 84, column 20 to column 88) (in '/storage/users/adadras/ANN-EAM/models/stan/ANN-LBA/sigmoid_am.stan', line 276, column 4 to line 277, column 72)
Chain [1] If this warning occurs sporadically, such as for highly constrained variable types like covariance matrices, then the sampler is fine,
Chain [1] but if this warning occurs often then your model may be either severely ill-conditioned or misspecified.
Chain [1] 
Chain [2] Informational Message: The current Metropolis proposal is about to be rejected because of the following issue:
Chain [2] Exception: sigmoid_am_model_namespace::log_prob: drift_word_t[3] is -nan, but must be greater than or equal to 0.000000 (in '/storage/users/adadras/ANN-EAM/models/stan/ANN-LBA/sigmoid_am.stan', line 179, column 4 to column 37)
Chain [2] If this warning occurs sporadically, such as for highly constrained variable types like covariance matrices, then the sampler is fine,
Chain [2] but if this warning occurs often then your model may be either severely ill-conditioned or misspecified.
Chain [2] 
Chain [2] Informational Message: The current Metropolis proposal is about to be rejected because of the following issue:
Chain [2] Exception: sigmoid_am_model_namespace::log_prob: drift_word_t[3] is -nan, but must be greater than or equal to 0.000000 (in '/storage/users/adadras/ANN-EAM/models/stan/ANN-LBA/sigmoid_am.stan', line 179, column 4 to column 37)
Chain [2] If this warning occurs sporadically, such as for highly constrained variable types like covariance matrices, then the sampler is fine,
Chain [2] but if this warning occurs often then your model may be either severely ill-conditioned or misspecified.
Chain [2] 
Chain [4] Informational Message: The current Metropolis proposal is about to be rejected because of the following issue:
Chain [4] Exception: Exception: Exception: Phi: x is -nan, but must be not nan! (in '/storage/users/adadras/ANN-EAM/models/stan/ANN-LBA/sigmoid_am.stan', line 50, column 8 to column 43) (in '/storage/users/adadras/ANN-EAM/models/stan/ANN-LBA/sigmoid_am.stan', line 85, column 20 to column 99) (in '/storage/users/adadras/ANN-EAM/models/stan/ANN-LBA/sigmoid_am.stan', line 276, column 4 to line 277, column 72)
Chain [4] If this warning occurs sporadically, such as for highly constrained variable types like covariance matrices, then the sampler is fine,
Chain [4] but if this warning occurs often then your model may be either severely ill-conditioned or misspecified.
Chain [4] 
Chain [2] Informational Message: The current Metropolis proposal is about to be rejected because of the following issue:
Chain [2] Exception: sigmoid_am_model_namespace::log_prob: drift_word_t[3] is -nan, but must be greater than or equal to 0.000000 (in '/storage/users/adadras/ANN-EAM/models/stan/ANN-LBA/sigmoid_am.stan', line 179, column 4 to column 37)
Chain [2] If this warning occurs sporadically, such as for highly constrained variable types like covariance matrices, then the sampler is fine,
Chain [2] but if this warning occurs often then your model may be either severely ill-conditioned or misspecified.
Chain [2] 
Chain [4] Informational Message: The current Metropolis proposal is about to be rejected because of the following issue:
Chain [4] Exception: Exception: Exception: Phi: x is -nan, but must be not nan! (in '/storage/users/adadras/ANN-EAM/models/stan/ANN-LBA/sigmoid_am.stan', line 50, column 8 to column 43) (in '/storage/users/adadras/ANN-EAM/models/stan/ANN-LBA/sigmoid_am.stan', line 85, column 20 to column 99) (in '/storage/users/adadras/ANN-EAM/models/stan/ANN-LBA/sigmoid_am.stan', line 276, column 4 to line 277, column 72)
Chain [4] If this warning occurs sporadically, such as for highly constrained variable types like covariance matrices, then the sampler is fine,
Chain [4] but if this warning occurs often then your model may be either severely ill-conditioned or misspecified.
Chain [4] 
Chain [1] Iteration:  100 / 5000 [  2%]  (Warmup)
Chain [4] Iteration:  100 / 5000 [  2%]  (Warmup)
Chain [2] Iteration:  100 / 5000 [  2%]  (Warmup)
Chain [3] Iteration:  100 / 5000 [  2%]  (Warmup)
Chain [1] Iteration:  200 / 5000 [  4%]  (Warmup)
Chain [2] Iteration:  200 / 5000 [  4%]  (Warmup)
Chain [3] Iteration:  200 / 5000 [  4%]  (Warmup)
Chain [4] Iteration:  200 / 5000 [  4%]  (Warmup)
Chain [1] Iteration:  300 / 5000 [  6%]  (Warmup)
Chain [2] Iteration:  300 / 5000 [  6%]  (Warmup)
Chain [3] Iteration:  300 / 5000 [  6%]  (Warmup)
Chain [4] Iteration:  300 / 5000 [  6%]  (Warmup)
Chain [1] Iteration:  400 / 5000 [  8%]  (Warmup)
Chain [2] Iteration:  400 / 5000 [  8%]  (Warmup)
Chain [3] Iteration:  400 / 5000 [  8%]  (Warmup)
Chain [4] Iteration:  400 / 5000 [  8%]  (Warmup)
Chain [1] Iteration:  500 / 5000 [ 10%]  (Warmup)
Chain [2] Iteration:  500 / 5000 [ 10%]  (Warmup)
Chain [4] Iteration:  500 / 5000 [ 10%]  (Warmup)
Chain [3] Iteration:  500 / 5000 [ 10%]  (Warmup)
Chain [1] Iteration:  600 / 5000 [ 12%]  (Warmup)
Chain [2] Iteration:  600 / 5000 [ 12%]  (Warmup)
Chain [4] Iteration:  600 / 5000 [ 12%]  (Warmup)
Chain [3] Iteration:  600 / 5000 [ 12%]  (Warmup)
Chain [1] Iteration:  700 / 5000 [ 14%]  (Warmup)
Chain [2] Iteration:  700 / 5000 [ 14%]  (Warmup)
Chain [4] Iteration:  700 / 5000 [ 14%]  (Warmup)
Chain [3] Iteration:  700 / 5000 [ 14%]  (Warmup)
Chain [4] Iteration:  800 / 5000 [ 16%]  (Warmup)
Chain [1] Iteration:  800 / 5000 [ 16%]  (Warmup)
Chain [2] Iteration:  800 / 5000 [ 16%]  (Warmup)
Chain [3] Iteration:  800 / 5000 [ 16%]  (Warmup)
Chain [4] Iteration:  900 / 5000 [ 18%]  (Warmup)
Chain [2] Iteration:  900 / 5000 [ 18%]  (Warmup)
Chain [1] Iteration:  900 / 5000 [ 18%]  (Warmup)
Chain [3] Iteration:  900 / 5000 [ 18%]  (Warmup)
Chain [4] Iteration: 1000 / 5000 [ 20%]  (Warmup)
Chain [2] Iteration: 1000 / 5000 [ 20%]  (Warmup)
Chain [1] Iteration: 1000 / 5000 [ 20%]  (Warmup)
Chain [3] Iteration: 1000 / 5000 [ 20%]  (Warmup)
Chain [4] Iteration: 1100 / 5000 [ 22%]  (Warmup)
Chain [2] Iteration: 1100 / 5000 [ 22%]  (Warmup)
Chain [3] Iteration: 1100 / 5000 [ 22%]  (Warmup)
Chain [1] Iteration: 1100 / 5000 [ 22%]  (Warmup)
Chain [4] Iteration: 1200 / 5000 [ 24%]  (Warmup)
Chain [2] Iteration: 1200 / 5000 [ 24%]  (Warmup)
Chain [3] Iteration: 1200 / 5000 [ 24%]  (Warmup)
Chain [4] Iteration: 1300 / 5000 [ 26%]  (Warmup)
Chain [2] Iteration: 1300 / 5000 [ 26%]  (Warmup)
Chain [1] Iteration: 1200 / 5000 [ 24%]  (Warmup)
Chain [4] Iteration: 1400 / 5000 [ 28%]  (Warmup)
Chain [3] Iteration: 1300 / 5000 [ 26%]  (Warmup)
Chain [2] Iteration: 1400 / 5000 [ 28%]  (Warmup)
Chain [1] Iteration: 1300 / 5000 [ 26%]  (Warmup)
Chain [4] Iteration: 1500 / 5000 [ 30%]  (Warmup)
Chain [3] Iteration: 1400 / 5000 [ 28%]  (Warmup)
Chain [2] Iteration: 1500 / 5000 [ 30%]  (Warmup)
Chain [1] Iteration: 1400 / 5000 [ 28%]  (Warmup)
Chain [4] Iteration: 1600 / 5000 [ 32%]  (Warmup)
Chain [2] Iteration: 1600 / 5000 [ 32%]  (Warmup)
Chain [3] Iteration: 1500 / 5000 [ 30%]  (Warmup)
Chain [4] Iteration: 1700 / 5000 [ 34%]  (Warmup)
Chain [2] Iteration: 1700 / 5000 [ 34%]  (Warmup)
Chain [3] Iteration: 1600 / 5000 [ 32%]  (Warmup)
Chain [1] Iteration: 1500 / 5000 [ 30%]  (Warmup)
Chain [4] Iteration: 1800 / 5000 [ 36%]  (Warmup)
Chain [2] Iteration: 1800 / 5000 [ 36%]  (Warmup)
Chain [3] Iteration: 1700 / 5000 [ 34%]  (Warmup)
Chain [1] Iteration: 1600 / 5000 [ 32%]  (Warmup)
Chain [4] Iteration: 1900 / 5000 [ 38%]  (Warmup)
Chain [2] Iteration: 1900 / 5000 [ 38%]  (Warmup)
Chain [3] Iteration: 1800 / 5000 [ 36%]  (Warmup)
Chain [4] Iteration: 2000 / 5000 [ 40%]  (Warmup)
Chain [1] Iteration: 1700 / 5000 [ 34%]  (Warmup)
Chain [2] Iteration: 2000 / 5000 [ 40%]  (Warmup)
Chain [3] Iteration: 1900 / 5000 [ 38%]  (Warmup)
Chain [4] Iteration: 2100 / 5000 [ 42%]  (Warmup)
Chain [3] Iteration: 2000 / 5000 [ 40%]  (Warmup)
Chain [2] Iteration: 2100 / 5000 [ 42%]  (Warmup)
Chain [1] Iteration: 1800 / 5000 [ 36%]  (Warmup)
Chain [4] Iteration: 2200 / 5000 [ 44%]  (Warmup)
Chain [2] Iteration: 2200 / 5000 [ 44%]  (Warmup)
Chain [3] Iteration: 2100 / 5000 [ 42%]  (Warmup)
Chain [4] Iteration: 2300 / 5000 [ 46%]  (Warmup)
Chain [1] Iteration: 1900 / 5000 [ 38%]  (Warmup)
Chain [2] Iteration: 2300 / 5000 [ 46%]  (Warmup)
Chain [3] Iteration: 2200 / 5000 [ 44%]  (Warmup)
Chain [4] Iteration: 2400 / 5000 [ 48%]  (Warmup)
Chain [1] Iteration: 2000 / 5000 [ 40%]  (Warmup)
Chain [2] Iteration: 2400 / 5000 [ 48%]  (Warmup)
Chain [3] Iteration: 2300 / 5000 [ 46%]  (Warmup)
Chain [4] Iteration: 2500 / 5000 [ 50%]  (Warmup)
Chain [4] Iteration: 2501 / 5000 [ 50%]  (Sampling)
Chain [3] Iteration: 2400 / 5000 [ 48%]  (Warmup)
Chain [2] Iteration: 2500 / 5000 [ 50%]  (Warmup)
Chain [2] Iteration: 2501 / 5000 [ 50%]  (Sampling)
Chain [1] Iteration: 2100 / 5000 [ 42%]  (Warmup)
Chain [3] Iteration: 2500 / 5000 [ 50%]  (Warmup)
Chain [3] Iteration: 2501 / 5000 [ 50%]  (Sampling)
Chain [4] Iteration: 2600 / 5000 [ 52%]  (Sampling)
Chain [1] Iteration: 2200 / 5000 [ 44%]  (Warmup)
Chain [2] Iteration: 2600 / 5000 [ 52%]  (Sampling)
Chain [1] Iteration: 2300 / 5000 [ 46%]  (Warmup)
Chain [3] Iteration: 2600 / 5000 [ 52%]  (Sampling)
Chain [4] Iteration: 2700 / 5000 [ 54%]  (Sampling)
Chain [2] Iteration: 2700 / 5000 [ 54%]  (Sampling)
Chain [1] Iteration: 2400 / 5000 [ 48%]  (Warmup)
Chain [3] Iteration: 2700 / 5000 [ 54%]  (Sampling)
Chain [4] Iteration: 2800 / 5000 [ 56%]  (Sampling)
Chain [2] Iteration: 2800 / 5000 [ 56%]  (Sampling)
Chain [1] Iteration: 2500 / 5000 [ 50%]  (Warmup)
Chain [1] Iteration: 2501 / 5000 [ 50%]  (Sampling)
Chain [3] Iteration: 2800 / 5000 [ 56%]  (Sampling)
Chain [4] Iteration: 2900 / 5000 [ 58%]  (Sampling)
Chain [2] Iteration: 2900 / 5000 [ 58%]  (Sampling)
Chain [1] Iteration: 2600 / 5000 [ 52%]  (Sampling)
Chain [3] Iteration: 2900 / 5000 [ 58%]  (Sampling)
Chain [4] Iteration: 3000 / 5000 [ 60%]  (Sampling)
Chain [2] Iteration: 3000 / 5000 [ 60%]  (Sampling)
Chain [1] Iteration: 2700 / 5000 [ 54%]  (Sampling)
Chain [3] Iteration: 3000 / 5000 [ 60%]  (Sampling)
Chain [4] Iteration: 3100 / 5000 [ 62%]  (Sampling)
Chain [2] Iteration: 3100 / 5000 [ 62%]  (Sampling)
Chain [1] Iteration: 2800 / 5000 [ 56%]  (Sampling)
Chain [3] Iteration: 3100 / 5000 [ 62%]  (Sampling)
Chain [4] Iteration: 3200 / 5000 [ 64%]  (Sampling)
Chain [2] Iteration: 3200 / 5000 [ 64%]  (Sampling)
Chain [3] Iteration: 3200 / 5000 [ 64%]  (Sampling)
Chain [1] Iteration: 2900 / 5000 [ 58%]  (Sampling)
Chain [4] Iteration: 3300 / 5000 [ 66%]  (Sampling)
Chain [2] Iteration: 3300 / 5000 [ 66%]  (Sampling)
Chain [3] Iteration: 3300 / 5000 [ 66%]  (Sampling)
Chain [1] Iteration: 3000 / 5000 [ 60%]  (Sampling)
Chain [4] Iteration: 3400 / 5000 [ 68%]  (Sampling)
Chain [2] Iteration: 3400 / 5000 [ 68%]  (Sampling)
Chain [3] Iteration: 3400 / 5000 [ 68%]  (Sampling)
Chain [1] Iteration: 3100 / 5000 [ 62%]  (Sampling)
Chain [4] Iteration: 3500 / 5000 [ 70%]  (Sampling)
Chain [2] Iteration: 3500 / 5000 [ 70%]  (Sampling)
Chain [3] Iteration: 3500 / 5000 [ 70%]  (Sampling)
Chain [1] Iteration: 3200 / 5000 [ 64%]  (Sampling)
Chain [4] Iteration: 3600 / 5000 [ 72%]  (Sampling)
Chain [2] Iteration: 3600 / 5000 [ 72%]  (Sampling)
Chain [3] Iteration: 3600 / 5000 [ 72%]  (Sampling)
Chain [1] Iteration: 3300 / 5000 [ 66%]  (Sampling)
Chain [4] Iteration: 3700 / 5000 [ 74%]  (Sampling)
Chain [3] Iteration: 3700 / 5000 [ 74%]  (Sampling)
Chain [2] Iteration: 3700 / 5000 [ 74%]  (Sampling)
Chain [1] Iteration: 3400 / 5000 [ 68%]  (Sampling)
Chain [4] Iteration: 3800 / 5000 [ 76%]  (Sampling)
Chain [3] Iteration: 3800 / 5000 [ 76%]  (Sampling)
Chain [2] Iteration: 3800 / 5000 [ 76%]  (Sampling)
Chain [1] Iteration: 3500 / 5000 [ 70%]  (Sampling)
Chain [4] Iteration: 3900 / 5000 [ 78%]  (Sampling)
Chain [3] Iteration: 3900 / 5000 [ 78%]  (Sampling)
Chain [2] Iteration: 3900 / 5000 [ 78%]  (Sampling)
Chain [1] Iteration: 3600 / 5000 [ 72%]  (Sampling)
Chain [4] Iteration: 4000 / 5000 [ 80%]  (Sampling)
Chain [3] Iteration: 4000 / 5000 [ 80%]  (Sampling)
Chain [2] Iteration: 4000 / 5000 [ 80%]  (Sampling)
Chain [1] Iteration: 3700 / 5000 [ 74%]  (Sampling)
Chain [4] Iteration: 4100 / 5000 [ 82%]  (Sampling)
Chain [3] Iteration: 4100 / 5000 [ 82%]  (Sampling)
Chain [2] Iteration: 4100 / 5000 [ 82%]  (Sampling)
Chain [1] Iteration: 3800 / 5000 [ 76%]  (Sampling)
Chain [4] Iteration: 4200 / 5000 [ 84%]  (Sampling)
Chain [3] Iteration: 4200 / 5000 [ 84%]  (Sampling)
Chain [2] Iteration: 4200 / 5000 [ 84%]  (Sampling)
Chain [1] Iteration: 3900 / 5000 [ 78%]  (Sampling)
Chain [3] Iteration: 4300 / 5000 [ 86%]  (Sampling)
Chain [4] Iteration: 4300 / 5000 [ 86%]  (Sampling)
Chain [2] Iteration: 4300 / 5000 [ 86%]  (Sampling)
Chain [1] Iteration: 4000 / 5000 [ 80%]  (Sampling)
Chain [3] Iteration: 4400 / 5000 [ 88%]  (Sampling)
Chain [4] Iteration: 4400 / 5000 [ 88%]  (Sampling)
Chain [2] Iteration: 4400 / 5000 [ 88%]  (Sampling)
Chain [1] Iteration: 4100 / 5000 [ 82%]  (Sampling)
Chain [3] Iteration: 4500 / 5000 [ 90%]  (Sampling)
Chain [4] Iteration: 4500 / 5000 [ 90%]  (Sampling)
Chain [2] Iteration: 4500 / 5000 [ 90%]  (Sampling)
Chain [1] Iteration: 4200 / 5000 [ 84%]  (Sampling)
Chain [3] Iteration: 4600 / 5000 [ 92%]  (Sampling)
Chain [4] Iteration: 4600 / 5000 [ 92%]  (Sampling)
Chain [2] Iteration: 4600 / 5000 [ 92%]  (Sampling)
Chain [3] Iteration: 4700 / 5000 [ 94%]  (Sampling)
Chain [1] Iteration: 4300 / 5000 [ 86%]  (Sampling)
Chain [4] Iteration: 4700 / 5000 [ 94%]  (Sampling)
Chain [2] Iteration: 4700 / 5000 [ 94%]  (Sampling)
Chain [3] Iteration: 4800 / 5000 [ 96%]  (Sampling)
Chain [1] Iteration: 4400 / 5000 [ 88%]  (Sampling)
Chain [4] Iteration: 4800 / 5000 [ 96%]  (Sampling)
Chain [2] Iteration: 4800 / 5000 [ 96%]  (Sampling)
Chain [3] Iteration: 4900 / 5000 [ 98%]  (Sampling)
Chain [1] Iteration: 4500 / 5000 [ 90%]  (Sampling)
Chain [4] Iteration: 4900 / 5000 [ 98%]  (Sampling)
Chain [2] Iteration: 4900 / 5000 [ 98%]  (Sampling)
Chain [3] Iteration: 5000 / 5000 [100%]  (Sampling)
Chain [3] 
Chain [3] Elapsed Time: 93671.6 seconds (Warm-up)
Chain [3] 121809 seconds (Sampling)
Chain [3] 215481 seconds (Total)
Chain [3] 
Chain [3] 
Chain [1] Iteration: 4600 / 5000 [ 92%]  (Sampling)
Chain [4] Iteration: 5000 / 5000 [100%]  (Sampling)
Chain [4] 
Chain [4] Elapsed Time: 88893.6 seconds (Warm-up)
Chain [4] 128304 seconds (Sampling)
Chain [4] 217197 seconds (Total)
Chain [4] 
Chain [4] 
Chain [2] Iteration: 5000 / 5000 [100%]  (Sampling)
Chain [2] 
Chain [2] Elapsed Time: 90259.3 seconds (Warm-up)
Chain [2] 128340 seconds (Sampling)
Chain [2] 218599 seconds (Total)
Chain [2] 
Chain [2] 
Chain [1] Iteration: 4700 / 5000 [ 94%]  (Sampling)
Chain [1] Iteration: 4800 / 5000 [ 96%]  (Sampling)
Chain [1] Iteration: 4900 / 5000 [ 98%]  (Sampling)
Chain [1] Iteration: 5000 / 5000 [100%]  (Sampling)
Chain [1] 
Chain [1] Elapsed Time: 105989 seconds (Warm-up)
Chain [1] 132256 seconds (Sampling)
Chain [1] 238245 seconds (Total)
Chain [1] 
Chain [1] 
***hmc diagnostics:
Processing csv files: /storage/users/adadras/ANN-EAM/Estimations/Results/hierarchical/stan_results/ANN-LBA_s_am_FT/ANN-LBA_s_am_FT-20230713072331_1.csv, /storage/users/adadras/ANN-EAM/Estimations/Results/hierarchical/stan_results/ANN-LBA_s_am_FT/ANN-LBA_s_am_FT-20230713072331_2.csv, /storage/users/adadras/ANN-EAM/Estimations/Results/hierarchical/stan_results/ANN-LBA_s_am_FT/ANN-LBA_s_am_FT-20230713072331_3.csv, /storage/users/adadras/ANN-EAM/Estimations/Results/hierarchical/stan_results/ANN-LBA_s_am_FT/ANN-LBA_s_am_FT-20230713072331_4.csv

Checking sampler transitions treedepth.
Treedepth satisfactory for all transitions.

Checking sampler transitions for divergences.
No divergent transitions found.

Checking E-BFMI - sampler transitions HMC potential energy.
E-BFMI satisfactory.

Effective sample size satisfactory.

Split R-hat values satisfactory all parameters.

Processing complete, no problems detected.

***DF: 
                             Mean    MCSE  StdDev  ...    N_Eff  N_Eff/s  R_hat
name                                               ...                         
lp__                    -6700.000  0.6300   31.00  ...   2300.0   0.0046    1.0
mu_k_word                   0.360  0.0046    0.24  ...   2700.0   0.0053    1.0
mu_k_nonword                0.710  0.0047    0.26  ...   3000.0   0.0059    1.0
mu_sp_trial_var_word        0.085  0.0042    0.25  ...   3500.0   0.0068    1.0
mu_sp_trial_var_nonword     0.810  0.0052    0.29  ...   3200.0   0.0063    1.0
...                           ...     ...     ...  ...      ...      ...    ...
log_lik[36782]             -4.000  0.0025    0.26  ...  11040.0   0.0220    1.0
log_lik[36783]             -4.100  0.0025    0.26  ...  10879.0   0.0210    1.0
log_lik[36784]             -4.500  0.0025    0.24  ...   8863.0   0.0170    1.0
log_lik[36785]             -3.600  0.0024    0.28  ...  13495.0   0.0260    1.0
log_lik[36786]             -3.700  0.0025    0.29  ...  13341.0   0.0260    1.0

[333105 rows x 9 columns]
***Rhat > 1.01: 
0
       Mean  MCSE  StdDev   5%  50%  95%  N_Eff  N_Eff/s  R_hat
count   0.0   0.0     0.0  0.0  0.0  0.0    0.0      0.0    0.0
mean    NaN   NaN     NaN  NaN  NaN  NaN    NaN      NaN    NaN
std     NaN   NaN     NaN  NaN  NaN  NaN    NaN      NaN    NaN
min     NaN   NaN     NaN  NaN  NaN  NaN    NaN      NaN    NaN
25%     NaN   NaN     NaN  NaN  NaN  NaN    NaN      NaN    NaN
50%     NaN   NaN     NaN  NaN  NaN  NaN    NaN      NaN    NaN
75%     NaN   NaN     NaN  NaN  NaN  NaN    NaN      NaN    NaN
max     NaN   NaN     NaN  NaN  NaN  NaN    NaN      NaN    NaN
HF words, word drift mean and std:
2.695235394346742 0.3871868353697133
HF words, nonword drift mean and std:
1.6295514705542138 0.23385850708740277
LF words word drift mean and std:
2.130552127474865 0.3063745024540488
LF words nonword drift mean and std:
1.6454863082834952 0.2360598932172058
NW words word drift mean and std:
0.9467069355925259 0.1374044314739021
NW words nonword drift mean and std:
2.626215180641065 0.3754422671023726
HF words, word starting point mean and std:
0.8539056373939359 0.12308417125573028
HF words, nonword starting point mean and std:
1.3271714769991643 0.18963218104087778
LF words word starting point mean and std:
0.8579158403567569 0.12325820525249835
LF words nonword starting point mean and std:
1.3380351241453943 0.19078869941762516
NW words word starting point mean and std:
0.8693964356034749 0.12507472408762094
NW words nonword starting point mean and std:
1.3485089335661988 0.19224113671310297
HF words, word threshold mean and std:
1.7078112747878718 0.24616834251146055
HF words, nonword threshold mean and std:
2.6543429539983285 0.37926436208175557
LF words word threshold mean and std:
1.7158316807135139 0.2465164105049967
LF words nonword threshold mean and std:
2.6760702482907885 0.3815773988352503
NW words word threshold mean and std:
1.7387928712069498 0.2501494481752419
NW words nonword threshold mean and std:
2.6970178671323977 0.38448227342620594
HF words, word bias mean and std:
0.8539056373939359 0.12308417125573028
HF words, nonword bias mean and std:
1.3271714769991643 0.18963218104087778
LF words word bias mean and std:
0.8579158403567569 0.12325820525249835
LF words nonword bias mean and std:
1.3380351241453943 0.19078869941762516
NW words word bias mean and std:
0.8693964356034749 0.12507472408762094
NW words nonword bias mean and std:
1.3485089335661988 0.19224113671310297
HF words ndt mean and std:
0.13697120760006287 0.004847896496169122
LF words ndt mean and std:
0.13714343218881767 0.004847782772698811
Non Words ndt mean and std:
0.13700826580451472 0.004861653436560579
Estimation Fit metrics:
{'lppd': -5818.634272951249, 'p_waic': 875.1873165798949, 'waic': 13387.643179062288, 'waic_se': 510.4106961219549}
INFO:cmdstanpy:deleting tmpfiles dir: /tmp/tmpuoichkv_
INFO:cmdstanpy:done
