nohup: ignoring input
INFO:cmdstanpy:compiling stan file /storage/users/adadras/ANN-EAM/models/stan/ANN-RDM/sigmoid.stan to exe file /storage/users/adadras/ANN-EAM/models/stan/ANN-RDM/sigmoid
INFO:cmdstanpy:compiled model executable: /storage/users/adadras/ANN-EAM/models/stan/ANN-RDM/sigmoid
WARNING:cmdstanpy:Stan compiler has produced 19 warnings:
WARNING:cmdstanpy:
--- Translating Stan model to C++ code ---
bin/stanc  --o=/storage/users/adadras/ANN-EAM/models/stan/ANN-RDM/sigmoid.hpp /storage/users/adadras/ANN-EAM/models/stan/ANN-RDM/sigmoid.stan
Warning in '/storage/users/adadras/ANN-EAM/models/stan/ANN-RDM/sigmoid.stan', line 55, column 4: Declaration
    of arrays by placing brackets after a variable name is deprecated and
    will be removed in Stan 2.32.0. Instead use the array keyword before the
    type. This can be changed automatically using the auto-format flag to
    stanc
Warning in '/storage/users/adadras/ANN-EAM/models/stan/ANN-RDM/sigmoid.stan', line 57, column 4: Declaration
    of arrays by placing brackets after a variable name is deprecated and
    will be removed in Stan 2.32.0. Instead use the array keyword before the
    type. This can be changed automatically using the auto-format flag to
    stanc
Warning in '/storage/users/adadras/ANN-EAM/models/stan/ANN-RDM/sigmoid.stan', line 58, column 4: Declaration
    of arrays by placing brackets after a variable name is deprecated and
    will be removed in Stan 2.32.0. Instead use the array keyword before the
    type. This can be changed automatically using the auto-format flag to
    stanc
Warning in '/storage/users/adadras/ANN-EAM/models/stan/ANN-RDM/sigmoid.stan', line 59, column 4: Declaration
    of arrays by placing brackets after a variable name is deprecated and
    will be removed in Stan 2.32.0. Instead use the array keyword before the
    type. This can be changed automatically using the auto-format flag to
    stanc
Warning in '/storage/users/adadras/ANN-EAM/models/stan/ANN-RDM/sigmoid.stan', line 61, column 4: Declaration
    of arrays by placing brackets after a variable name is deprecated and
    will be removed in Stan 2.32.0. Instead use the array keyword before the
    type. This can be changed automatically using the auto-format flag to
    stanc
Warning in '/storage/users/adadras/ANN-EAM/models/stan/ANN-RDM/sigmoid.stan', line 96, column 4: Declaration
    of arrays by placing brackets after a variable name is deprecated and
    will be removed in Stan 2.32.0. Instead use the array keyword before the
    type. This can be changed automatically using the auto-format flag to
    stanc
Warning in '/storage/users/adadras/ANN-EAM/models/stan/ANN-RDM/sigmoid.stan', line 97, column 4: Declaration
    of arrays by placing brackets after a variable name is deprecated and
    will be removed in Stan 2.32.0. Instead use the array keyword before the
    type. This can be changed automatically using the auto-format flag to
    stanc
Warning in '/storage/users/adadras/ANN-EAM/models/stan/ANN-RDM/sigmoid.stan', line 98, column 4: Declaration
    of arrays by placing brackets after a variable name is deprecated and
    will be removed in Stan 2.32.0. Instead use the array keyword before the
    type. This can be changed automatically using the auto-format flag to
    stanc
Warning in '/storage/users/adadras/ANN-EAM/models/stan/ANN-RDM/sigmoid.stan', line 99, column 4: Declaration
    of arrays by placing brackets after a variable name is deprecated and
    will be removed in Stan 2.32.0. Instead use the array keyword before the
    type. This can be changed automatically using the auto-format flag to
    stanc
Warning in '/storage/users/adadras/ANN-EAM/models/stan/ANN-RDM/sigmoid.stan', line 100, column 4: Declaration
    of arrays by placing brackets after a variable name is deprecated and
    will be removed in Stan 2.32.0. Instead use the array keyword before the
    type. This can be changed automatically using the auto-format flag to
    stanc
Warning in '/storage/users/adadras/ANN-EAM/models/stan/ANN-RDM/sigmoid.stan', line 101, column 4: Declaration
    of arrays by placing brackets after a variable name is deprecated and
    will be removed in Stan 2.32.0. Instead use the array keyword before the
    type. This can be changed automatically using the auto-format flag to
    stanc
Warning in '/storage/users/adadras/ANN-EAM/models/stan/ANN-RDM/sigmoid.stan', line 112, column 4: Declaration
    of arrays by placing brackets after a variable name is deprecated and
    will be removed in Stan 2.32.0. Instead use the array keyword before the
    type. This can be changed automatically using the auto-format flag to
    stanc
Warning in '/storage/users/adadras/ANN-EAM/models/stan/ANN-RDM/sigmoid.stan', line 113, column 4: Declaration
    of arrays by placing brackets after a variable name is deprecated and
    will be removed in Stan 2.32.0. Instead use the array keyword before the
    type. This can be changed automatically using the auto-format flag to
    stanc
Warning in '/storage/users/adadras/ANN-EAM/models/stan/ANN-RDM/sigmoid.stan', line 114, column 4: Declaration
    of arrays by placing brackets after a variable name is deprecated and
    will be removed in Stan 2.32.0. Instead use the array keyword before the
    type. This can be changed automatically using the auto-format flag to
    stanc
Warning in '/storage/users/adadras/ANN-EAM/models/stan/ANN-RDM/sigmoid.stan', line 115, column 4: Declaration
    of arrays by placing brackets after a variable name is deprecated and
    will be removed in Stan 2.32.0. Instead use the array keyword before the
    type. This can be changed automatically using the auto-format flag to
    stanc
Warning in '/storage/users/adadras/ANN-EAM/models/stan/ANN-RDM/sigmoid.stan', line 116, column 4: Declaration
    of arrays by placing brackets after a variable name is deprecated and
    will be removed in Stan 2.32.0. Instead use the array keyword before the
    type. This can be changed automatically using the auto-format flag to
    stanc
Warning in '/storage/users/adadras/ANN-EAM/models/stan/ANN-RDM/sigmoid.stan', line 117, column 4: Declaration
    of arrays by placing brackets after a variable name is deprecated and
    will be removed in Stan 2.32.0. Instead use the array keyword before the
    type. This can be changed automatically using the auto-format flag to
    stanc
Warning in '/storage/users/adadras/ANN-EAM/models/stan/ANN-RDM/sigmoid.stan', line 31, column 30: Use
    of race_cdf without a vertical bar (|) between the first two arguments of
    a CDF is deprecated and will be removed in Stan 2.32.0. This can be
    automatically changed using the canonicalize flag for stanc
Warning in '/storage/users/adadras/ANN-EAM/models/stan/ANN-RDM/sigmoid.stan', line 35, column 30: Use
    of race_cdf without a vertical bar (|) between the first two arguments of
    a CDF is deprecated and will be removed in Stan 2.32.0. This can be
    automatically changed using the canonicalize flag for stanc

--- Compiling, linking C++ code ---
g++ -std=c++1y -pthread -D_REENTRANT -Wno-sign-compare -Wno-ignored-attributes      -I stan/lib/stan_math/lib/tbb_2020.3/include    -O3 -I src -I stan/src -I lib/rapidjson_1.1.0/ -I lib/CLI11-1.9.1/ -I stan/lib/stan_math/ -I stan/lib/stan_math/lib/eigen_3.3.9 -I stan/lib/stan_math/lib/boost_1.78.0 -I stan/lib/stan_math/lib/sundials_6.1.1/include -I stan/lib/stan_math/lib/sundials_6.1.1/src/sundials    -DBOOST_DISABLE_ASSERTS          -c -Wno-ignored-attributes   -x c++ -o /storage/users/adadras/ANN-EAM/models/stan/ANN-RDM/sigmoid.o /storage/users/adadras/ANN-EAM/models/stan/ANN-RDM/sigmoid.hpp
g++ -std=c++1y -pthread -D_REENTRANT -Wno-sign-compare -Wno-ignored-attributes      -I stan/lib/stan_math/lib/tbb_2020.3/include    -O3 -I src -I stan/src -I lib/rapidjson_1.1.0/ -I lib/CLI11-1.9.1/ -I stan/lib/stan_math/ -I stan/lib/stan_math/lib/eigen_3.3.9 -I stan/lib/stan_math/lib/boost_1.78.0 -I stan/lib/stan_math/lib/sundials_6.1.1/include -I stan/lib/stan_math/lib/sundials_6.1.1/src/sundials    -DBOOST_DISABLE_ASSERTS                -Wl,-L,"/storage/users/adadras/.cmdstan/cmdstan-2.30.1/stan/lib/stan_math/lib/tbb" -Wl,-rpath,"/storage/users/adadras/.cmdstan/cmdstan-2.30.1/stan/lib/stan_math/lib/tbb"      /storage/users/adadras/ANN-EAM/models/stan/ANN-RDM/sigmoid.o src/cmdstan/main.o        -Wl,-L,"/storage/users/adadras/.cmdstan/cmdstan-2.30.1/stan/lib/stan_math/lib/tbb" -Wl,-rpath,"/storage/users/adadras/.cmdstan/cmdstan-2.30.1/stan/lib/stan_math/lib/tbb"   stan/lib/stan_math/lib/sundials_6.1.1/lib/libsundials_nvecserial.a stan/lib/stan_math/lib/sundials_6.1.1/lib/libsundials_cvodes.a stan/lib/stan_math/lib/sundials_6.1.1/lib/libsundials_idas.a stan/lib/stan_math/lib/sundials_6.1.1/lib/libsundials_kinsol.a  stan/lib/stan_math/lib/tbb/libtbb.so.2 -o /storage/users/adadras/ANN-EAM/models/stan/ANN-RDM/sigmoid
rm -f /storage/users/adadras/ANN-EAM/models/stan/ANN-RDM/sigmoid.o

INFO:cmdstanpy:Chain [1] start processing
INFO:cmdstanpy:Chain [2] start processing
INFO:cmdstanpy:Chain [3] start processing
INFO:cmdstanpy:Chain [4] start processing
INFO:cmdstanpy:Chain [1] done processing
INFO:cmdstanpy:Chain [2] done processing
INFO:cmdstanpy:Chain [3] done processing
INFO:cmdstanpy:Chain [4] done processing
Model name: ANN-RDM_s_FT
Directory  Results/hierarchical/Plots/ANN-RDM_s_FT/  Created 
Directory  Results/hierarchical/stan_results/ANN-RDM_s_FT/  Created 
Model's configs:
{'model_name': 'ANN-RDM_s_FT', 'stan_file': 'ANN-RDM/sigmoid.stan', 'dataset_name': 'fastText_FC.csv', 'plots_folder_name': 'ANN-RDM_s_FT', 'transf_params': ['transf_mu_alpha', 'transf_mu_threshold_word', 'transf_mu_threshold_nonword', 'transf_mu_ndt', 'transf_mu_k_1', 'transf_mu_k_2']}
Chain [4] method = sample (Default)
Chain [2] method = sample (Default)
Chain [2] sample
Chain [2] num_samples = 4000
Chain [4] sample
Chain [4] num_samples = 4000
Chain [4] num_warmup = 4000
Chain [1] method = sample (Default)
Chain [2] num_warmup = 4000
Chain [2] save_warmup = 0 (Default)
Chain [2] thin = 1 (Default)
Chain [1] sample
Chain [4] save_warmup = 0 (Default)
Chain [4] thin = 1 (Default)
Chain [4] adapt
Chain [1] num_samples = 4000
Chain [2] adapt
Chain [4] engaged = 1 (Default)
Chain [4] gamma = 0.050000000000000003 (Default)
Chain [1] num_warmup = 4000
Chain [2] engaged = 1 (Default)
Chain [4] delta = 0.80000000000000004 (Default)
Chain [4] kappa = 0.75 (Default)
Chain [1] save_warmup = 0 (Default)
Chain [2] gamma = 0.050000000000000003 (Default)
Chain [4] t0 = 10 (Default)
Chain [4] init_buffer = 75 (Default)
Chain [1] thin = 1 (Default)
Chain [2] delta = 0.80000000000000004 (Default)
Chain [4] term_buffer = 50 (Default)
Chain [4] window = 25 (Default)
Chain [1] adapt
Chain [2] kappa = 0.75 (Default)
Chain [4] algorithm = hmc (Default)
Chain [4] hmc
Chain [1] engaged = 1 (Default)
Chain [2] t0 = 10 (Default)
Chain [4] engine = nuts (Default)
Chain [4] nuts
Chain [1] gamma = 0.050000000000000003 (Default)
Chain [2] init_buffer = 75 (Default)
Chain [4] max_depth = 10 (Default)
Chain [4] metric = diag_e (Default)
Chain [1] delta = 0.80000000000000004 (Default)
Chain [2] term_buffer = 50 (Default)
Chain [4] metric_file =  (Default)
Chain [4] stepsize = 1 (Default)
Chain [1] kappa = 0.75 (Default)
Chain [2] window = 25 (Default)
Chain [2] algorithm = hmc (Default)
Chain [2] hmc
Chain [1] t0 = 10 (Default)
Chain [4] stepsize_jitter = 0 (Default)
Chain [4] num_chains = 1 (Default)
Chain [4] id = 4
Chain [1] init_buffer = 75 (Default)
Chain [2] engine = nuts (Default)
Chain [4] data
Chain [4] file = /tmp/tmp57m4_goh/04dn2z1x.json
Chain [1] term_buffer = 50 (Default)
Chain [2] nuts
Chain [4] init = 2 (Default)
Chain [4] random
Chain [1] window = 25 (Default)
Chain [2] max_depth = 10 (Default)
Chain [4] seed = 6410
Chain [4] output
Chain [1] algorithm = hmc (Default)
Chain [2] metric = diag_e (Default)
Chain [2] metric_file =  (Default)
Chain [2] stepsize = 1 (Default)
Chain [1] hmc
Chain [4] file = /storage/users/adadras/ANN-EAM/Estimations/Results/hierarchical/stan_results/ANN-RDM_s_FT/ANN-RDM_s_FT-20230624161725_4.csv
Chain [4] diagnostic_file =  (Default)
Chain [4] refresh = 100 (Default)
Chain [1] engine = nuts (Default)
Chain [2] stepsize_jitter = 0 (Default)
Chain [4] sig_figs = -1 (Default)
Chain [4] profile_file = profile.csv (Default)
Chain [1] nuts
Chain [2] num_chains = 1 (Default)
Chain [2] id = 2
Chain [2] data
Chain [2] file = /tmp/tmp57m4_goh/04dn2z1x.json
Chain [2] init = 2 (Default)
Chain [4] num_threads = 1 (Default)
Chain [4] 
Chain [1] max_depth = 10 (Default)
Chain [2] random
Chain [1] metric = diag_e (Default)
Chain [2] seed = 6410
Chain [2] output
Chain [1] metric_file =  (Default)
Chain [2] file = /storage/users/adadras/ANN-EAM/Estimations/Results/hierarchical/stan_results/ANN-RDM_s_FT/ANN-RDM_s_FT-20230624161725_2.csv
Chain [2] diagnostic_file =  (Default)
Chain [1] stepsize = 1 (Default)
Chain [2] refresh = 100 (Default)
Chain [2] sig_figs = -1 (Default)
Chain [1] stepsize_jitter = 0 (Default)
Chain [2] profile_file = profile.csv (Default)
Chain [2] num_threads = 1 (Default)
Chain [1] num_chains = 1 (Default)
Chain [2] 
Chain [1] id = 1 (Default)
Chain [1] data
Chain [1] file = /tmp/tmp57m4_goh/04dn2z1x.json
Chain [1] init = 2 (Default)
Chain [1] random
Chain [1] seed = 6410
Chain [1] output
Chain [1] file = /storage/users/adadras/ANN-EAM/Estimations/Results/hierarchical/stan_results/ANN-RDM_s_FT/ANN-RDM_s_FT-20230624161725_1.csv
Chain [1] diagnostic_file =  (Default)
Chain [1] refresh = 100 (Default)
Chain [1] sig_figs = -1 (Default)
Chain [1] profile_file = profile.csv (Default)
Chain [1] num_threads = 1 (Default)
Chain [1] 
Chain [3] method = sample (Default)
Chain [3] sample
Chain [3] num_samples = 4000
Chain [3] num_warmup = 4000
Chain [3] save_warmup = 0 (Default)
Chain [3] thin = 1 (Default)
Chain [3] adapt
Chain [3] engaged = 1 (Default)
Chain [3] gamma = 0.050000000000000003 (Default)
Chain [3] delta = 0.80000000000000004 (Default)
Chain [3] kappa = 0.75 (Default)
Chain [3] t0 = 10 (Default)
Chain [3] init_buffer = 75 (Default)
Chain [3] term_buffer = 50 (Default)
Chain [3] window = 25 (Default)
Chain [3] algorithm = hmc (Default)
Chain [3] hmc
Chain [3] engine = nuts (Default)
Chain [3] nuts
Chain [3] max_depth = 10 (Default)
Chain [3] metric = diag_e (Default)
Chain [3] metric_file =  (Default)
Chain [3] stepsize = 1 (Default)
Chain [3] stepsize_jitter = 0 (Default)
Chain [3] num_chains = 1 (Default)
Chain [3] id = 3
Chain [3] data
Chain [3] file = /tmp/tmp57m4_goh/04dn2z1x.json
Chain [3] init = 2 (Default)
Chain [3] random
Chain [3] seed = 6410
Chain [3] output
Chain [3] file = /storage/users/adadras/ANN-EAM/Estimations/Results/hierarchical/stan_results/ANN-RDM_s_FT/ANN-RDM_s_FT-20230624161725_3.csv
Chain [3] diagnostic_file =  (Default)
Chain [3] refresh = 100 (Default)
Chain [3] sig_figs = -1 (Default)
Chain [3] profile_file = profile.csv (Default)
Chain [3] num_threads = 1 (Default)
Chain [3] 
Chain [2] 
Chain [2] Gradient evaluation took 0.093252 seconds
Chain [2] 1000 transitions using 10 leapfrog steps per transition would take 932.52 seconds.
Chain [2] Adjust your expectations accordingly!
Chain [2] 
Chain [2] 
Chain [2] Informational Message: The current Metropolis proposal is about to be rejected because of the following issue:
Chain [2] Exception: sigmoid_model_namespace::log_prob: drift_word_t[373] is -nan, but must be greater than or equal to 0.000000 (in '/storage/users/adadras/ANN-EAM/models/stan/ANN-RDM/sigmoid.stan', line 106, column 4 to column 36)
Chain [2] If this warning occurs sporadically, such as for highly constrained variable types like covariance matrices, then the sampler is fine,
Chain [2] but if this warning occurs often then your model may be either severely ill-conditioned or misspecified.
Chain [2] 
Chain [1] 
Chain [1] Gradient evaluation took 0.113851 seconds
Chain [1] 1000 transitions using 10 leapfrog steps per transition would take 1138.51 seconds.
Chain [1] Adjust your expectations accordingly!
Chain [1] 
Chain [1] 
Chain [4] 
Chain [4] Gradient evaluation took 0.116063 seconds
Chain [4] 1000 transitions using 10 leapfrog steps per transition would take 1160.63 seconds.
Chain [4] Adjust your expectations accordingly!
Chain [4] 
Chain [4] 
Chain [3] 
Chain [3] Gradient evaluation took 0.113831 seconds
Chain [3] 1000 transitions using 10 leapfrog steps per transition would take 1138.31 seconds.
Chain [3] Adjust your expectations accordingly!
Chain [3] 
Chain [3] 
Chain [2] Informational Message: The current Metropolis proposal is about to be rejected because of the following issue:
Chain [2] Exception: sigmoid_model_namespace::log_prob: drift_word_t[3] is -nan, but must be greater than or equal to 0.000000 (in '/storage/users/adadras/ANN-EAM/models/stan/ANN-RDM/sigmoid.stan', line 106, column 4 to column 36)
Chain [2] If this warning occurs sporadically, such as for highly constrained variable types like covariance matrices, then the sampler is fine,
Chain [2] but if this warning occurs often then your model may be either severely ill-conditioned or misspecified.
Chain [2] 
Chain [1] Informational Message: The current Metropolis proposal is about to be rejected because of the following issue:
Chain [1] Exception: sigmoid_model_namespace::log_prob: drift_nonword_t[1] is -nan, but must be greater than or equal to 0.000000 (in '/storage/users/adadras/ANN-EAM/models/stan/ANN-RDM/sigmoid.stan', line 107, column 4 to column 39)
Chain [1] If this warning occurs sporadically, such as for highly constrained variable types like covariance matrices, then the sampler is fine,
Chain [1] but if this warning occurs often then your model may be either severely ill-conditioned or misspecified.
Chain [1] 
Chain [3] Informational Message: The current Metropolis proposal is about to be rejected because of the following issue:
Chain [3] Exception: sigmoid_model_namespace::log_prob: drift_word_t[3] is -nan, but must be greater than or equal to 0.000000 (in '/storage/users/adadras/ANN-EAM/models/stan/ANN-RDM/sigmoid.stan', line 106, column 4 to column 36)
Chain [3] If this warning occurs sporadically, such as for highly constrained variable types like covariance matrices, then the sampler is fine,
Chain [3] but if this warning occurs often then your model may be either severely ill-conditioned or misspecified.
Chain [3] 
Chain [2] Informational Message: The current Metropolis proposal is about to be rejected because of the following issue:
Chain [2] Exception: sigmoid_model_namespace::log_prob: drift_word_t[3] is -nan, but must be greater than or equal to 0.000000 (in '/storage/users/adadras/ANN-EAM/models/stan/ANN-RDM/sigmoid.stan', line 106, column 4 to column 36)
Chain [2] If this warning occurs sporadically, such as for highly constrained variable types like covariance matrices, then the sampler is fine,
Chain [2] but if this warning occurs often then your model may be either severely ill-conditioned or misspecified.
Chain [2] 
Chain [1] Informational Message: The current Metropolis proposal is about to be rejected because of the following issue:
Chain [1] Exception: sigmoid_model_namespace::log_prob: drift_nonword_t[1] is -nan, but must be greater than or equal to 0.000000 (in '/storage/users/adadras/ANN-EAM/models/stan/ANN-RDM/sigmoid.stan', line 107, column 4 to column 39)
Chain [1] If this warning occurs sporadically, such as for highly constrained variable types like covariance matrices, then the sampler is fine,
Chain [1] but if this warning occurs often then your model may be either severely ill-conditioned or misspecified.
Chain [1] 
Chain [3] Informational Message: The current Metropolis proposal is about to be rejected because of the following issue:
Chain [3] Exception: sigmoid_model_namespace::log_prob: drift_word_t[3] is -nan, but must be greater than or equal to 0.000000 (in '/storage/users/adadras/ANN-EAM/models/stan/ANN-RDM/sigmoid.stan', line 106, column 4 to column 36)
Chain [3] If this warning occurs sporadically, such as for highly constrained variable types like covariance matrices, then the sampler is fine,
Chain [3] but if this warning occurs often then your model may be either severely ill-conditioned or misspecified.
Chain [3] 
Chain [1] Informational Message: The current Metropolis proposal is about to be rejected because of the following issue:
Chain [1] Exception: sigmoid_model_namespace::log_prob: drift_nonword_t[6576] is -nan, but must be greater than or equal to 0.000000 (in '/storage/users/adadras/ANN-EAM/models/stan/ANN-RDM/sigmoid.stan', line 107, column 4 to column 39)
Chain [1] If this warning occurs sporadically, such as for highly constrained variable types like covariance matrices, then the sampler is fine,
Chain [1] but if this warning occurs often then your model may be either severely ill-conditioned or misspecified.
Chain [1] 
Chain [1] Iteration:    1 / 8000 [  0%]  (Warmup)
Chain [2] Iteration:    1 / 8000 [  0%]  (Warmup)
Chain [4] Iteration:    1 / 8000 [  0%]  (Warmup)
Chain [3] Iteration:    1 / 8000 [  0%]  (Warmup)
Chain [2] Informational Message: The current Metropolis proposal is about to be rejected because of the following issue:
Chain [2] Exception: sigmoid_model_namespace::log_prob: drift_word_t[762] is -nan, but must be greater than or equal to 0.000000 (in '/storage/users/adadras/ANN-EAM/models/stan/ANN-RDM/sigmoid.stan', line 106, column 4 to column 36)
Chain [2] If this warning occurs sporadically, such as for highly constrained variable types like covariance matrices, then the sampler is fine,
Chain [2] but if this warning occurs often then your model may be either severely ill-conditioned or misspecified.
Chain [2] 
Chain [2] Informational Message: The current Metropolis proposal is about to be rejected because of the following issue:
Chain [2] Exception: sigmoid_model_namespace::log_prob: drift_word_t[373] is -nan, but must be greater than or equal to 0.000000 (in '/storage/users/adadras/ANN-EAM/models/stan/ANN-RDM/sigmoid.stan', line 106, column 4 to column 36)
Chain [2] If this warning occurs sporadically, such as for highly constrained variable types like covariance matrices, then the sampler is fine,
Chain [2] but if this warning occurs often then your model may be either severely ill-conditioned or misspecified.
Chain [2] 
Chain [4] Informational Message: The current Metropolis proposal is about to be rejected because of the following issue:
Chain [4] Exception: sigmoid_model_namespace::log_prob: drift_nonword_t[1] is -nan, but must be greater than or equal to 0.000000 (in '/storage/users/adadras/ANN-EAM/models/stan/ANN-RDM/sigmoid.stan', line 107, column 4 to column 39)
Chain [4] If this warning occurs sporadically, such as for highly constrained variable types like covariance matrices, then the sampler is fine,
Chain [4] but if this warning occurs often then your model may be either severely ill-conditioned or misspecified.
Chain [4] 
Chain [4] Informational Message: The current Metropolis proposal is about to be rejected because of the following issue:
Chain [4] Exception: sigmoid_model_namespace::log_prob: drift_nonword_t[1] is -nan, but must be greater than or equal to 0.000000 (in '/storage/users/adadras/ANN-EAM/models/stan/ANN-RDM/sigmoid.stan', line 107, column 4 to column 39)
Chain [4] If this warning occurs sporadically, such as for highly constrained variable types like covariance matrices, then the sampler is fine,
Chain [4] but if this warning occurs often then your model may be either severely ill-conditioned or misspecified.
Chain [4] 
Chain [3] Iteration:  100 / 8000 [  1%]  (Warmup)
Chain [1] Iteration:  100 / 8000 [  1%]  (Warmup)
Chain [2] Iteration:  100 / 8000 [  1%]  (Warmup)
Chain [4] Iteration:  100 / 8000 [  1%]  (Warmup)
Chain [1] Iteration:  200 / 8000 [  2%]  (Warmup)
Chain [3] Iteration:  200 / 8000 [  2%]  (Warmup)
Chain [2] Iteration:  200 / 8000 [  2%]  (Warmup)
Chain [4] Iteration:  200 / 8000 [  2%]  (Warmup)
Chain [1] Iteration:  300 / 8000 [  3%]  (Warmup)
Chain [3] Iteration:  300 / 8000 [  3%]  (Warmup)
Chain [4] Iteration:  300 / 8000 [  3%]  (Warmup)
Chain [2] Iteration:  300 / 8000 [  3%]  (Warmup)
Chain [1] Iteration:  400 / 8000 [  5%]  (Warmup)
Chain [3] Iteration:  400 / 8000 [  5%]  (Warmup)
Chain [4] Iteration:  400 / 8000 [  5%]  (Warmup)
Chain [2] Iteration:  400 / 8000 [  5%]  (Warmup)
Chain [1] Iteration:  500 / 8000 [  6%]  (Warmup)
Chain [3] Iteration:  500 / 8000 [  6%]  (Warmup)
Chain [4] Iteration:  500 / 8000 [  6%]  (Warmup)
Chain [2] Iteration:  500 / 8000 [  6%]  (Warmup)
Chain [1] Iteration:  600 / 8000 [  7%]  (Warmup)
Chain [3] Iteration:  600 / 8000 [  7%]  (Warmup)
Chain [4] Iteration:  600 / 8000 [  7%]  (Warmup)
Chain [2] Iteration:  600 / 8000 [  7%]  (Warmup)
Chain [3] Iteration:  700 / 8000 [  8%]  (Warmup)
Chain [1] Iteration:  700 / 8000 [  8%]  (Warmup)
Chain [4] Iteration:  700 / 8000 [  8%]  (Warmup)
Chain [2] Iteration:  700 / 8000 [  8%]  (Warmup)
Chain [3] Iteration:  800 / 8000 [ 10%]  (Warmup)
Chain [1] Iteration:  800 / 8000 [ 10%]  (Warmup)
Chain [4] Iteration:  800 / 8000 [ 10%]  (Warmup)
Chain [2] Iteration:  800 / 8000 [ 10%]  (Warmup)
Chain [3] Iteration:  900 / 8000 [ 11%]  (Warmup)
Chain [1] Iteration:  900 / 8000 [ 11%]  (Warmup)
Chain [4] Iteration:  900 / 8000 [ 11%]  (Warmup)
Chain [2] Iteration:  900 / 8000 [ 11%]  (Warmup)
Chain [3] Iteration: 1000 / 8000 [ 12%]  (Warmup)
Chain [1] Iteration: 1000 / 8000 [ 12%]  (Warmup)
Chain [4] Iteration: 1000 / 8000 [ 12%]  (Warmup)
Chain [2] Iteration: 1000 / 8000 [ 12%]  (Warmup)
Chain [3] Iteration: 1100 / 8000 [ 13%]  (Warmup)
Chain [1] Iteration: 1100 / 8000 [ 13%]  (Warmup)
Chain [4] Iteration: 1100 / 8000 [ 13%]  (Warmup)
Chain [2] Iteration: 1100 / 8000 [ 13%]  (Warmup)
Chain [1] Iteration: 1200 / 8000 [ 15%]  (Warmup)
Chain [3] Iteration: 1200 / 8000 [ 15%]  (Warmup)
Chain [4] Iteration: 1200 / 8000 [ 15%]  (Warmup)
Chain [2] Iteration: 1200 / 8000 [ 15%]  (Warmup)
Chain [3] Iteration: 1300 / 8000 [ 16%]  (Warmup)
Chain [1] Iteration: 1300 / 8000 [ 16%]  (Warmup)
Chain [4] Iteration: 1300 / 8000 [ 16%]  (Warmup)
Chain [2] Iteration: 1300 / 8000 [ 16%]  (Warmup)
Chain [1] Iteration: 1400 / 8000 [ 17%]  (Warmup)
Chain [3] Iteration: 1400 / 8000 [ 17%]  (Warmup)
Chain [4] Iteration: 1400 / 8000 [ 17%]  (Warmup)
Chain [1] Iteration: 1500 / 8000 [ 18%]  (Warmup)
Chain [2] Iteration: 1400 / 8000 [ 17%]  (Warmup)
Chain [3] Iteration: 1500 / 8000 [ 18%]  (Warmup)
Chain [4] Iteration: 1500 / 8000 [ 18%]  (Warmup)
Chain [2] Iteration: 1500 / 8000 [ 18%]  (Warmup)
Chain [1] Iteration: 1600 / 8000 [ 20%]  (Warmup)
Chain [4] Iteration: 1600 / 8000 [ 20%]  (Warmup)
Chain [3] Iteration: 1600 / 8000 [ 20%]  (Warmup)
Chain [2] Iteration: 1600 / 8000 [ 20%]  (Warmup)
Chain [1] Iteration: 1700 / 8000 [ 21%]  (Warmup)
Chain [4] Iteration: 1700 / 8000 [ 21%]  (Warmup)
Chain [3] Iteration: 1700 / 8000 [ 21%]  (Warmup)
Chain [2] Iteration: 1700 / 8000 [ 21%]  (Warmup)
Chain [1] Iteration: 1800 / 8000 [ 22%]  (Warmup)
Chain [4] Iteration: 1800 / 8000 [ 22%]  (Warmup)
Chain [3] Iteration: 1800 / 8000 [ 22%]  (Warmup)
Chain [2] Iteration: 1800 / 8000 [ 22%]  (Warmup)
Chain [4] Iteration: 1900 / 8000 [ 23%]  (Warmup)
Chain [1] Iteration: 1900 / 8000 [ 23%]  (Warmup)
Chain [3] Iteration: 1900 / 8000 [ 23%]  (Warmup)
Chain [2] Iteration: 1900 / 8000 [ 23%]  (Warmup)
Chain [4] Iteration: 2000 / 8000 [ 25%]  (Warmup)
Chain [1] Iteration: 2000 / 8000 [ 25%]  (Warmup)
Chain [3] Iteration: 2000 / 8000 [ 25%]  (Warmup)
Chain [2] Iteration: 2000 / 8000 [ 25%]  (Warmup)
Chain [4] Iteration: 2100 / 8000 [ 26%]  (Warmup)
Chain [1] Iteration: 2100 / 8000 [ 26%]  (Warmup)
Chain [2] Iteration: 2100 / 8000 [ 26%]  (Warmup)
Chain [3] Iteration: 2100 / 8000 [ 26%]  (Warmup)
Chain [4] Iteration: 2200 / 8000 [ 27%]  (Warmup)
Chain [1] Iteration: 2200 / 8000 [ 27%]  (Warmup)
Chain [2] Iteration: 2200 / 8000 [ 27%]  (Warmup)
Chain [3] Iteration: 2200 / 8000 [ 27%]  (Warmup)
Chain [4] Iteration: 2300 / 8000 [ 28%]  (Warmup)
Chain [1] Iteration: 2300 / 8000 [ 28%]  (Warmup)
Chain [2] Iteration: 2300 / 8000 [ 28%]  (Warmup)
Chain [4] Iteration: 2400 / 8000 [ 30%]  (Warmup)
Chain [3] Iteration: 2300 / 8000 [ 28%]  (Warmup)
Chain [1] Iteration: 2400 / 8000 [ 30%]  (Warmup)
Chain [4] Iteration: 2500 / 8000 [ 31%]  (Warmup)
Chain [2] Iteration: 2400 / 8000 [ 30%]  (Warmup)
Chain [3] Iteration: 2400 / 8000 [ 30%]  (Warmup)
Chain [1] Iteration: 2500 / 8000 [ 31%]  (Warmup)
Chain [2] Iteration: 2500 / 8000 [ 31%]  (Warmup)
Chain [4] Iteration: 2600 / 8000 [ 32%]  (Warmup)
Chain [3] Iteration: 2500 / 8000 [ 31%]  (Warmup)
Chain [1] Iteration: 2600 / 8000 [ 32%]  (Warmup)
Chain [2] Iteration: 2600 / 8000 [ 32%]  (Warmup)
Chain [4] Iteration: 2700 / 8000 [ 33%]  (Warmup)
Chain [1] Iteration: 2700 / 8000 [ 33%]  (Warmup)
Chain [3] Iteration: 2600 / 8000 [ 32%]  (Warmup)
Chain [2] Iteration: 2700 / 8000 [ 33%]  (Warmup)
Chain [1] Iteration: 2800 / 8000 [ 35%]  (Warmup)
Chain [4] Iteration: 2800 / 8000 [ 35%]  (Warmup)
Chain [3] Iteration: 2700 / 8000 [ 33%]  (Warmup)
Chain [2] Iteration: 2800 / 8000 [ 35%]  (Warmup)
Chain [4] Iteration: 2900 / 8000 [ 36%]  (Warmup)
Chain [1] Iteration: 2900 / 8000 [ 36%]  (Warmup)
Chain [3] Iteration: 2800 / 8000 [ 35%]  (Warmup)
Chain [2] Iteration: 2900 / 8000 [ 36%]  (Warmup)
Chain [1] Iteration: 3000 / 8000 [ 37%]  (Warmup)
Chain [4] Iteration: 3000 / 8000 [ 37%]  (Warmup)
Chain [2] Iteration: 3000 / 8000 [ 37%]  (Warmup)
Chain [3] Iteration: 2900 / 8000 [ 36%]  (Warmup)
Chain [1] Iteration: 3100 / 8000 [ 38%]  (Warmup)
Chain [4] Iteration: 3100 / 8000 [ 38%]  (Warmup)
Chain [2] Iteration: 3100 / 8000 [ 38%]  (Warmup)
Chain [3] Iteration: 3000 / 8000 [ 37%]  (Warmup)
Chain [1] Iteration: 3200 / 8000 [ 40%]  (Warmup)
Chain [4] Iteration: 3200 / 8000 [ 40%]  (Warmup)
Chain [3] Iteration: 3100 / 8000 [ 38%]  (Warmup)
Chain [2] Iteration: 3200 / 8000 [ 40%]  (Warmup)
Chain [1] Iteration: 3300 / 8000 [ 41%]  (Warmup)
Chain [4] Iteration: 3300 / 8000 [ 41%]  (Warmup)
Chain [3] Iteration: 3200 / 8000 [ 40%]  (Warmup)
Chain [2] Iteration: 3300 / 8000 [ 41%]  (Warmup)
Chain [1] Iteration: 3400 / 8000 [ 42%]  (Warmup)
Chain [4] Iteration: 3400 / 8000 [ 42%]  (Warmup)
Chain [2] Iteration: 3400 / 8000 [ 42%]  (Warmup)
Chain [3] Iteration: 3300 / 8000 [ 41%]  (Warmup)
Chain [1] Iteration: 3500 / 8000 [ 43%]  (Warmup)
Chain [2] Iteration: 3500 / 8000 [ 43%]  (Warmup)
Chain [4] Iteration: 3500 / 8000 [ 43%]  (Warmup)
Chain [3] Iteration: 3400 / 8000 [ 42%]  (Warmup)
Chain [1] Iteration: 3600 / 8000 [ 45%]  (Warmup)
Chain [4] Iteration: 3600 / 8000 [ 45%]  (Warmup)
Chain [2] Iteration: 3600 / 8000 [ 45%]  (Warmup)
Chain [3] Iteration: 3500 / 8000 [ 43%]  (Warmup)
Chain [1] Iteration: 3700 / 8000 [ 46%]  (Warmup)
Chain [4] Iteration: 3700 / 8000 [ 46%]  (Warmup)
Chain [2] Iteration: 3700 / 8000 [ 46%]  (Warmup)
Chain [3] Iteration: 3600 / 8000 [ 45%]  (Warmup)
Chain [1] Iteration: 3800 / 8000 [ 47%]  (Warmup)
Chain [4] Iteration: 3800 / 8000 [ 47%]  (Warmup)
Chain [2] Iteration: 3800 / 8000 [ 47%]  (Warmup)
Chain [4] Iteration: 3900 / 8000 [ 48%]  (Warmup)
Chain [1] Iteration: 3900 / 8000 [ 48%]  (Warmup)
Chain [3] Iteration: 3700 / 8000 [ 46%]  (Warmup)
Chain [2] Iteration: 3900 / 8000 [ 48%]  (Warmup)
Chain [3] Iteration: 3800 / 8000 [ 47%]  (Warmup)
Chain [4] Iteration: 4000 / 8000 [ 50%]  (Warmup)
Chain [4] Iteration: 4001 / 8000 [ 50%]  (Sampling)
Chain [1] Iteration: 4000 / 8000 [ 50%]  (Warmup)
Chain [1] Iteration: 4001 / 8000 [ 50%]  (Sampling)
Chain [3] Iteration: 3900 / 8000 [ 48%]  (Warmup)
Chain [2] Iteration: 4000 / 8000 [ 50%]  (Warmup)
Chain [2] Iteration: 4001 / 8000 [ 50%]  (Sampling)
Chain [1] Iteration: 4100 / 8000 [ 51%]  (Sampling)
Chain [3] Iteration: 4000 / 8000 [ 50%]  (Warmup)
Chain [3] Iteration: 4001 / 8000 [ 50%]  (Sampling)
Chain [2] Iteration: 4100 / 8000 [ 51%]  (Sampling)
Chain [1] Iteration: 4200 / 8000 [ 52%]  (Sampling)
Chain [4] Iteration: 4100 / 8000 [ 51%]  (Sampling)
Chain [1] Iteration: 4300 / 8000 [ 53%]  (Sampling)
Chain [2] Iteration: 4200 / 8000 [ 52%]  (Sampling)
Chain [3] Iteration: 4100 / 8000 [ 51%]  (Sampling)
Chain [1] Iteration: 4400 / 8000 [ 55%]  (Sampling)
Chain [2] Iteration: 4300 / 8000 [ 53%]  (Sampling)
Chain [1] Iteration: 4500 / 8000 [ 56%]  (Sampling)
Chain [4] Iteration: 4200 / 8000 [ 52%]  (Sampling)
Chain [3] Iteration: 4200 / 8000 [ 52%]  (Sampling)
Chain [1] Iteration: 4600 / 8000 [ 57%]  (Sampling)
Chain [2] Iteration: 4400 / 8000 [ 55%]  (Sampling)
Chain [1] Iteration: 4700 / 8000 [ 58%]  (Sampling)
Chain [2] Iteration: 4500 / 8000 [ 56%]  (Sampling)
Chain [4] Iteration: 4300 / 8000 [ 53%]  (Sampling)
Chain [1] Iteration: 4800 / 8000 [ 60%]  (Sampling)
Chain [3] Iteration: 4300 / 8000 [ 53%]  (Sampling)
Chain [1] Iteration: 4900 / 8000 [ 61%]  (Sampling)
Chain [2] Iteration: 4600 / 8000 [ 57%]  (Sampling)
Chain [1] Iteration: 5000 / 8000 [ 62%]  (Sampling)
Chain [3] Iteration: 4400 / 8000 [ 55%]  (Sampling)
Chain [4] Iteration: 4400 / 8000 [ 55%]  (Sampling)
Chain [2] Iteration: 4700 / 8000 [ 58%]  (Sampling)
Chain [1] Iteration: 5100 / 8000 [ 63%]  (Sampling)
Chain [1] Iteration: 5200 / 8000 [ 65%]  (Sampling)
Chain [2] Iteration: 4800 / 8000 [ 60%]  (Sampling)
Chain [3] Iteration: 4500 / 8000 [ 56%]  (Sampling)
Chain [4] Iteration: 4500 / 8000 [ 56%]  (Sampling)
Chain [1] Iteration: 5300 / 8000 [ 66%]  (Sampling)
Chain [1] Iteration: 5400 / 8000 [ 67%]  (Sampling)
Chain [2] Iteration: 4900 / 8000 [ 61%]  (Sampling)
Chain [3] Iteration: 4600 / 8000 [ 57%]  (Sampling)
Chain [1] Iteration: 5500 / 8000 [ 68%]  (Sampling)
Chain [4] Iteration: 4600 / 8000 [ 57%]  (Sampling)
Chain [2] Iteration: 5000 / 8000 [ 62%]  (Sampling)
Chain [1] Iteration: 5600 / 8000 [ 70%]  (Sampling)
Chain [3] Iteration: 4700 / 8000 [ 58%]  (Sampling)
Chain [1] Iteration: 5700 / 8000 [ 71%]  (Sampling)
Chain [2] Iteration: 5100 / 8000 [ 63%]  (Sampling)
Chain [4] Iteration: 4700 / 8000 [ 58%]  (Sampling)
Chain [1] Iteration: 5800 / 8000 [ 72%]  (Sampling)
Chain [2] Iteration: 5200 / 8000 [ 65%]  (Sampling)
Chain [3] Iteration: 4800 / 8000 [ 60%]  (Sampling)
Chain [1] Iteration: 5900 / 8000 [ 73%]  (Sampling)
Chain [2] Iteration: 5300 / 8000 [ 66%]  (Sampling)
Chain [1] Iteration: 6000 / 8000 [ 75%]  (Sampling)
Chain [4] Iteration: 4800 / 8000 [ 60%]  (Sampling)
Chain [1] Iteration: 6100 / 8000 [ 76%]  (Sampling)
Chain [2] Iteration: 5400 / 8000 [ 67%]  (Sampling)
Chain [3] Iteration: 4900 / 8000 [ 61%]  (Sampling)
Chain [1] Iteration: 6200 / 8000 [ 77%]  (Sampling)
Chain [4] Iteration: 4900 / 8000 [ 61%]  (Sampling)
Chain [2] Iteration: 5500 / 8000 [ 68%]  (Sampling)
Chain [1] Iteration: 6300 / 8000 [ 78%]  (Sampling)
Chain [3] Iteration: 5000 / 8000 [ 62%]  (Sampling)
Chain [2] Iteration: 5600 / 8000 [ 70%]  (Sampling)
Chain [1] Iteration: 6400 / 8000 [ 80%]  (Sampling)
Chain [1] Iteration: 6500 / 8000 [ 81%]  (Sampling)
Chain [4] Iteration: 5000 / 8000 [ 62%]  (Sampling)
Chain [2] Iteration: 5700 / 8000 [ 71%]  (Sampling)
Chain [3] Iteration: 5100 / 8000 [ 63%]  (Sampling)
Chain [1] Iteration: 6600 / 8000 [ 82%]  (Sampling)
Chain [2] Iteration: 5800 / 8000 [ 72%]  (Sampling)
Chain [1] Iteration: 6700 / 8000 [ 83%]  (Sampling)
Chain [4] Iteration: 5100 / 8000 [ 63%]  (Sampling)
Chain [3] Iteration: 5200 / 8000 [ 65%]  (Sampling)
Chain [1] Iteration: 6800 / 8000 [ 85%]  (Sampling)
Chain [2] Iteration: 5900 / 8000 [ 73%]  (Sampling)
Chain [1] Iteration: 6900 / 8000 [ 86%]  (Sampling)
Chain [4] Iteration: 5200 / 8000 [ 65%]  (Sampling)
Chain [1] Iteration: 7000 / 8000 [ 87%]  (Sampling)
Chain [3] Iteration: 5300 / 8000 [ 66%]  (Sampling)
Chain [2] Iteration: 6000 / 8000 [ 75%]  (Sampling)
Chain [1] Iteration: 7100 / 8000 [ 88%]  (Sampling)
Chain [2] Iteration: 6100 / 8000 [ 76%]  (Sampling)
Chain [1] Iteration: 7200 / 8000 [ 90%]  (Sampling)
Chain [4] Iteration: 5300 / 8000 [ 66%]  (Sampling)
Chain [3] Iteration: 5400 / 8000 [ 67%]  (Sampling)
Chain [1] Iteration: 7300 / 8000 [ 91%]  (Sampling)
Chain [2] Iteration: 6200 / 8000 [ 77%]  (Sampling)
Chain [1] Iteration: 7400 / 8000 [ 92%]  (Sampling)
Chain [2] Iteration: 6300 / 8000 [ 78%]  (Sampling)
Chain [4] Iteration: 5400 / 8000 [ 67%]  (Sampling)
Chain [1] Iteration: 7500 / 8000 [ 93%]  (Sampling)
Chain [3] Iteration: 5500 / 8000 [ 68%]  (Sampling)
Chain [1] Iteration: 7600 / 8000 [ 95%]  (Sampling)
Chain [2] Iteration: 6400 / 8000 [ 80%]  (Sampling)
Chain [1] Iteration: 7700 / 8000 [ 96%]  (Sampling)
Chain [4] Iteration: 5500 / 8000 [ 68%]  (Sampling)
Chain [3] Iteration: 5600 / 8000 [ 70%]  (Sampling)
Chain [1] Iteration: 7800 / 8000 [ 97%]  (Sampling)
Chain [2] Iteration: 6500 / 8000 [ 81%]  (Sampling)
Chain [1] Iteration: 7900 / 8000 [ 98%]  (Sampling)
Chain [3] Iteration: 5700 / 8000 [ 71%]  (Sampling)
Chain [4] Iteration: 5600 / 8000 [ 70%]  (Sampling)
Chain [2] Iteration: 6600 / 8000 [ 82%]  (Sampling)
Chain [1] Iteration: 8000 / 8000 [100%]  (Sampling)
Chain [1] 
Chain [1] Elapsed Time: 45413.8 seconds (Warm-up)
Chain [1] 53947.2 seconds (Sampling)
Chain [1] 99361 seconds (Total)
Chain [1] 
Chain [1] 
Chain [2] Iteration: 6700 / 8000 [ 83%]  (Sampling)
Chain [4] Iteration: 5700 / 8000 [ 71%]  (Sampling)
Chain [3] Iteration: 5800 / 8000 [ 72%]  (Sampling)
Chain [2] Iteration: 6800 / 8000 [ 85%]  (Sampling)
Chain [2] Iteration: 6900 / 8000 [ 86%]  (Sampling)
Chain [3] Iteration: 5900 / 8000 [ 73%]  (Sampling)
Chain [4] Iteration: 5800 / 8000 [ 72%]  (Sampling)
Chain [2] Iteration: 7000 / 8000 [ 87%]  (Sampling)
Chain [3] Iteration: 6000 / 8000 [ 75%]  (Sampling)
Chain [2] Iteration: 7100 / 8000 [ 88%]  (Sampling)
Chain [4] Iteration: 5900 / 8000 [ 73%]  (Sampling)
Chain [2] Iteration: 7200 / 8000 [ 90%]  (Sampling)
Chain [3] Iteration: 6100 / 8000 [ 76%]  (Sampling)
Chain [2] Iteration: 7300 / 8000 [ 91%]  (Sampling)
Chain [4] Iteration: 6000 / 8000 [ 75%]  (Sampling)
Chain [2] Iteration: 7400 / 8000 [ 92%]  (Sampling)
Chain [3] Iteration: 6200 / 8000 [ 77%]  (Sampling)
Chain [4] Iteration: 6100 / 8000 [ 76%]  (Sampling)
Chain [2] Iteration: 7500 / 8000 [ 93%]  (Sampling)
Chain [3] Iteration: 6300 / 8000 [ 78%]  (Sampling)
Chain [2] Iteration: 7600 / 8000 [ 95%]  (Sampling)
Chain [4] Iteration: 6200 / 8000 [ 77%]  (Sampling)
Chain [2] Iteration: 7700 / 8000 [ 96%]  (Sampling)
Chain [3] Iteration: 6400 / 8000 [ 80%]  (Sampling)
Chain [4] Iteration: 6300 / 8000 [ 78%]  (Sampling)
Chain [2] Iteration: 7800 / 8000 [ 97%]  (Sampling)
Chain [3] Iteration: 6500 / 8000 [ 81%]  (Sampling)
Chain [2] Iteration: 7900 / 8000 [ 98%]  (Sampling)
Chain [4] Iteration: 6400 / 8000 [ 80%]  (Sampling)
Chain [3] Iteration: 6600 / 8000 [ 82%]  (Sampling)
Chain [2] Iteration: 8000 / 8000 [100%]  (Sampling)
Chain [2] 
Chain [2] Elapsed Time: 45743.3 seconds (Warm-up)
Chain [2] 81361.5 seconds (Sampling)
Chain [2] 127105 seconds (Total)
Chain [2] 
Chain [2] 
Chain [4] Iteration: 6500 / 8000 [ 81%]  (Sampling)
Chain [3] Iteration: 6700 / 8000 [ 83%]  (Sampling)
Chain [4] Iteration: 6600 / 8000 [ 82%]  (Sampling)
Chain [3] Iteration: 6800 / 8000 [ 85%]  (Sampling)
Chain [4] Iteration: 6700 / 8000 [ 83%]  (Sampling)
Chain [3] Iteration: 6900 / 8000 [ 86%]  (Sampling)
Chain [3] Iteration: 7000 / 8000 [ 87%]  (Sampling)
Chain [4] Iteration: 6800 / 8000 [ 85%]  (Sampling)
Chain [3] Iteration: 7100 / 8000 [ 88%]  (Sampling)
Chain [4] Iteration: 6900 / 8000 [ 86%]  (Sampling)
Chain [3] Iteration: 7200 / 8000 [ 90%]  (Sampling)
Chain [4] Iteration: 7000 / 8000 [ 87%]  (Sampling)
Chain [3] Iteration: 7300 / 8000 [ 91%]  (Sampling)
Chain [4] Iteration: 7100 / 8000 [ 88%]  (Sampling)
Chain [3] Iteration: 7400 / 8000 [ 92%]  (Sampling)
Chain [4] Iteration: 7200 / 8000 [ 90%]  (Sampling)
Chain [3] Iteration: 7500 / 8000 [ 93%]  (Sampling)
Chain [4] Iteration: 7300 / 8000 [ 91%]  (Sampling)
Chain [3] Iteration: 7600 / 8000 [ 95%]  (Sampling)
Chain [4] Iteration: 7400 / 8000 [ 92%]  (Sampling)
Chain [3] Iteration: 7700 / 8000 [ 96%]  (Sampling)
Chain [4] Iteration: 7500 / 8000 [ 93%]  (Sampling)
Chain [3] Iteration: 7800 / 8000 [ 97%]  (Sampling)
Chain [4] Iteration: 7600 / 8000 [ 95%]  (Sampling)
Chain [3] Iteration: 7900 / 8000 [ 98%]  (Sampling)
Chain [4] Iteration: 7700 / 8000 [ 96%]  (Sampling)
Chain [3] Iteration: 8000 / 8000 [100%]  (Sampling)
Chain [3] 
Chain [3] Elapsed Time: 46919.5 seconds (Warm-up)
Chain [3] 122982 seconds (Sampling)
Chain [3] 169901 seconds (Total)
Chain [3] 
Chain [3] 
Chain [4] Iteration: 7800 / 8000 [ 97%]  (Sampling)
Chain [4] Iteration: 7900 / 8000 [ 98%]  (Sampling)
Chain [4] Iteration: 8000 / 8000 [100%]  (Sampling)
Chain [4] 
Chain [4] Elapsed Time: 45334.7 seconds (Warm-up)
Chain [4] 132459 seconds (Sampling)
Chain [4] 177794 seconds (Total)
Chain [4] 
Chain [4] 
***hmc diagnostics:
Processing csv files: /storage/users/adadras/ANN-EAM/Estimations/Results/hierarchical/stan_results/ANN-RDM_s_FT/ANN-RDM_s_FT-20230624161725_1.csv, /storage/users/adadras/ANN-EAM/Estimations/Results/hierarchical/stan_results/ANN-RDM_s_FT/ANN-RDM_s_FT-20230624161725_2.csv, /storage/users/adadras/ANN-EAM/Estimations/Results/hierarchical/stan_results/ANN-RDM_s_FT/ANN-RDM_s_FT-20230624161725_3.csv, /storage/users/adadras/ANN-EAM/Estimations/Results/hierarchical/stan_results/ANN-RDM_s_FT/ANN-RDM_s_FT-20230624161725_4.csv

Checking sampler transitions treedepth.
2496 of 16000 (15.60%) transitions hit the maximum treedepth limit of 10, or 2^10 leapfrog steps.
Trajectories that are prematurely terminated due to this limit will result in slow exploration.
For optimal performance, increase this limit.

Checking sampler transitions for divergences.
No divergent transitions found.

Checking E-BFMI - sampler transitions HMC potential energy.
E-BFMI satisfactory.

Effective sample size satisfactory.

Split R-hat values satisfactory all parameters.

Processing complete.

***DF: 
                         Mean     MCSE  StdDev  ...    N_Eff  N_Eff/s  R_hat
name                                            ...                         
lp__                 -7800.00  0.46000  25.000  ...   3100.0   0.0078    1.0
mu_ndt                  -0.54  0.00130   0.099  ...   5700.0   0.0150    1.0
mu_threshold_word        1.40  0.00060   0.039  ...   4200.0   0.0110    1.0
mu_threshold_nonword     1.60  0.00041   0.040  ...   9300.0   0.0240    1.0
mu_alpha                 2.30  0.00099   0.120  ...  14000.0   0.0350    1.0
...                       ...      ...     ...  ...      ...      ...    ...
log_lik[36782]          -3.50  0.00160   0.210  ...  17785.0   0.0460    1.0
log_lik[36783]          -3.50  0.00160   0.210  ...  17811.0   0.0460    1.0
log_lik[36784]          -3.40  0.00140   0.180  ...  17679.0   0.0450    1.0
log_lik[36785]          -4.30  0.00220   0.300  ...  17994.0   0.0460    1.0
log_lik[36786]          -4.40  0.00230   0.310  ...  18008.0   0.0460    1.0

[221935 rows x 9 columns]
***Rhat > 1.01: 
0
Empty DataFrame
Columns: [Mean, MCSE, StdDev, 5%, 50%, 95%, N_Eff, N_Eff/s, R_hat]
Index: []
       Mean  MCSE  StdDev   5%  50%  95%  N_Eff  N_Eff/s  R_hat
count   0.0   0.0     0.0  0.0  0.0  0.0    0.0      0.0    0.0
mean    NaN   NaN     NaN  NaN  NaN  NaN    NaN      NaN    NaN
std     NaN   NaN     NaN  NaN  NaN  NaN    NaN      NaN    NaN
min     NaN   NaN     NaN  NaN  NaN  NaN    NaN      NaN    NaN
25%     NaN   NaN     NaN  NaN  NaN  NaN    NaN      NaN    NaN
50%     NaN   NaN     NaN  NaN  NaN  NaN    NaN      NaN    NaN
75%     NaN   NaN     NaN  NaN  NaN  NaN    NaN      NaN    NaN
max     NaN   NaN     NaN  NaN  NaN  NaN    NaN      NaN    NaN
HF words, word drift mean and std:
3.117556753308506 0.02450378661570576
HF words, nonword drift mean and std:
0.9721069379746518 0.024209510721804023
LF words word drift mean and std:
3.104214788900048 0.024272952878144988
LF words nonword drift mean and std:
1.0015434173853845 0.02415978731562109
NW words word drift mean and std:
1.0271300165512838 0.02460235796706995
NW words nonword drift mean and std:
2.9642091515183226 0.022222892811175447
HF words, word threshold mean and std:
1.6325559417975473 0.01892974948648061
HF words, nonword threshold mean and std:
1.8165732992455974 0.01858681352345522
LF words word threshold mean and std:
1.630359236662044 0.018680006648361523
LF words nonword threshold mean and std:
1.8154748496274289 0.018460797345391414
NW words word threshold mean and std:
1.634332906887105 0.018751669397053413
NW words nonword threshold mean and std:
1.8133760988401213 0.01845544761774186
HF words ndt_t mean and std:
0.22998527075089623 0.0032908419463613717
LF words ndt_t mean and std:
0.22905215538221502 0.0032169349914912913
Non Words ndt_t mean and std:
0.22917788684133297 0.003256148629261809
Estimation Fit metrics:
{'lppd': -7236.083817761238, 'p_waic': 667.5827858629964, 'waic': 15807.333207248468, 'waic_se': 479.7939899089473}
INFO:cmdstanpy:deleting tmpfiles dir: /tmp/tmp57m4_goh
INFO:cmdstanpy:done
