nohup: ignoring input
INFO:cmdstanpy:found newer exe file, not recompiling
INFO:cmdstanpy:Chain [1] start processing
INFO:cmdstanpy:Chain [2] start processing
INFO:cmdstanpy:Chain [3] start processing
INFO:cmdstanpy:Chain [4] start processing
INFO:cmdstanpy:Chain [3] done processing
INFO:cmdstanpy:Chain [2] done processing
INFO:cmdstanpy:Chain [1] done processing
INFO:cmdstanpy:Chain [4] done processing
Model name: ANN-RDM_full_s_FC
Directory  ./Plots/ANN-RDM_full_FC/  Created 
Directory  ./stan_results/ANN-RDM_full_FC/  Created 
Model's configs:
{'model_name': 'ANN-RDM_full_FC', 'stan_file': 'ANN-RDM/sigmoid_am_ndm.stan', 'dataset_name': 'fastText_FC.csv', 'plots_folder_name': 'ANN-RDM_full_FC', 'transf_params': ['transf_mu_alpha', 'transf_mu_b', 'transf_mu_threshold_word', 'transf_mu_threshold_nonword', 'transf_mu_g', 'transf_mu_m', 'transf_mu_k_1', 'transf_mu_k_2']}
   accuracy     rt    string  ...  category  word_prob  non_word_prob
0         1  0.651     curbs  ...        LF   0.999998   1.546347e-06
1         1  0.698     germs  ...        HF   0.999999   7.800695e-07
2         1  0.765      mark  ...        HF   1.000000   3.632955e-08
3         1  0.642  draftees  ...        LF   0.999610   3.904704e-04
4         1  0.674     lotto  ...        HF   0.999634   3.661419e-04

[5 rows x 11 columns]
Chain [1] method = sample (Default)
Chain [1] sample
Chain [1] num_samples = 4500
Chain [1] num_warmup = 4500
Chain [2] method = sample (Default)
Chain [1] save_warmup = 0 (Default)
Chain [2] sample
Chain [1] thin = 1 (Default)
Chain [2] num_samples = 4500
Chain [1] adapt
Chain [2] num_warmup = 4500
Chain [1] engaged = 1 (Default)
Chain [2] save_warmup = 0 (Default)
Chain [1] gamma = 0.050000000000000003 (Default)
Chain [1] delta = 0.80000000000000004 (Default)
Chain [2] thin = 1 (Default)
Chain [1] kappa = 0.75 (Default)
Chain [2] adapt
Chain [1] t0 = 10 (Default)
Chain [2] engaged = 1 (Default)
Chain [1] init_buffer = 75 (Default)
Chain [2] gamma = 0.050000000000000003 (Default)
Chain [1] term_buffer = 50 (Default)
Chain [2] delta = 0.80000000000000004 (Default)
Chain [1] window = 25 (Default)
Chain [2] kappa = 0.75 (Default)
Chain [2] t0 = 10 (Default)
Chain [1] algorithm = hmc (Default)
Chain [2] init_buffer = 75 (Default)
Chain [2] term_buffer = 50 (Default)
Chain [1] hmc
Chain [1] engine = nuts (Default)
Chain [2] window = 25 (Default)
Chain [1] nuts
Chain [2] algorithm = hmc (Default)
Chain [1] max_depth = 10 (Default)
Chain [2] hmc
Chain [2] engine = nuts (Default)
Chain [1] metric = diag_e (Default)
Chain [2] nuts
Chain [1] metric_file =  (Default)
Chain [2] max_depth = 10 (Default)
Chain [2] metric = diag_e (Default)
Chain [1] stepsize = 1 (Default)
Chain [2] metric_file =  (Default)
Chain [1] stepsize_jitter = 0 (Default)
Chain [2] stepsize = 1 (Default)
Chain [2] stepsize_jitter = 0 (Default)
Chain [1] num_chains = 1 (Default)
Chain [1] id = 1 (Default)
Chain [2] num_chains = 1 (Default)
Chain [1] data
Chain [2] id = 2
Chain [2] data
Chain [1] file = /tmp/tmpdlc5coom/rnp2xxy5.json
Chain [2] file = /tmp/tmpdlc5coom/rnp2xxy5.json
Chain [2] init = 2 (Default)
Chain [1] init = 2 (Default)
Chain [2] random
Chain [1] random
Chain [1] seed = 61380
Chain [2] seed = 61380
Chain [2] output
Chain [1] output
Chain [2] file = /storage/users/adadras/ANN-EAM/stan_results/ANN-RDM_full_FC/ANN-RDM_full_FC-20230112073515_2.csv
Chain [1] file = /storage/users/adadras/ANN-EAM/stan_results/ANN-RDM_full_FC/ANN-RDM_full_FC-20230112073515_1.csv
Chain [2] diagnostic_file =  (Default)
Chain [1] diagnostic_file =  (Default)
Chain [2] refresh = 100 (Default)
Chain [1] refresh = 100 (Default)
Chain [1] sig_figs = -1 (Default)
Chain [2] sig_figs = -1 (Default)
Chain [2] profile_file = profile.csv (Default)
Chain [1] profile_file = profile.csv (Default)
Chain [2] num_threads = 1 (Default)
Chain [1] num_threads = 1 (Default)
Chain [2] 
Chain [1] 
Chain [3] method = sample (Default)
Chain [3] sample
Chain [3] num_samples = 4500
Chain [3] num_warmup = 4500
Chain [3] save_warmup = 0 (Default)
Chain [3] thin = 1 (Default)
Chain [3] adapt
Chain [3] engaged = 1 (Default)
Chain [3] gamma = 0.050000000000000003 (Default)
Chain [3] delta = 0.80000000000000004 (Default)
Chain [3] kappa = 0.75 (Default)
Chain [3] t0 = 10 (Default)
Chain [3] init_buffer = 75 (Default)
Chain [3] term_buffer = 50 (Default)
Chain [3] window = 25 (Default)
Chain [3] algorithm = hmc (Default)
Chain [3] hmc
Chain [3] engine = nuts (Default)
Chain [3] nuts
Chain [3] max_depth = 10 (Default)
Chain [3] metric = diag_e (Default)
Chain [3] metric_file =  (Default)
Chain [3] stepsize = 1 (Default)
Chain [3] stepsize_jitter = 0 (Default)
Chain [3] num_chains = 1 (Default)
Chain [3] id = 3
Chain [3] data
Chain [3] file = /tmp/tmpdlc5coom/rnp2xxy5.json
Chain [3] init = 2 (Default)
Chain [3] random
Chain [3] seed = 61380
Chain [3] output
Chain [3] file = /storage/users/adadras/ANN-EAM/stan_results/ANN-RDM_full_FC/ANN-RDM_full_FC-20230112073515_3.csv
Chain [3] diagnostic_file =  (Default)
Chain [3] refresh = 100 (Default)
Chain [3] sig_figs = -1 (Default)
Chain [3] profile_file = profile.csv (Default)
Chain [3] num_threads = 1 (Default)
Chain [3] 
Chain [4] method = sample (Default)
Chain [4] sample
Chain [4] num_samples = 4500
Chain [4] num_warmup = 4500
Chain [4] save_warmup = 0 (Default)
Chain [4] thin = 1 (Default)
Chain [4] adapt
Chain [4] engaged = 1 (Default)
Chain [4] gamma = 0.050000000000000003 (Default)
Chain [4] delta = 0.80000000000000004 (Default)
Chain [4] kappa = 0.75 (Default)
Chain [4] t0 = 10 (Default)
Chain [4] init_buffer = 75 (Default)
Chain [4] term_buffer = 50 (Default)
Chain [4] window = 25 (Default)
Chain [4] algorithm = hmc (Default)
Chain [4] hmc
Chain [4] engine = nuts (Default)
Chain [4] nuts
Chain [4] max_depth = 10 (Default)
Chain [4] metric = diag_e (Default)
Chain [4] metric_file =  (Default)
Chain [4] stepsize = 1 (Default)
Chain [4] stepsize_jitter = 0 (Default)
Chain [4] num_chains = 1 (Default)
Chain [4] id = 4
Chain [4] data
Chain [4] file = /tmp/tmpdlc5coom/rnp2xxy5.json
Chain [4] init = 2 (Default)
Chain [4] random
Chain [4] seed = 61380
Chain [4] output
Chain [4] file = /storage/users/adadras/ANN-EAM/stan_results/ANN-RDM_full_FC/ANN-RDM_full_FC-20230112073515_4.csv
Chain [4] diagnostic_file =  (Default)
Chain [4] refresh = 100 (Default)
Chain [4] sig_figs = -1 (Default)
Chain [4] profile_file = profile.csv (Default)
Chain [4] num_threads = 1 (Default)
Chain [4] 
Chain [4] 
Chain [4] Gradient evaluation took 0.059187 seconds
Chain [4] 1000 transitions using 10 leapfrog steps per transition would take 591.87 seconds.
Chain [4] Adjust your expectations accordingly!
Chain [4] 
Chain [4] 
Chain [1] 
Chain [1] Gradient evaluation took 0.081331 seconds
Chain [1] 1000 transitions using 10 leapfrog steps per transition would take 813.31 seconds.
Chain [1] Adjust your expectations accordingly!
Chain [1] 
Chain [1] 
Chain [3] 
Chain [3] Gradient evaluation took 0.069722 seconds
Chain [3] 1000 transitions using 10 leapfrog steps per transition would take 697.22 seconds.
Chain [3] Adjust your expectations accordingly!
Chain [3] 
Chain [3] 
Chain [2] 
Chain [2] Gradient evaluation took 0.092267 seconds
Chain [2] 1000 transitions using 10 leapfrog steps per transition would take 922.67 seconds.
Chain [2] Adjust your expectations accordingly!
Chain [2] 
Chain [2] 
Chain [4] Informational Message: The current Metropolis proposal is about to be rejected because of the following issue:
Chain [4] Exception: tmp_p3yb_6q_model_namespace::log_prob: drift_word_t[363] is -nan, but must be greater than or equal to 0.000000 (in '/tmp/tmps7vwkdz7/tmp_p3yb_6q.stan', line 115, column 4 to column 36)
Chain [4] If this warning occurs sporadically, such as for highly constrained variable types like covariance matrices, then the sampler is fine,
Chain [4] but if this warning occurs often then your model may be either severely ill-conditioned or misspecified.
Chain [4] 
Chain [1] Informational Message: The current Metropolis proposal is about to be rejected because of the following issue:
Chain [1] Exception: tmp_p3yb_6q_model_namespace::log_prob: drift_nonword_t[734] is -nan, but must be greater than or equal to 0.000000 (in '/tmp/tmps7vwkdz7/tmp_p3yb_6q.stan', line 116, column 4 to column 39)
Chain [1] If this warning occurs sporadically, such as for highly constrained variable types like covariance matrices, then the sampler is fine,
Chain [1] but if this warning occurs often then your model may be either severely ill-conditioned or misspecified.
Chain [1] 
Chain [4] Informational Message: The current Metropolis proposal is about to be rejected because of the following issue:
Chain [4] Exception: tmp_p3yb_6q_model_namespace::log_prob: drift_word_t[12] is -nan, but must be greater than or equal to 0.000000 (in '/tmp/tmps7vwkdz7/tmp_p3yb_6q.stan', line 115, column 4 to column 36)
Chain [4] If this warning occurs sporadically, such as for highly constrained variable types like covariance matrices, then the sampler is fine,
Chain [4] but if this warning occurs often then your model may be either severely ill-conditioned or misspecified.
Chain [4] 
Chain [2] Informational Message: The current Metropolis proposal is about to be rejected because of the following issue:
Chain [2] Exception: tmp_p3yb_6q_model_namespace::log_prob: drift_word_t[363] is -nan, but must be greater than or equal to 0.000000 (in '/tmp/tmps7vwkdz7/tmp_p3yb_6q.stan', line 115, column 4 to column 36)
Chain [2] If this warning occurs sporadically, such as for highly constrained variable types like covariance matrices, then the sampler is fine,
Chain [2] but if this warning occurs often then your model may be either severely ill-conditioned or misspecified.
Chain [2] 
Chain [1] Informational Message: The current Metropolis proposal is about to be rejected because of the following issue:
Chain [1] Exception: tmp_p3yb_6q_model_namespace::log_prob: drift_nonword_t[734] is -nan, but must be greater than or equal to 0.000000 (in '/tmp/tmps7vwkdz7/tmp_p3yb_6q.stan', line 116, column 4 to column 39)
Chain [1] If this warning occurs sporadically, such as for highly constrained variable types like covariance matrices, then the sampler is fine,
Chain [1] but if this warning occurs often then your model may be either severely ill-conditioned or misspecified.
Chain [1] 
Chain [4] Informational Message: The current Metropolis proposal is about to be rejected because of the following issue:
Chain [4] Exception: tmp_p3yb_6q_model_namespace::log_prob: drift_word_t[363] is -nan, but must be greater than or equal to 0.000000 (in '/tmp/tmps7vwkdz7/tmp_p3yb_6q.stan', line 115, column 4 to column 36)
Chain [4] If this warning occurs sporadically, such as for highly constrained variable types like covariance matrices, then the sampler is fine,
Chain [4] but if this warning occurs often then your model may be either severely ill-conditioned or misspecified.
Chain [4] 
Chain [2] Informational Message: The current Metropolis proposal is about to be rejected because of the following issue:
Chain [2] Exception: tmp_p3yb_6q_model_namespace::log_prob: drift_word_t[363] is -nan, but must be greater than or equal to 0.000000 (in '/tmp/tmps7vwkdz7/tmp_p3yb_6q.stan', line 115, column 4 to column 36)
Chain [2] If this warning occurs sporadically, such as for highly constrained variable types like covariance matrices, then the sampler is fine,
Chain [2] but if this warning occurs often then your model may be either severely ill-conditioned or misspecified.
Chain [2] 
Chain [2] Informational Message: The current Metropolis proposal is about to be rejected because of the following issue:
Chain [2] Exception: tmp_p3yb_6q_model_namespace::log_prob: drift_word_t[363] is -nan, but must be greater than or equal to 0.000000 (in '/tmp/tmps7vwkdz7/tmp_p3yb_6q.stan', line 115, column 4 to column 36)
Chain [2] If this warning occurs sporadically, such as for highly constrained variable types like covariance matrices, then the sampler is fine,
Chain [2] but if this warning occurs often then your model may be either severely ill-conditioned or misspecified.
Chain [2] 
Chain [2] Informational Message: The current Metropolis proposal is about to be rejected because of the following issue:
Chain [2] Exception: tmp_p3yb_6q_model_namespace::log_prob: drift_word_t[363] is -nan, but must be greater than or equal to 0.000000 (in '/tmp/tmps7vwkdz7/tmp_p3yb_6q.stan', line 115, column 4 to column 36)
Chain [2] If this warning occurs sporadically, such as for highly constrained variable types like covariance matrices, then the sampler is fine,
Chain [2] but if this warning occurs often then your model may be either severely ill-conditioned or misspecified.
Chain [2] 
Chain [2] Informational Message: The current Metropolis proposal is about to be rejected because of the following issue:
Chain [2] Exception: tmp_p3yb_6q_model_namespace::log_prob: drift_word_t[363] is -nan, but must be greater than or equal to 0.000000 (in '/tmp/tmps7vwkdz7/tmp_p3yb_6q.stan', line 115, column 4 to column 36)
Chain [2] If this warning occurs sporadically, such as for highly constrained variable types like covariance matrices, then the sampler is fine,
Chain [2] but if this warning occurs often then your model may be either severely ill-conditioned or misspecified.
Chain [2] 
Chain [2] Informational Message: The current Metropolis proposal is about to be rejected because of the following issue:
Chain [2] Exception: tmp_p3yb_6q_model_namespace::log_prob: drift_word_t[12] is -nan, but must be greater than or equal to 0.000000 (in '/tmp/tmps7vwkdz7/tmp_p3yb_6q.stan', line 115, column 4 to column 36)
Chain [2] If this warning occurs sporadically, such as for highly constrained variable types like covariance matrices, then the sampler is fine,
Chain [2] but if this warning occurs often then your model may be either severely ill-conditioned or misspecified.
Chain [2] 
Chain [3] Iteration:    1 / 9000 [  0%]  (Warmup)
Chain [2] Iteration:    1 / 9000 [  0%]  (Warmup)
Chain [1] Iteration:    1 / 9000 [  0%]  (Warmup)
Chain [2] Informational Message: The current Metropolis proposal is about to be rejected because of the following issue:
Chain [2] Exception: tmp_p3yb_6q_model_namespace::log_prob: drift_word_t[363] is -nan, but must be greater than or equal to 0.000000 (in '/tmp/tmps7vwkdz7/tmp_p3yb_6q.stan', line 115, column 4 to column 36)
Chain [2] If this warning occurs sporadically, such as for highly constrained variable types like covariance matrices, then the sampler is fine,
Chain [2] but if this warning occurs often then your model may be either severely ill-conditioned or misspecified.
Chain [2] 
Chain [2] Informational Message: The current Metropolis proposal is about to be rejected because of the following issue:
Chain [2] Exception: tmp_p3yb_6q_model_namespace::log_prob: drift_word_t[363] is -nan, but must be greater than or equal to 0.000000 (in '/tmp/tmps7vwkdz7/tmp_p3yb_6q.stan', line 115, column 4 to column 36)
Chain [2] If this warning occurs sporadically, such as for highly constrained variable types like covariance matrices, then the sampler is fine,
Chain [2] but if this warning occurs often then your model may be either severely ill-conditioned or misspecified.
Chain [2] 
Chain [2] Informational Message: The current Metropolis proposal is about to be rejected because of the following issue:
Chain [2] Exception: tmp_p3yb_6q_model_namespace::log_prob: drift_word_t[12] is -nan, but must be greater than or equal to 0.000000 (in '/tmp/tmps7vwkdz7/tmp_p3yb_6q.stan', line 115, column 4 to column 36)
Chain [2] If this warning occurs sporadically, such as for highly constrained variable types like covariance matrices, then the sampler is fine,
Chain [2] but if this warning occurs often then your model may be either severely ill-conditioned or misspecified.
Chain [2] 
Chain [4] Iteration:    1 / 9000 [  0%]  (Warmup)
Chain [4] Informational Message: The current Metropolis proposal is about to be rejected because of the following issue:
Chain [4] Exception: tmp_p3yb_6q_model_namespace::log_prob: drift_word_t[12] is -nan, but must be greater than or equal to 0.000000 (in '/tmp/tmps7vwkdz7/tmp_p3yb_6q.stan', line 115, column 4 to column 36)
Chain [4] If this warning occurs sporadically, such as for highly constrained variable types like covariance matrices, then the sampler is fine,
Chain [4] but if this warning occurs often then your model may be either severely ill-conditioned or misspecified.
Chain [4] 
Chain [4] Informational Message: The current Metropolis proposal is about to be rejected because of the following issue:
Chain [4] Exception: tmp_p3yb_6q_model_namespace::log_prob: drift_word_t[12] is -nan, but must be greater than or equal to 0.000000 (in '/tmp/tmps7vwkdz7/tmp_p3yb_6q.stan', line 115, column 4 to column 36)
Chain [4] If this warning occurs sporadically, such as for highly constrained variable types like covariance matrices, then the sampler is fine,
Chain [4] but if this warning occurs often then your model may be either severely ill-conditioned or misspecified.
Chain [4] 
Chain [4] Iteration:  100 / 9000 [  1%]  (Warmup)
Chain [3] Iteration:  100 / 9000 [  1%]  (Warmup)
Chain [1] Iteration:  100 / 9000 [  1%]  (Warmup)
Chain [2] Iteration:  100 / 9000 [  1%]  (Warmup)
Chain [3] Iteration:  200 / 9000 [  2%]  (Warmup)
Chain [1] Iteration:  200 / 9000 [  2%]  (Warmup)
Chain [2] Iteration:  200 / 9000 [  2%]  (Warmup)
Chain [3] Iteration:  300 / 9000 [  3%]  (Warmup)
Chain [1] Iteration:  300 / 9000 [  3%]  (Warmup)
Chain [2] Iteration:  300 / 9000 [  3%]  (Warmup)
Chain [3] Iteration:  400 / 9000 [  4%]  (Warmup)
Chain [1] Iteration:  400 / 9000 [  4%]  (Warmup)
Chain [2] Iteration:  400 / 9000 [  4%]  (Warmup)
Chain [3] Iteration:  500 / 9000 [  5%]  (Warmup)
Chain [1] Iteration:  500 / 9000 [  5%]  (Warmup)
Chain [4] Iteration:  200 / 9000 [  2%]  (Warmup)
Chain [2] Iteration:  500 / 9000 [  5%]  (Warmup)
Chain [3] Iteration:  600 / 9000 [  6%]  (Warmup)
Chain [1] Iteration:  600 / 9000 [  6%]  (Warmup)
Chain [2] Iteration:  600 / 9000 [  6%]  (Warmup)
Chain [3] Iteration:  700 / 9000 [  7%]  (Warmup)
Chain [1] Iteration:  700 / 9000 [  7%]  (Warmup)
Chain [2] Iteration:  700 / 9000 [  7%]  (Warmup)
Chain [3] Iteration:  800 / 9000 [  8%]  (Warmup)
Chain [2] Iteration:  800 / 9000 [  8%]  (Warmup)
Chain [1] Iteration:  800 / 9000 [  8%]  (Warmup)
Chain [3] Iteration:  900 / 9000 [ 10%]  (Warmup)
Chain [2] Iteration:  900 / 9000 [ 10%]  (Warmup)
Chain [1] Iteration:  900 / 9000 [ 10%]  (Warmup)
Chain [3] Iteration: 1000 / 9000 [ 11%]  (Warmup)
Chain [2] Iteration: 1000 / 9000 [ 11%]  (Warmup)
Chain [1] Iteration: 1000 / 9000 [ 11%]  (Warmup)
Chain [3] Iteration: 1100 / 9000 [ 12%]  (Warmup)
Chain [2] Iteration: 1100 / 9000 [ 12%]  (Warmup)
Chain [1] Iteration: 1100 / 9000 [ 12%]  (Warmup)
Chain [3] Iteration: 1200 / 9000 [ 13%]  (Warmup)
Chain [4] Iteration:  300 / 9000 [  3%]  (Warmup)
Chain [2] Iteration: 1200 / 9000 [ 13%]  (Warmup)
Chain [1] Iteration: 1200 / 9000 [ 13%]  (Warmup)
Chain [3] Iteration: 1300 / 9000 [ 14%]  (Warmup)
Chain [2] Iteration: 1300 / 9000 [ 14%]  (Warmup)
Chain [3] Iteration: 1400 / 9000 [ 15%]  (Warmup)
Chain [1] Iteration: 1300 / 9000 [ 14%]  (Warmup)
Chain [2] Iteration: 1400 / 9000 [ 15%]  (Warmup)
Chain [3] Iteration: 1500 / 9000 [ 16%]  (Warmup)
Chain [1] Iteration: 1400 / 9000 [ 15%]  (Warmup)
Chain [2] Iteration: 1500 / 9000 [ 16%]  (Warmup)
Chain [3] Iteration: 1600 / 9000 [ 17%]  (Warmup)
Chain [1] Iteration: 1500 / 9000 [ 16%]  (Warmup)
Chain [2] Iteration: 1600 / 9000 [ 17%]  (Warmup)
Chain [1] Iteration: 1600 / 9000 [ 17%]  (Warmup)
Chain [3] Iteration: 1700 / 9000 [ 18%]  (Warmup)
Chain [2] Iteration: 1700 / 9000 [ 18%]  (Warmup)
Chain [3] Iteration: 1800 / 9000 [ 20%]  (Warmup)
Chain [1] Iteration: 1700 / 9000 [ 18%]  (Warmup)
Chain [2] Iteration: 1800 / 9000 [ 20%]  (Warmup)
Chain [3] Iteration: 1900 / 9000 [ 21%]  (Warmup)
Chain [1] Iteration: 1800 / 9000 [ 20%]  (Warmup)
Chain [2] Iteration: 1900 / 9000 [ 21%]  (Warmup)
Chain [4] Iteration:  400 / 9000 [  4%]  (Warmup)
Chain [3] Iteration: 2000 / 9000 [ 22%]  (Warmup)
Chain [1] Iteration: 1900 / 9000 [ 21%]  (Warmup)
Chain [2] Iteration: 2000 / 9000 [ 22%]  (Warmup)
Chain [3] Iteration: 2100 / 9000 [ 23%]  (Warmup)
Chain [1] Iteration: 2000 / 9000 [ 22%]  (Warmup)
Chain [2] Iteration: 2100 / 9000 [ 23%]  (Warmup)
Chain [3] Iteration: 2200 / 9000 [ 24%]  (Warmup)
Chain [1] Iteration: 2100 / 9000 [ 23%]  (Warmup)
Chain [2] Iteration: 2200 / 9000 [ 24%]  (Warmup)
Chain [3] Iteration: 2300 / 9000 [ 25%]  (Warmup)
Chain [1] Iteration: 2200 / 9000 [ 24%]  (Warmup)
Chain [2] Iteration: 2300 / 9000 [ 25%]  (Warmup)
Chain [3] Iteration: 2400 / 9000 [ 26%]  (Warmup)
Chain [1] Iteration: 2300 / 9000 [ 25%]  (Warmup)
Chain [2] Iteration: 2400 / 9000 [ 26%]  (Warmup)
Chain [3] Iteration: 2500 / 9000 [ 27%]  (Warmup)
Chain [4] Iteration:  500 / 9000 [  5%]  (Warmup)
Chain [1] Iteration: 2400 / 9000 [ 26%]  (Warmup)
Chain [2] Iteration: 2500 / 9000 [ 27%]  (Warmup)
Chain [3] Iteration: 2600 / 9000 [ 28%]  (Warmup)
Chain [4] Iteration:  600 / 9000 [  6%]  (Warmup)
Chain [1] Iteration: 2500 / 9000 [ 27%]  (Warmup)
Chain [3] Iteration: 2700 / 9000 [ 30%]  (Warmup)
Chain [2] Iteration: 2600 / 9000 [ 28%]  (Warmup)
Chain [4] Iteration:  700 / 9000 [  7%]  (Warmup)
Chain [1] Iteration: 2600 / 9000 [ 28%]  (Warmup)
Chain [3] Iteration: 2800 / 9000 [ 31%]  (Warmup)
Chain [2] Iteration: 2700 / 9000 [ 30%]  (Warmup)
Chain [4] Iteration:  800 / 9000 [  8%]  (Warmup)
Chain [1] Iteration: 2700 / 9000 [ 30%]  (Warmup)
Chain [3] Iteration: 2900 / 9000 [ 32%]  (Warmup)
Chain [2] Iteration: 2800 / 9000 [ 31%]  (Warmup)
Chain [1] Iteration: 2800 / 9000 [ 31%]  (Warmup)
Chain [3] Iteration: 3000 / 9000 [ 33%]  (Warmup)
Chain [2] Iteration: 2900 / 9000 [ 32%]  (Warmup)
Chain [4] Iteration:  900 / 9000 [ 10%]  (Warmup)
Chain [1] Iteration: 2900 / 9000 [ 32%]  (Warmup)
Chain [3] Iteration: 3100 / 9000 [ 34%]  (Warmup)
Chain [2] Iteration: 3000 / 9000 [ 33%]  (Warmup)
Chain [4] Iteration: 1000 / 9000 [ 11%]  (Warmup)
Chain [1] Iteration: 3000 / 9000 [ 33%]  (Warmup)
Chain [3] Iteration: 3200 / 9000 [ 35%]  (Warmup)
Chain [2] Iteration: 3100 / 9000 [ 34%]  (Warmup)
Chain [4] Iteration: 1100 / 9000 [ 12%]  (Warmup)
Chain [1] Iteration: 3100 / 9000 [ 34%]  (Warmup)
Chain [2] Iteration: 3200 / 9000 [ 35%]  (Warmup)
Chain [3] Iteration: 3300 / 9000 [ 36%]  (Warmup)
Chain [4] Iteration: 1200 / 9000 [ 13%]  (Warmup)
Chain [1] Iteration: 3200 / 9000 [ 35%]  (Warmup)
Chain [2] Iteration: 3300 / 9000 [ 36%]  (Warmup)
Chain [3] Iteration: 3400 / 9000 [ 37%]  (Warmup)
Chain [4] Iteration: 1300 / 9000 [ 14%]  (Warmup)
Chain [1] Iteration: 3300 / 9000 [ 36%]  (Warmup)
Chain [2] Iteration: 3400 / 9000 [ 37%]  (Warmup)
Chain [3] Iteration: 3500 / 9000 [ 38%]  (Warmup)
Chain [4] Iteration: 1400 / 9000 [ 15%]  (Warmup)
Chain [1] Iteration: 3400 / 9000 [ 37%]  (Warmup)
Chain [2] Iteration: 3500 / 9000 [ 38%]  (Warmup)
Chain [3] Iteration: 3600 / 9000 [ 40%]  (Warmup)
Chain [4] Iteration: 1500 / 9000 [ 16%]  (Warmup)
Chain [3] Iteration: 3700 / 9000 [ 41%]  (Warmup)
Chain [2] Iteration: 3600 / 9000 [ 40%]  (Warmup)
Chain [1] Iteration: 3500 / 9000 [ 38%]  (Warmup)
Chain [4] Iteration: 1600 / 9000 [ 17%]  (Warmup)
Chain [2] Iteration: 3700 / 9000 [ 41%]  (Warmup)
Chain [3] Iteration: 3800 / 9000 [ 42%]  (Warmup)
Chain [1] Iteration: 3600 / 9000 [ 40%]  (Warmup)
Chain [4] Iteration: 1700 / 9000 [ 18%]  (Warmup)
Chain [3] Iteration: 3900 / 9000 [ 43%]  (Warmup)
Chain [2] Iteration: 3800 / 9000 [ 42%]  (Warmup)
Chain [1] Iteration: 3700 / 9000 [ 41%]  (Warmup)
Chain [4] Iteration: 1800 / 9000 [ 20%]  (Warmup)
Chain [3] Iteration: 4000 / 9000 [ 44%]  (Warmup)
Chain [2] Iteration: 3900 / 9000 [ 43%]  (Warmup)
Chain [1] Iteration: 3800 / 9000 [ 42%]  (Warmup)
Chain [3] Iteration: 4100 / 9000 [ 45%]  (Warmup)
Chain [2] Iteration: 4000 / 9000 [ 44%]  (Warmup)
Chain [1] Iteration: 3900 / 9000 [ 43%]  (Warmup)
Chain [4] Iteration: 1900 / 9000 [ 21%]  (Warmup)
Chain [3] Iteration: 4200 / 9000 [ 46%]  (Warmup)
Chain [2] Iteration: 4100 / 9000 [ 45%]  (Warmup)
Chain [1] Iteration: 4000 / 9000 [ 44%]  (Warmup)
Chain [4] Iteration: 2000 / 9000 [ 22%]  (Warmup)
Chain [3] Iteration: 4300 / 9000 [ 47%]  (Warmup)
Chain [2] Iteration: 4200 / 9000 [ 46%]  (Warmup)
Chain [1] Iteration: 4100 / 9000 [ 45%]  (Warmup)
Chain [4] Iteration: 2100 / 9000 [ 23%]  (Warmup)
Chain [3] Iteration: 4400 / 9000 [ 48%]  (Warmup)
Chain [1] Iteration: 4200 / 9000 [ 46%]  (Warmup)
Chain [2] Iteration: 4300 / 9000 [ 47%]  (Warmup)
Chain [4] Iteration: 2200 / 9000 [ 24%]  (Warmup)
Chain [1] Iteration: 4300 / 9000 [ 47%]  (Warmup)
Chain [2] Iteration: 4400 / 9000 [ 48%]  (Warmup)
Chain [3] Iteration: 4500 / 9000 [ 50%]  (Warmup)
Chain [3] Iteration: 4501 / 9000 [ 50%]  (Sampling)
Chain [4] Iteration: 2300 / 9000 [ 25%]  (Warmup)
Chain [1] Iteration: 4400 / 9000 [ 48%]  (Warmup)
Chain [2] Iteration: 4500 / 9000 [ 50%]  (Warmup)
Chain [2] Iteration: 4501 / 9000 [ 50%]  (Sampling)
Chain [4] Iteration: 2400 / 9000 [ 26%]  (Warmup)
Chain [3] Iteration: 4600 / 9000 [ 51%]  (Sampling)
Chain [1] Iteration: 4500 / 9000 [ 50%]  (Warmup)
Chain [1] Iteration: 4501 / 9000 [ 50%]  (Sampling)
Chain [4] Iteration: 2500 / 9000 [ 27%]  (Warmup)
Chain [3] Iteration: 4700 / 9000 [ 52%]  (Sampling)
Chain [2] Iteration: 4600 / 9000 [ 51%]  (Sampling)
Chain [4] Iteration: 2600 / 9000 [ 28%]  (Warmup)
Chain [3] Iteration: 4800 / 9000 [ 53%]  (Sampling)
Chain [1] Iteration: 4600 / 9000 [ 51%]  (Sampling)
Chain [2] Iteration: 4700 / 9000 [ 52%]  (Sampling)
Chain [4] Iteration: 2700 / 9000 [ 30%]  (Warmup)
Chain [2] Iteration: 4800 / 9000 [ 53%]  (Sampling)
Chain [3] Iteration: 4900 / 9000 [ 54%]  (Sampling)
Chain [1] Iteration: 4700 / 9000 [ 52%]  (Sampling)
Chain [4] Iteration: 2800 / 9000 [ 31%]  (Warmup)
Chain [2] Iteration: 4900 / 9000 [ 54%]  (Sampling)
Chain [3] Iteration: 5000 / 9000 [ 55%]  (Sampling)
Chain [1] Iteration: 4800 / 9000 [ 53%]  (Sampling)
Chain [4] Iteration: 2900 / 9000 [ 32%]  (Warmup)
Chain [2] Iteration: 5000 / 9000 [ 55%]  (Sampling)
Chain [3] Iteration: 5100 / 9000 [ 56%]  (Sampling)
Chain [1] Iteration: 4900 / 9000 [ 54%]  (Sampling)
Chain [4] Iteration: 3000 / 9000 [ 33%]  (Warmup)
Chain [2] Iteration: 5100 / 9000 [ 56%]  (Sampling)
Chain [3] Iteration: 5200 / 9000 [ 57%]  (Sampling)
Chain [1] Iteration: 5000 / 9000 [ 55%]  (Sampling)
Chain [4] Iteration: 3100 / 9000 [ 34%]  (Warmup)
Chain [2] Iteration: 5200 / 9000 [ 57%]  (Sampling)
Chain [3] Iteration: 5300 / 9000 [ 58%]  (Sampling)
Chain [4] Iteration: 3200 / 9000 [ 35%]  (Warmup)
Chain [1] Iteration: 5100 / 9000 [ 56%]  (Sampling)
Chain [2] Iteration: 5300 / 9000 [ 58%]  (Sampling)
Chain [4] Iteration: 3300 / 9000 [ 36%]  (Warmup)
Chain [3] Iteration: 5400 / 9000 [ 60%]  (Sampling)
Chain [1] Iteration: 5200 / 9000 [ 57%]  (Sampling)
Chain [2] Iteration: 5400 / 9000 [ 60%]  (Sampling)
Chain [4] Iteration: 3400 / 9000 [ 37%]  (Warmup)
Chain [3] Iteration: 5500 / 9000 [ 61%]  (Sampling)
Chain [1] Iteration: 5300 / 9000 [ 58%]  (Sampling)
Chain [4] Iteration: 3500 / 9000 [ 38%]  (Warmup)
Chain [2] Iteration: 5500 / 9000 [ 61%]  (Sampling)
Chain [3] Iteration: 5600 / 9000 [ 62%]  (Sampling)
Chain [1] Iteration: 5400 / 9000 [ 60%]  (Sampling)
Chain [4] Iteration: 3600 / 9000 [ 40%]  (Warmup)
Chain [2] Iteration: 5600 / 9000 [ 62%]  (Sampling)
Chain [3] Iteration: 5700 / 9000 [ 63%]  (Sampling)
Chain [1] Iteration: 5500 / 9000 [ 61%]  (Sampling)
Chain [4] Iteration: 3700 / 9000 [ 41%]  (Warmup)
Chain [2] Iteration: 5700 / 9000 [ 63%]  (Sampling)
Chain [3] Iteration: 5800 / 9000 [ 64%]  (Sampling)
Chain [1] Iteration: 5600 / 9000 [ 62%]  (Sampling)
Chain [4] Iteration: 3800 / 9000 [ 42%]  (Warmup)
Chain [3] Iteration: 5900 / 9000 [ 65%]  (Sampling)
Chain [2] Iteration: 5800 / 9000 [ 64%]  (Sampling)
Chain [4] Iteration: 3900 / 9000 [ 43%]  (Warmup)
Chain [1] Iteration: 5700 / 9000 [ 63%]  (Sampling)
Chain [3] Iteration: 6000 / 9000 [ 66%]  (Sampling)
Chain [2] Iteration: 5900 / 9000 [ 65%]  (Sampling)
Chain [4] Iteration: 4000 / 9000 [ 44%]  (Warmup)
Chain [1] Iteration: 5800 / 9000 [ 64%]  (Sampling)
Chain [3] Iteration: 6100 / 9000 [ 67%]  (Sampling)
Chain [2] Iteration: 6000 / 9000 [ 66%]  (Sampling)
Chain [4] Iteration: 4100 / 9000 [ 45%]  (Warmup)
Chain [1] Iteration: 5900 / 9000 [ 65%]  (Sampling)
Chain [3] Iteration: 6200 / 9000 [ 68%]  (Sampling)
Chain [2] Iteration: 6100 / 9000 [ 67%]  (Sampling)
Chain [4] Iteration: 4200 / 9000 [ 46%]  (Warmup)
Chain [3] Iteration: 6300 / 9000 [ 70%]  (Sampling)
Chain [1] Iteration: 6000 / 9000 [ 66%]  (Sampling)
Chain [4] Iteration: 4300 / 9000 [ 47%]  (Warmup)
Chain [2] Iteration: 6200 / 9000 [ 68%]  (Sampling)
Chain [3] Iteration: 6400 / 9000 [ 71%]  (Sampling)
Chain [1] Iteration: 6100 / 9000 [ 67%]  (Sampling)
Chain [4] Iteration: 4400 / 9000 [ 48%]  (Warmup)
Chain [2] Iteration: 6300 / 9000 [ 70%]  (Sampling)
Chain [3] Iteration: 6500 / 9000 [ 72%]  (Sampling)
Chain [4] Iteration: 4500 / 9000 [ 50%]  (Warmup)
Chain [4] Iteration: 4501 / 9000 [ 50%]  (Sampling)
Chain [1] Iteration: 6200 / 9000 [ 68%]  (Sampling)
Chain [2] Iteration: 6400 / 9000 [ 71%]  (Sampling)
Chain [3] Iteration: 6600 / 9000 [ 73%]  (Sampling)
Chain [1] Iteration: 6300 / 9000 [ 70%]  (Sampling)
Chain [2] Iteration: 6500 / 9000 [ 72%]  (Sampling)
Chain [4] Iteration: 4600 / 9000 [ 51%]  (Sampling)
Chain [3] Iteration: 6700 / 9000 [ 74%]  (Sampling)
Chain [2] Iteration: 6600 / 9000 [ 73%]  (Sampling)
Chain [1] Iteration: 6400 / 9000 [ 71%]  (Sampling)
Chain [4] Iteration: 4700 / 9000 [ 52%]  (Sampling)
Chain [3] Iteration: 6800 / 9000 [ 75%]  (Sampling)
Chain [2] Iteration: 6700 / 9000 [ 74%]  (Sampling)
Chain [1] Iteration: 6500 / 9000 [ 72%]  (Sampling)
Chain [4] Iteration: 4800 / 9000 [ 53%]  (Sampling)
Chain [3] Iteration: 6900 / 9000 [ 76%]  (Sampling)
Chain [2] Iteration: 6800 / 9000 [ 75%]  (Sampling)
Chain [1] Iteration: 6600 / 9000 [ 73%]  (Sampling)
Chain [4] Iteration: 4900 / 9000 [ 54%]  (Sampling)
Chain [3] Iteration: 7000 / 9000 [ 77%]  (Sampling)
Chain [2] Iteration: 6900 / 9000 [ 76%]  (Sampling)
Chain [1] Iteration: 6700 / 9000 [ 74%]  (Sampling)
Chain [4] Iteration: 5000 / 9000 [ 55%]  (Sampling)
Chain [3] Iteration: 7100 / 9000 [ 78%]  (Sampling)
Chain [2] Iteration: 7000 / 9000 [ 77%]  (Sampling)
Chain [1] Iteration: 6800 / 9000 [ 75%]  (Sampling)
Chain [4] Iteration: 5100 / 9000 [ 56%]  (Sampling)
Chain [3] Iteration: 7200 / 9000 [ 80%]  (Sampling)
Chain [2] Iteration: 7100 / 9000 [ 78%]  (Sampling)
Chain [1] Iteration: 6900 / 9000 [ 76%]  (Sampling)
Chain [4] Iteration: 5200 / 9000 [ 57%]  (Sampling)
Chain [3] Iteration: 7300 / 9000 [ 81%]  (Sampling)
Chain [2] Iteration: 7200 / 9000 [ 80%]  (Sampling)
Chain [4] Iteration: 5300 / 9000 [ 58%]  (Sampling)
Chain [3] Iteration: 7400 / 9000 [ 82%]  (Sampling)
Chain [1] Iteration: 7000 / 9000 [ 77%]  (Sampling)
Chain [2] Iteration: 7300 / 9000 [ 81%]  (Sampling)
Chain [3] Iteration: 7500 / 9000 [ 83%]  (Sampling)
Chain [4] Iteration: 5400 / 9000 [ 60%]  (Sampling)
Chain [1] Iteration: 7100 / 9000 [ 78%]  (Sampling)
Chain [2] Iteration: 7400 / 9000 [ 82%]  (Sampling)
Chain [3] Iteration: 7600 / 9000 [ 84%]  (Sampling)
Chain [4] Iteration: 5500 / 9000 [ 61%]  (Sampling)
Chain [1] Iteration: 7200 / 9000 [ 80%]  (Sampling)
Chain [2] Iteration: 7500 / 9000 [ 83%]  (Sampling)
Chain [3] Iteration: 7700 / 9000 [ 85%]  (Sampling)
Chain [4] Iteration: 5600 / 9000 [ 62%]  (Sampling)
Chain [1] Iteration: 7300 / 9000 [ 81%]  (Sampling)
Chain [2] Iteration: 7600 / 9000 [ 84%]  (Sampling)
Chain [3] Iteration: 7800 / 9000 [ 86%]  (Sampling)
Chain [4] Iteration: 5700 / 9000 [ 63%]  (Sampling)
Chain [1] Iteration: 7400 / 9000 [ 82%]  (Sampling)
Chain [2] Iteration: 7700 / 9000 [ 85%]  (Sampling)
Chain [3] Iteration: 7900 / 9000 [ 87%]  (Sampling)
Chain [4] Iteration: 5800 / 9000 [ 64%]  (Sampling)
Chain [1] Iteration: 7500 / 9000 [ 83%]  (Sampling)
Chain [2] Iteration: 7800 / 9000 [ 86%]  (Sampling)
Chain [3] Iteration: 8000 / 9000 [ 88%]  (Sampling)
Chain [4] Iteration: 5900 / 9000 [ 65%]  (Sampling)
Chain [2] Iteration: 7900 / 9000 [ 87%]  (Sampling)
Chain [1] Iteration: 7600 / 9000 [ 84%]  (Sampling)
Chain [3] Iteration: 8100 / 9000 [ 90%]  (Sampling)
Chain [2] Iteration: 8000 / 9000 [ 88%]  (Sampling)
Chain [4] Iteration: 6000 / 9000 [ 66%]  (Sampling)
Chain [1] Iteration: 7700 / 9000 [ 85%]  (Sampling)
Chain [3] Iteration: 8200 / 9000 [ 91%]  (Sampling)
Chain [2] Iteration: 8100 / 9000 [ 90%]  (Sampling)
Chain [4] Iteration: 6100 / 9000 [ 67%]  (Sampling)
Chain [1] Iteration: 7800 / 9000 [ 86%]  (Sampling)
Chain [3] Iteration: 8300 / 9000 [ 92%]  (Sampling)
Chain [2] Iteration: 8200 / 9000 [ 91%]  (Sampling)
Chain [4] Iteration: 6200 / 9000 [ 68%]  (Sampling)
Chain [1] Iteration: 7900 / 9000 [ 87%]  (Sampling)
Chain [3] Iteration: 8400 / 9000 [ 93%]  (Sampling)
Chain [2] Iteration: 8300 / 9000 [ 92%]  (Sampling)
Chain [4] Iteration: 6300 / 9000 [ 70%]  (Sampling)
Chain [1] Iteration: 8000 / 9000 [ 88%]  (Sampling)
Chain [3] Iteration: 8500 / 9000 [ 94%]  (Sampling)
Chain [2] Iteration: 8400 / 9000 [ 93%]  (Sampling)
Chain [4] Iteration: 6400 / 9000 [ 71%]  (Sampling)
Chain [3] Iteration: 8600 / 9000 [ 95%]  (Sampling)
Chain [1] Iteration: 8100 / 9000 [ 90%]  (Sampling)
Chain [2] Iteration: 8500 / 9000 [ 94%]  (Sampling)
Chain [4] Iteration: 6500 / 9000 [ 72%]  (Sampling)
Chain [3] Iteration: 8700 / 9000 [ 96%]  (Sampling)
Chain [1] Iteration: 8200 / 9000 [ 91%]  (Sampling)
Chain [2] Iteration: 8600 / 9000 [ 95%]  (Sampling)
Chain [1] Iteration: 8300 / 9000 [ 92%]  (Sampling)
Chain [3] Iteration: 8800 / 9000 [ 97%]  (Sampling)
Chain [4] Iteration: 6600 / 9000 [ 73%]  (Sampling)
Chain [2] Iteration: 8700 / 9000 [ 96%]  (Sampling)
Chain [1] Iteration: 8400 / 9000 [ 93%]  (Sampling)
Chain [4] Iteration: 6700 / 9000 [ 74%]  (Sampling)
Chain [3] Iteration: 8900 / 9000 [ 98%]  (Sampling)
Chain [2] Iteration: 8800 / 9000 [ 97%]  (Sampling)
Chain [1] Iteration: 8500 / 9000 [ 94%]  (Sampling)
Chain [4] Iteration: 6800 / 9000 [ 75%]  (Sampling)
Chain [3] Iteration: 9000 / 9000 [100%]  (Sampling)
Chain [3] 
Chain [3] Elapsed Time: 37110.2 seconds (Warm-up)
Chain [3] 37411.6 seconds (Sampling)
Chain [3] 74521.8 seconds (Total)
Chain [3] 
Chain [3] 
Chain [1] Iteration: 8600 / 9000 [ 95%]  (Sampling)
Chain [2] Iteration: 8900 / 9000 [ 98%]  (Sampling)
Chain [4] Iteration: 6900 / 9000 [ 76%]  (Sampling)
Chain [1] Iteration: 8700 / 9000 [ 96%]  (Sampling)
Chain [2] Iteration: 9000 / 9000 [100%]  (Sampling)
Chain [2] 
Chain [2] Elapsed Time: 37920.2 seconds (Warm-up)
Chain [2] 38066.9 seconds (Sampling)
Chain [2] 75987.1 seconds (Total)
Chain [2] 
Chain [2] 
Chain [4] Iteration: 7000 / 9000 [ 77%]  (Sampling)
Chain [1] Iteration: 8800 / 9000 [ 97%]  (Sampling)
Chain [4] Iteration: 7100 / 9000 [ 78%]  (Sampling)
Chain [1] Iteration: 8900 / 9000 [ 98%]  (Sampling)
Chain [4] Iteration: 7200 / 9000 [ 80%]  (Sampling)
Chain [4] Iteration: 7300 / 9000 [ 81%]  (Sampling)
Chain [1] Iteration: 9000 / 9000 [100%]  (Sampling)
Chain [1] 
Chain [1] Elapsed Time: 38695.8 seconds (Warm-up)
Chain [1] 39745.6 seconds (Sampling)
Chain [1] 78441.4 seconds (Total)
Chain [1] 
Chain [1] 
Chain [4] Iteration: 7400 / 9000 [ 82%]  (Sampling)
Chain [4] Iteration: 7500 / 9000 [ 83%]  (Sampling)
Chain [4] Iteration: 7600 / 9000 [ 84%]  (Sampling)
Chain [4] Iteration: 7700 / 9000 [ 85%]  (Sampling)
Chain [4] Iteration: 7800 / 9000 [ 86%]  (Sampling)
Chain [4] Iteration: 7900 / 9000 [ 87%]  (Sampling)
Chain [4] Iteration: 8000 / 9000 [ 88%]  (Sampling)
Chain [4] Iteration: 8100 / 9000 [ 90%]  (Sampling)
Chain [4] Iteration: 8200 / 9000 [ 91%]  (Sampling)
Chain [4] Iteration: 8300 / 9000 [ 92%]  (Sampling)
Chain [4] Iteration: 8400 / 9000 [ 93%]  (Sampling)
Chain [4] Iteration: 8500 / 9000 [ 94%]  (Sampling)
Chain [4] Iteration: 8600 / 9000 [ 95%]  (Sampling)
Chain [4] Iteration: 8700 / 9000 [ 96%]  (Sampling)
Chain [4] Iteration: 8800 / 9000 [ 97%]  (Sampling)
Chain [4] Iteration: 8900 / 9000 [ 98%]  (Sampling)
Chain [4] Iteration: 9000 / 9000 [100%]  (Sampling)
Chain [4] 
Chain [4] Elapsed Time: 53972.5 seconds (Warm-up)
Chain [4] 37381 seconds (Sampling)
Chain [4] 91353.5 seconds (Total)
Chain [4] 
Chain [4] 
***hmc diagnostics:
Processing csv files: /storage/users/adadras/ANN-EAM/stan_results/ANN-RDM_full_FC/ANN-RDM_full_FC-20230112073515_1.csv, /storage/users/adadras/ANN-EAM/stan_results/ANN-RDM_full_FC/ANN-RDM_full_FC-20230112073515_2.csv, /storage/users/adadras/ANN-EAM/stan_results/ANN-RDM_full_FC/ANN-RDM_full_FC-20230112073515_3.csv, /storage/users/adadras/ANN-EAM/stan_results/ANN-RDM_full_FC/ANN-RDM_full_FC-20230112073515_4.csv

Checking sampler transitions treedepth.
Treedepth satisfactory for all transitions.

Checking sampler transitions for divergences.
No divergent transitions found.

Checking E-BFMI - sampler transitions HMC potential energy.
E-BFMI satisfactory.

Effective sample size satisfactory.

Split R-hat values satisfactory all parameters.

Processing complete, no problems detected.

***DF: 
                         Mean     MCSE  StdDev  ...    N_Eff  N_Eff/s  R_hat
name                                            ...                         
lp__                 -5000.00  0.53000  30.000  ...   3100.0    0.020    1.0
mu_g                    -3.00  0.00230   0.280  ...  14000.0    0.095    1.0
mu_m                    -0.13  0.00220   0.088  ...   1600.0    0.011    1.0
mu_threshold_word        1.30  0.00058   0.041  ...   5000.0    0.033    1.0
mu_threshold_nonword     1.50  0.00066   0.044  ...   4300.0    0.028    1.0
...                       ...      ...     ...  ...      ...      ...    ...
log_lik[36677]          -2.20  0.00120   0.160  ...  18839.0    0.120    1.0
log_lik[36678]          -1.50  0.00078   0.110  ...  19015.0    0.120    1.0
log_lik[36679]          -1.50  0.00082   0.110  ...  18789.0    0.120    1.0
log_lik[36680]          -1.70  0.00092   0.130  ...  18875.0    0.120    1.0
log_lik[36681]          -1.70  0.00110   0.150  ...  17451.0    0.110    1.0

[221711 rows x 9 columns]
***Rhat > 1.01: 
0
None
Empty DataFrame
Columns: [Mean, MCSE, StdDev, 5%, 50%, 95%, N_Eff, N_Eff/s, R_hat]
Index: []
       Mean  MCSE  StdDev   5%  50%  95%  N_Eff  N_Eff/s  R_hat
count   0.0   0.0     0.0  0.0  0.0  0.0    0.0      0.0    0.0
mean    NaN   NaN     NaN  NaN  NaN  NaN    NaN      NaN    NaN
std     NaN   NaN     NaN  NaN  NaN  NaN    NaN      NaN    NaN
min     NaN   NaN     NaN  NaN  NaN  NaN    NaN      NaN    NaN
25%     NaN   NaN     NaN  NaN  NaN  NaN    NaN      NaN    NaN
50%     NaN   NaN     NaN  NaN  NaN  NaN    NaN      NaN    NaN
75%     NaN   NaN     NaN  NaN  NaN  NaN    NaN      NaN    NaN
max     NaN   NaN     NaN  NaN  NaN  NaN    NaN      NaN    NaN
HF words, word drift mean and std:
3.741000438528147 0.028214849995619403
HF words, nonword drift mean and std:
1.284138395445594 0.03321568941660363
LF words word drift mean and std:
2.787069017223345 0.026600409615704094
LF words nonword drift mean and std:
1.3013359286732158 0.03317493574664988
NW words word drift mean and std:
0.7053724627697876 0.02407852143264731
NW words nonword drift mean and std:
3.0931309475279383 0.024213777541438938
HF words, word threshold mean and std:
1.5801097408409759 0.01863339150668022
HF words, nonword threshold mean and std:
1.7439159078016688 0.021405617596987534
LF words word threshold mean and std:
1.5820583561331816 0.018629782484409118
LF words nonword threshold mean and std:
1.7420432955424807 0.021297292416685886
NW words word threshold mean and std:
1.5843275119356808 0.01862220622622925
NW words nonword threshold mean and std:
1.7453598562157944 0.021317325443541958
HF words ndt_t mean and std:
0.25545966194724046 0.0034156483967024906
LF words ndt_t mean and std:
0.25772247041210317 0.0033684707507016754
Non Words ndt_t mean and std:
0.27562920277985903 0.003945300576337316
Estimation Fit metrics:
{'lppd': -4223.441068287601, 'p_waic': 730.9781475718071, 'waic': 9908.838431718817, 'waic_se': 468.1851265225338}
INFO:cmdstanpy:deleting tmpfiles dir: /tmp/tmpdlc5coom
INFO:cmdstanpy:done
