nohup: ignoring input
INFO:cmdstanpy:compiling stan file /storage/users/adadras/ANN-EAM/stan files/LBA/LBA_cd.stan to exe file /storage/users/adadras/ANN-EAM/stan files/LBA/LBA_cd
INFO:cmdstanpy:compiled model executable: /storage/users/adadras/ANN-EAM/stan files/LBA/LBA_cd
WARNING:cmdstanpy:Stan compiler has produced 27 warnings:
WARNING:cmdstanpy:
--- Translating Stan model to C++ code ---
bin/stanc  --o=/tmp/tmp8s8_pncd/tmpjjtbktd9.hpp /tmp/tmp8s8_pncd/tmpjjtbktd9.stan
Warning in '/tmp/tmp8s8_pncd/tmpjjtbktd9.stan', line 108, column 4: Declaration
    of arrays by placing brackets after a variable name is deprecated and
    will be removed in Stan 2.32.0. Instead use the array keyword before the
    type. This can be changed automatically using the auto-format flag to
    stanc
Warning in '/tmp/tmp8s8_pncd/tmpjjtbktd9.stan', line 109, column 4: Declaration
    of arrays by placing brackets after a variable name is deprecated and
    will be removed in Stan 2.32.0. Instead use the array keyword before the
    type. This can be changed automatically using the auto-format flag to
    stanc
Warning in '/tmp/tmp8s8_pncd/tmpjjtbktd9.stan', line 111, column 4: Declaration
    of arrays by placing brackets after a variable name is deprecated and
    will be removed in Stan 2.32.0. Instead use the array keyword before the
    type. This can be changed automatically using the auto-format flag to
    stanc
Warning in '/tmp/tmp8s8_pncd/tmpjjtbktd9.stan', line 112, column 4: Declaration
    of arrays by placing brackets after a variable name is deprecated and
    will be removed in Stan 2.32.0. Instead use the array keyword before the
    type. This can be changed automatically using the auto-format flag to
    stanc
Warning in '/tmp/tmp8s8_pncd/tmpjjtbktd9.stan', line 114, column 4: Declaration
    of arrays by placing brackets after a variable name is deprecated and
    will be removed in Stan 2.32.0. Instead use the array keyword before the
    type. This can be changed automatically using the auto-format flag to
    stanc
Warning in '/tmp/tmp8s8_pncd/tmpjjtbktd9.stan', line 152, column 4: Declaration
    of arrays by placing brackets after a variable name is deprecated and
    will be removed in Stan 2.32.0. Instead use the array keyword before the
    type. This can be changed automatically using the auto-format flag to
    stanc
Warning in '/tmp/tmp8s8_pncd/tmpjjtbktd9.stan', line 153, column 4: Declaration
    of arrays by placing brackets after a variable name is deprecated and
    will be removed in Stan 2.32.0. Instead use the array keyword before the
    type. This can be changed automatically using the auto-format flag to
    stanc
Warning in '/tmp/tmp8s8_pncd/tmpjjtbktd9.stan', line 154, column 4: Declaration
    of arrays by placing brackets after a variable name is deprecated and
    will be removed in Stan 2.32.0. Instead use the array keyword before the
    type. This can be changed automatically using the auto-format flag to
    stanc
Warning in '/tmp/tmp8s8_pncd/tmpjjtbktd9.stan', line 155, column 4: Declaration
    of arrays by placing brackets after a variable name is deprecated and
    will be removed in Stan 2.32.0. Instead use the array keyword before the
    type. This can be changed automatically using the auto-format flag to
    stanc
Warning in '/tmp/tmp8s8_pncd/tmpjjtbktd9.stan', line 156, column 4: Declaration
    of arrays by placing brackets after a variable name is deprecated and
    will be removed in Stan 2.32.0. Instead use the array keyword before the
    type. This can be changed automatically using the auto-format flag to
    stanc
Warning in '/tmp/tmp8s8_pncd/tmpjjtbktd9.stan', line 157, column 4: Declaration
    of arrays by placing brackets after a variable name is deprecated and
    will be removed in Stan 2.32.0. Instead use the array keyword before the
    type. This can be changed automatically using the auto-format flag to
    stanc
Warning in '/tmp/tmp8s8_pncd/tmpjjtbktd9.stan', line 158, column 4: Declaration
    of arrays by placing brackets after a variable name is deprecated and
    will be removed in Stan 2.32.0. Instead use the array keyword before the
    type. This can be changed automatically using the auto-format flag to
    stanc
Warning in '/tmp/tmp8s8_pncd/tmpjjtbktd9.stan', line 159, column 4: Declaration
    of arrays by placing brackets after a variable name is deprecated and
    will be removed in Stan 2.32.0. Instead use the array keyword before the
    type. This can be changed automatically using the auto-format flag to
    stanc
Warning in '/tmp/tmp8s8_pncd/tmpjjtbktd9.stan', line 173, column 4: Declaration
    of arrays by placing brackets after a variable name is deprecated and
    will be removed in Stan 2.32.0. Instead use the array keyword before the
    type. This can be changed automatically using the auto-format flag to
    stanc
Warning in '/tmp/tmp8s8_pncd/tmpjjtbktd9.stan', line 174, column 4: Declaration
    of arrays by placing brackets after a variable name is deprecated and
    will be removed in Stan 2.32.0. Instead use the array keyword before the
    type. This can be changed automatically using the auto-format flag to
    stanc
Warning in '/tmp/tmp8s8_pncd/tmpjjtbktd9.stan', line 175, column 1: Declaration
    of arrays by placing brackets after a variable name is deprecated and
    will be removed in Stan 2.32.0. Instead use the array keyword before the
    type. This can be changed automatically using the auto-format flag to
    stanc
Warning in '/tmp/tmp8s8_pncd/tmpjjtbktd9.stan', line 176, column 1: Declaration
    of arrays by placing brackets after a variable name is deprecated and
    will be removed in Stan 2.32.0. Instead use the array keyword before the
    type. This can be changed automatically using the auto-format flag to
    stanc
Warning in '/tmp/tmp8s8_pncd/tmpjjtbktd9.stan', line 177, column 1: Declaration
    of arrays by placing brackets after a variable name is deprecated and
    will be removed in Stan 2.32.0. Instead use the array keyword before the
    type. This can be changed automatically using the auto-format flag to
    stanc
Warning in '/tmp/tmp8s8_pncd/tmpjjtbktd9.stan', line 178, column 4: Declaration
    of arrays by placing brackets after a variable name is deprecated and
    will be removed in Stan 2.32.0. Instead use the array keyword before the
    type. This can be changed automatically using the auto-format flag to
    stanc
Warning in '/tmp/tmp8s8_pncd/tmpjjtbktd9.stan', line 179, column 1: Declaration
    of arrays by placing brackets after a variable name is deprecated and
    will be removed in Stan 2.32.0. Instead use the array keyword before the
    type. This can be changed automatically using the auto-format flag to
    stanc
Warning in '/tmp/tmp8s8_pncd/tmpjjtbktd9.stan', line 180, column 4: Declaration
    of arrays by placing brackets after a variable name is deprecated and
    will be removed in Stan 2.32.0. Instead use the array keyword before the
    type. This can be changed automatically using the auto-format flag to
    stanc
Warning in '/tmp/tmp8s8_pncd/tmpjjtbktd9.stan', line 25, column 23: normal_log
    is deprecated and will be removed in Stan 2.32.0. Use normal_lpdf
    instead. This can be automatically changed using the canonicalize flag
    for stanc
Warning in '/tmp/tmp8s8_pncd/tmpjjtbktd9.stan', line 27, column 23: normal_log
    is deprecated and will be removed in Stan 2.32.0. Use normal_lpdf
    instead. This can be automatically changed using the canonicalize flag
    for stanc
Warning in '/tmp/tmp8s8_pncd/tmpjjtbktd9.stan', line 50, column 28: normal_log
    is deprecated and will be removed in Stan 2.32.0. Use normal_lpdf
    instead. This can be automatically changed using the canonicalize flag
    for stanc
Warning in '/tmp/tmp8s8_pncd/tmpjjtbktd9.stan', line 51, column 28: normal_log
    is deprecated and will be removed in Stan 2.32.0. Use normal_lpdf
    instead. This can be automatically changed using the canonicalize flag
    for stanc
Warning in '/tmp/tmp8s8_pncd/tmpjjtbktd9.stan', line 83, column 28: Use of
    lba_cdf without a vertical bar (|) between the first two arguments of a
    CDF is deprecated and will be removed in Stan 2.32.0. This can be
    automatically changed using the canonicalize flag for stanc
Warning in '/tmp/tmp8s8_pncd/tmpjjtbktd9.stan', line 87, column 28: Use of
    lba_cdf without a vertical bar (|) between the first two arguments of a
    CDF is deprecated and will be removed in Stan 2.32.0. This can be
    automatically changed using the canonicalize flag for stanc

--- Compiling, linking C++ code ---
g++ -std=c++1y -pthread -D_REENTRANT -Wno-sign-compare -Wno-ignored-attributes      -I stan/lib/stan_math/lib/tbb_2020.3/include    -O3 -I src -I stan/src -I lib/rapidjson_1.1.0/ -I lib/CLI11-1.9.1/ -I stan/lib/stan_math/ -I stan/lib/stan_math/lib/eigen_3.3.9 -I stan/lib/stan_math/lib/boost_1.78.0 -I stan/lib/stan_math/lib/sundials_6.1.1/include -I stan/lib/stan_math/lib/sundials_6.1.1/src/sundials    -DBOOST_DISABLE_ASSERTS          -c -Wno-ignored-attributes   -x c++ -o /tmp/tmp8s8_pncd/tmpjjtbktd9.o /tmp/tmp8s8_pncd/tmpjjtbktd9.hpp
g++ -std=c++1y -pthread -D_REENTRANT -Wno-sign-compare -Wno-ignored-attributes      -I stan/lib/stan_math/lib/tbb_2020.3/include    -O3 -I src -I stan/src -I lib/rapidjson_1.1.0/ -I lib/CLI11-1.9.1/ -I stan/lib/stan_math/ -I stan/lib/stan_math/lib/eigen_3.3.9 -I stan/lib/stan_math/lib/boost_1.78.0 -I stan/lib/stan_math/lib/sundials_6.1.1/include -I stan/lib/stan_math/lib/sundials_6.1.1/src/sundials    -DBOOST_DISABLE_ASSERTS                -Wl,-L,"/storage/users/adadras/.cmdstan/cmdstan-2.30.1/stan/lib/stan_math/lib/tbb" -Wl,-rpath,"/storage/users/adadras/.cmdstan/cmdstan-2.30.1/stan/lib/stan_math/lib/tbb"      /tmp/tmp8s8_pncd/tmpjjtbktd9.o src/cmdstan/main.o        -Wl,-L,"/storage/users/adadras/.cmdstan/cmdstan-2.30.1/stan/lib/stan_math/lib/tbb" -Wl,-rpath,"/storage/users/adadras/.cmdstan/cmdstan-2.30.1/stan/lib/stan_math/lib/tbb"   stan/lib/stan_math/lib/sundials_6.1.1/lib/libsundials_nvecserial.a stan/lib/stan_math/lib/sundials_6.1.1/lib/libsundials_cvodes.a stan/lib/stan_math/lib/sundials_6.1.1/lib/libsundials_idas.a stan/lib/stan_math/lib/sundials_6.1.1/lib/libsundials_kinsol.a  stan/lib/stan_math/lib/tbb/libtbb.so.2 -o /tmp/tmp8s8_pncd/tmpjjtbktd9
rm -f /tmp/tmp8s8_pncd/tmpjjtbktd9.o

INFO:cmdstanpy:Chain [1] start processing
INFO:cmdstanpy:Chain [2] start processing
INFO:cmdstanpy:Chain [3] start processing
INFO:cmdstanpy:Chain [4] start processing
INFO:cmdstanpy:Chain [4] done processing
INFO:cmdstanpy:Chain [1] done processing
INFO:cmdstanpy:Chain [2] done processing
INFO:cmdstanpy:Chain [3] done processing
Model name: LBA_cd
Directory  ./Plots/LBA_cd/  Created 
Directory  ./stan_results/LBA_cd/  Created 
Model's configs:
{'model_name': 'LBA_cd', 'stan_file': 'LBA/LBA_cd.stan', 'dataset_name': 'fastText_FC.csv', 'plots_folder_name': 'LBA_cd', 'transf_params': ['transf_mu_k_word', 'transf_mu_sp_trial_var_word', 'transf_mu_k_nonword', 'transf_mu_sp_trial_var_nonword', 'transf_mu_ndt', 'transf_mu_drift_word', 'transf_mu_drift_nonword', 'transf_mu_drift_variability']}
   accuracy     rt    string  ...  category  word_prob  non_word_prob
0         1  0.651     curbs  ...        LF   0.999998   1.546347e-06
1         1  0.698     germs  ...        HF   0.999999   7.800695e-07
2         1  0.765      mark  ...        HF   1.000000   3.632955e-08
3         1  0.642  draftees  ...        LF   0.999610   3.904704e-04
4         1  0.674     lotto  ...        HF   0.999634   3.661419e-04

[5 rows x 11 columns]
Chain [2] method = sample (Default)
Chain [2] sample
Chain [1] method = sample (Default)
Chain [1] sample
Chain [1] num_samples = 3500
Chain [1] num_warmup = 3500
Chain [1] save_warmup = 0 (Default)
Chain [2] num_samples = 3500
Chain [1] thin = 1 (Default)
Chain [1] adapt
Chain [1] engaged = 1 (Default)
Chain [2] num_warmup = 3500
Chain [2] save_warmup = 0 (Default)
Chain [2] thin = 1 (Default)
Chain [2] adapt
Chain [2] engaged = 1 (Default)
Chain [1] gamma = 0.050000000000000003 (Default)
Chain [1] delta = 0.80000000000000004 (Default)
Chain [2] gamma = 0.050000000000000003 (Default)
Chain [1] kappa = 0.75 (Default)
Chain [1] t0 = 10 (Default)
Chain [2] delta = 0.80000000000000004 (Default)
Chain [1] init_buffer = 75 (Default)
Chain [1] term_buffer = 50 (Default)
Chain [2] kappa = 0.75 (Default)
Chain [1] window = 25 (Default)
Chain [1] algorithm = hmc (Default)
Chain [2] t0 = 10 (Default)
Chain [1] hmc
Chain [1] engine = nuts (Default)
Chain [2] init_buffer = 75 (Default)
Chain [1] nuts
Chain [1] max_depth = 10 (Default)
Chain [2] term_buffer = 50 (Default)
Chain [1] metric = diag_e (Default)
Chain [1] metric_file =  (Default)
Chain [2] window = 25 (Default)
Chain [1] stepsize = 1 (Default)
Chain [1] stepsize_jitter = 0 (Default)
Chain [2] algorithm = hmc (Default)
Chain [1] num_chains = 1 (Default)
Chain [1] id = 1 (Default)
Chain [2] hmc
Chain [1] data
Chain [1] file = /tmp/tmpbf3l_xgd/_1cur462.json
Chain [2] engine = nuts (Default)
Chain [1] init = 2 (Default)
Chain [1] random
Chain [2] nuts
Chain [1] seed = 89285
Chain [2] max_depth = 10 (Default)
Chain [1] output
Chain [1] file = /storage/users/adadras/ANN-EAM/stan_results/LBA_cd/LBA_cd-20230105072936_1.csv
Chain [2] metric = diag_e (Default)
Chain [1] diagnostic_file =  (Default)
Chain [1] refresh = 100 (Default)
Chain [2] metric_file =  (Default)
Chain [1] sig_figs = -1 (Default)
Chain [1] profile_file = profile.csv (Default)
Chain [2] stepsize = 1 (Default)
Chain [1] num_threads = 1 (Default)
Chain [1] 
Chain [2] stepsize_jitter = 0 (Default)
Chain [2] num_chains = 1 (Default)
Chain [2] id = 2
Chain [2] data
Chain [2] file = /tmp/tmpbf3l_xgd/_1cur462.json
Chain [2] init = 2 (Default)
Chain [2] random
Chain [2] seed = 89285
Chain [2] output
Chain [2] file = /storage/users/adadras/ANN-EAM/stan_results/LBA_cd/LBA_cd-20230105072936_2.csv
Chain [2] diagnostic_file =  (Default)
Chain [2] refresh = 100 (Default)
Chain [2] sig_figs = -1 (Default)
Chain [2] profile_file = profile.csv (Default)
Chain [2] num_threads = 1 (Default)
Chain [2] 
Chain [4] method = sample (Default)
Chain [4] sample
Chain [4] num_samples = 3500
Chain [4] num_warmup = 3500
Chain [4] save_warmup = 0 (Default)
Chain [4] thin = 1 (Default)
Chain [4] adapt
Chain [4] engaged = 1 (Default)
Chain [4] gamma = 0.050000000000000003 (Default)
Chain [4] delta = 0.80000000000000004 (Default)
Chain [4] kappa = 0.75 (Default)
Chain [4] t0 = 10 (Default)
Chain [4] init_buffer = 75 (Default)
Chain [4] term_buffer = 50 (Default)
Chain [4] window = 25 (Default)
Chain [4] algorithm = hmc (Default)
Chain [4] hmc
Chain [4] engine = nuts (Default)
Chain [4] nuts
Chain [4] max_depth = 10 (Default)
Chain [4] metric = diag_e (Default)
Chain [4] metric_file =  (Default)
Chain [4] stepsize = 1 (Default)
Chain [4] stepsize_jitter = 0 (Default)
Chain [4] num_chains = 1 (Default)
Chain [4] id = 4
Chain [4] data
Chain [4] file = /tmp/tmpbf3l_xgd/_1cur462.json
Chain [4] init = 2 (Default)
Chain [4] random
Chain [4] seed = 89285
Chain [4] output
Chain [4] file = /storage/users/adadras/ANN-EAM/stan_results/LBA_cd/LBA_cd-20230105072936_4.csv
Chain [4] diagnostic_file =  (Default)
Chain [4] refresh = 100 (Default)
Chain [4] sig_figs = -1 (Default)
Chain [4] profile_file = profile.csv (Default)
Chain [4] num_threads = 1 (Default)
Chain [4] 
Chain [3] method = sample (Default)
Chain [3] sample
Chain [3] num_samples = 3500
Chain [3] num_warmup = 3500
Chain [3] save_warmup = 0 (Default)
Chain [3] thin = 1 (Default)
Chain [3] adapt
Chain [3] engaged = 1 (Default)
Chain [3] gamma = 0.050000000000000003 (Default)
Chain [3] delta = 0.80000000000000004 (Default)
Chain [3] kappa = 0.75 (Default)
Chain [3] t0 = 10 (Default)
Chain [3] init_buffer = 75 (Default)
Chain [3] term_buffer = 50 (Default)
Chain [3] window = 25 (Default)
Chain [3] algorithm = hmc (Default)
Chain [3] hmc
Chain [3] engine = nuts (Default)
Chain [3] nuts
Chain [3] max_depth = 10 (Default)
Chain [3] metric = diag_e (Default)
Chain [3] metric_file =  (Default)
Chain [3] stepsize = 1 (Default)
Chain [3] stepsize_jitter = 0 (Default)
Chain [3] num_chains = 1 (Default)
Chain [3] id = 3
Chain [3] data
Chain [3] file = /tmp/tmpbf3l_xgd/_1cur462.json
Chain [3] init = 2 (Default)
Chain [3] random
Chain [3] seed = 89285
Chain [3] output
Chain [3] file = /storage/users/adadras/ANN-EAM/stan_results/LBA_cd/LBA_cd-20230105072936_3.csv
Chain [3] diagnostic_file =  (Default)
Chain [3] refresh = 100 (Default)
Chain [3] sig_figs = -1 (Default)
Chain [3] profile_file = profile.csv (Default)
Chain [3] num_threads = 1 (Default)
Chain [3] 
Chain [2] 
Chain [2] Gradient evaluation took 0.134879 seconds
Chain [2] 1000 transitions using 10 leapfrog steps per transition would take 1348.79 seconds.
Chain [2] Adjust your expectations accordingly!
Chain [2] 
Chain [2] 
Chain [4] 
Chain [4] Gradient evaluation took 0.124745 seconds
Chain [4] 1000 transitions using 10 leapfrog steps per transition would take 1247.45 seconds.
Chain [4] Adjust your expectations accordingly!
Chain [4] 
Chain [4] 
Chain [3] 
Chain [3] Gradient evaluation took 0.125339 seconds
Chain [3] 1000 transitions using 10 leapfrog steps per transition would take 1253.39 seconds.
Chain [3] Adjust your expectations accordingly!
Chain [3] 
Chain [3] 
Chain [1] 
Chain [1] Gradient evaluation took 0.160304 seconds
Chain [1] 1000 transitions using 10 leapfrog steps per transition would take 1603.04 seconds.
Chain [1] Adjust your expectations accordingly!
Chain [1] 
Chain [1] 
Chain [2] Informational Message: The current Metropolis proposal is about to be rejected because of the following issue:
Chain [2] Exception: Exception: Exception: Phi: x is -nan, but must be not nan! (in '/tmp/tmp8s8_pncd/tmpjjtbktd9.stan', line 24, column 8 to column 34) (in '/tmp/tmp8s8_pncd/tmpjjtbktd9.stan', line 82, column 20 to column 88) (in '/tmp/tmp8s8_pncd/tmpjjtbktd9.stan', line 261, column 4 to line 262, column 72)
Chain [2] If this warning occurs sporadically, such as for highly constrained variable types like covariance matrices, then the sampler is fine,
Chain [2] but if this warning occurs often then your model may be either severely ill-conditioned or misspecified.
Chain [2] 
Chain [4] Informational Message: The current Metropolis proposal is about to be rejected because of the following issue:
Chain [4] Exception: Exception: Exception: Phi: x is -nan, but must be not nan! (in '/tmp/tmp8s8_pncd/tmpjjtbktd9.stan', line 24, column 8 to column 34) (in '/tmp/tmp8s8_pncd/tmpjjtbktd9.stan', line 82, column 20 to column 88) (in '/tmp/tmp8s8_pncd/tmpjjtbktd9.stan', line 261, column 4 to line 262, column 72)
Chain [4] If this warning occurs sporadically, such as for highly constrained variable types like covariance matrices, then the sampler is fine,
Chain [4] but if this warning occurs often then your model may be either severely ill-conditioned or misspecified.
Chain [4] 
Chain [3] Informational Message: The current Metropolis proposal is about to be rejected because of the following issue:
Chain [3] Exception: Exception: Exception: Phi: x is -nan, but must be not nan! (in '/tmp/tmp8s8_pncd/tmpjjtbktd9.stan', line 24, column 8 to column 34) (in '/tmp/tmp8s8_pncd/tmpjjtbktd9.stan', line 82, column 20 to column 88) (in '/tmp/tmp8s8_pncd/tmpjjtbktd9.stan', line 261, column 4 to line 262, column 72)
Chain [3] If this warning occurs sporadically, such as for highly constrained variable types like covariance matrices, then the sampler is fine,
Chain [3] but if this warning occurs often then your model may be either severely ill-conditioned or misspecified.
Chain [3] 
Chain [1] Informational Message: The current Metropolis proposal is about to be rejected because of the following issue:
Chain [1] Exception: Exception: Exception: Phi: x is -nan, but must be not nan! (in '/tmp/tmp8s8_pncd/tmpjjtbktd9.stan', line 24, column 8 to column 34) (in '/tmp/tmp8s8_pncd/tmpjjtbktd9.stan', line 82, column 20 to column 88) (in '/tmp/tmp8s8_pncd/tmpjjtbktd9.stan', line 261, column 4 to line 262, column 72)
Chain [1] If this warning occurs sporadically, such as for highly constrained variable types like covariance matrices, then the sampler is fine,
Chain [1] but if this warning occurs often then your model may be either severely ill-conditioned or misspecified.
Chain [1] 
Chain [4] Informational Message: The current Metropolis proposal is about to be rejected because of the following issue:
Chain [4] Exception: Exception: Exception: Phi: x is -nan, but must be not nan! (in '/tmp/tmp8s8_pncd/tmpjjtbktd9.stan', line 24, column 8 to column 34) (in '/tmp/tmp8s8_pncd/tmpjjtbktd9.stan', line 82, column 20 to column 88) (in '/tmp/tmp8s8_pncd/tmpjjtbktd9.stan', line 261, column 4 to line 262, column 72)
Chain [4] If this warning occurs sporadically, such as for highly constrained variable types like covariance matrices, then the sampler is fine,
Chain [4] but if this warning occurs often then your model may be either severely ill-conditioned or misspecified.
Chain [4] 
Chain [2] Informational Message: The current Metropolis proposal is about to be rejected because of the following issue:
Chain [2] Exception: Exception: Exception: Phi: x is -nan, but must be not nan! (in '/tmp/tmp8s8_pncd/tmpjjtbktd9.stan', line 24, column 8 to column 34) (in '/tmp/tmp8s8_pncd/tmpjjtbktd9.stan', line 82, column 20 to column 88) (in '/tmp/tmp8s8_pncd/tmpjjtbktd9.stan', line 261, column 4 to line 262, column 72)
Chain [2] If this warning occurs sporadically, such as for highly constrained variable types like covariance matrices, then the sampler is fine,
Chain [2] but if this warning occurs often then your model may be either severely ill-conditioned or misspecified.
Chain [2] 
Chain [3] Informational Message: The current Metropolis proposal is about to be rejected because of the following issue:
Chain [3] Exception: Exception: Exception: Phi: x is -nan, but must be not nan! (in '/tmp/tmp8s8_pncd/tmpjjtbktd9.stan', line 24, column 8 to column 34) (in '/tmp/tmp8s8_pncd/tmpjjtbktd9.stan', line 82, column 20 to column 88) (in '/tmp/tmp8s8_pncd/tmpjjtbktd9.stan', line 261, column 4 to line 262, column 72)
Chain [3] If this warning occurs sporadically, such as for highly constrained variable types like covariance matrices, then the sampler is fine,
Chain [3] but if this warning occurs often then your model may be either severely ill-conditioned or misspecified.
Chain [3] 
Chain [1] Informational Message: The current Metropolis proposal is about to be rejected because of the following issue:
Chain [1] Exception: Exception: Exception: Phi: x is -nan, but must be not nan! (in '/tmp/tmp8s8_pncd/tmpjjtbktd9.stan', line 24, column 8 to column 34) (in '/tmp/tmp8s8_pncd/tmpjjtbktd9.stan', line 82, column 20 to column 88) (in '/tmp/tmp8s8_pncd/tmpjjtbktd9.stan', line 261, column 4 to line 262, column 72)
Chain [1] If this warning occurs sporadically, such as for highly constrained variable types like covariance matrices, then the sampler is fine,
Chain [1] but if this warning occurs often then your model may be either severely ill-conditioned or misspecified.
Chain [1] 
Chain [4] Informational Message: The current Metropolis proposal is about to be rejected because of the following issue:
Chain [4] Exception: Exception: Exception: Phi: x is -nan, but must be not nan! (in '/tmp/tmp8s8_pncd/tmpjjtbktd9.stan', line 24, column 8 to column 34) (in '/tmp/tmp8s8_pncd/tmpjjtbktd9.stan', line 82, column 20 to column 88) (in '/tmp/tmp8s8_pncd/tmpjjtbktd9.stan', line 261, column 4 to line 262, column 72)
Chain [4] If this warning occurs sporadically, such as for highly constrained variable types like covariance matrices, then the sampler is fine,
Chain [4] but if this warning occurs often then your model may be either severely ill-conditioned or misspecified.
Chain [4] 
Chain [2] Informational Message: The current Metropolis proposal is about to be rejected because of the following issue:
Chain [2] Exception: Exception: Exception: Phi: x is -nan, but must be not nan! (in '/tmp/tmp8s8_pncd/tmpjjtbktd9.stan', line 24, column 8 to column 34) (in '/tmp/tmp8s8_pncd/tmpjjtbktd9.stan', line 82, column 20 to column 88) (in '/tmp/tmp8s8_pncd/tmpjjtbktd9.stan', line 261, column 4 to line 262, column 72)
Chain [2] If this warning occurs sporadically, such as for highly constrained variable types like covariance matrices, then the sampler is fine,
Chain [2] but if this warning occurs often then your model may be either severely ill-conditioned or misspecified.
Chain [2] 
Chain [3] Informational Message: The current Metropolis proposal is about to be rejected because of the following issue:
Chain [3] Exception: Exception: Exception: Phi: x is -nan, but must be not nan! (in '/tmp/tmp8s8_pncd/tmpjjtbktd9.stan', line 24, column 8 to column 34) (in '/tmp/tmp8s8_pncd/tmpjjtbktd9.stan', line 82, column 20 to column 88) (in '/tmp/tmp8s8_pncd/tmpjjtbktd9.stan', line 261, column 4 to line 262, column 72)
Chain [3] If this warning occurs sporadically, such as for highly constrained variable types like covariance matrices, then the sampler is fine,
Chain [3] but if this warning occurs often then your model may be either severely ill-conditioned or misspecified.
Chain [3] 
Chain [1] Informational Message: The current Metropolis proposal is about to be rejected because of the following issue:
Chain [1] Exception: Exception: Exception: Phi: x is -nan, but must be not nan! (in '/tmp/tmp8s8_pncd/tmpjjtbktd9.stan', line 24, column 8 to column 34) (in '/tmp/tmp8s8_pncd/tmpjjtbktd9.stan', line 82, column 20 to column 88) (in '/tmp/tmp8s8_pncd/tmpjjtbktd9.stan', line 261, column 4 to line 262, column 72)
Chain [1] If this warning occurs sporadically, such as for highly constrained variable types like covariance matrices, then the sampler is fine,
Chain [1] but if this warning occurs often then your model may be either severely ill-conditioned or misspecified.
Chain [1] 
Chain [4] Informational Message: The current Metropolis proposal is about to be rejected because of the following issue:
Chain [4] Exception: Exception: Exception: Phi: x is -nan, but must be not nan! (in '/tmp/tmp8s8_pncd/tmpjjtbktd9.stan', line 48, column 8 to column 43) (in '/tmp/tmp8s8_pncd/tmpjjtbktd9.stan', line 83, column 20 to column 99) (in '/tmp/tmp8s8_pncd/tmpjjtbktd9.stan', line 261, column 4 to line 262, column 72)
Chain [4] If this warning occurs sporadically, such as for highly constrained variable types like covariance matrices, then the sampler is fine,
Chain [4] but if this warning occurs often then your model may be either severely ill-conditioned or misspecified.
Chain [4] 
Chain [3] Informational Message: The current Metropolis proposal is about to be rejected because of the following issue:
Chain [3] Exception: Exception: Exception: Phi: x is -nan, but must be not nan! (in '/tmp/tmp8s8_pncd/tmpjjtbktd9.stan', line 24, column 8 to column 34) (in '/tmp/tmp8s8_pncd/tmpjjtbktd9.stan', line 82, column 20 to column 88) (in '/tmp/tmp8s8_pncd/tmpjjtbktd9.stan', line 261, column 4 to line 262, column 72)
Chain [3] If this warning occurs sporadically, such as for highly constrained variable types like covariance matrices, then the sampler is fine,
Chain [3] but if this warning occurs often then your model may be either severely ill-conditioned or misspecified.
Chain [3] 
Chain [2] Informational Message: The current Metropolis proposal is about to be rejected because of the following issue:
Chain [2] Exception: Exception: Exception: Phi: x is -nan, but must be not nan! (in '/tmp/tmp8s8_pncd/tmpjjtbktd9.stan', line 24, column 8 to column 34) (in '/tmp/tmp8s8_pncd/tmpjjtbktd9.stan', line 82, column 20 to column 88) (in '/tmp/tmp8s8_pncd/tmpjjtbktd9.stan', line 261, column 4 to line 262, column 72)
Chain [2] If this warning occurs sporadically, such as for highly constrained variable types like covariance matrices, then the sampler is fine,
Chain [2] but if this warning occurs often then your model may be either severely ill-conditioned or misspecified.
Chain [2] 
Chain [3] Informational Message: The current Metropolis proposal is about to be rejected because of the following issue:
Chain [3] Exception: Exception: Exception: Phi: x is -nan, but must be not nan! (in '/tmp/tmp8s8_pncd/tmpjjtbktd9.stan', line 24, column 8 to column 34) (in '/tmp/tmp8s8_pncd/tmpjjtbktd9.stan', line 86, column 20 to column 97) (in '/tmp/tmp8s8_pncd/tmpjjtbktd9.stan', line 261, column 4 to line 262, column 72)
Chain [3] If this warning occurs sporadically, such as for highly constrained variable types like covariance matrices, then the sampler is fine,
Chain [3] but if this warning occurs often then your model may be either severely ill-conditioned or misspecified.
Chain [3] 
Chain [2] Informational Message: The current Metropolis proposal is about to be rejected because of the following issue:
Chain [2] Exception: Exception: Exception: Phi: x is -nan, but must be not nan! (in '/tmp/tmp8s8_pncd/tmpjjtbktd9.stan', line 24, column 8 to column 34) (in '/tmp/tmp8s8_pncd/tmpjjtbktd9.stan', line 82, column 20 to column 88) (in '/tmp/tmp8s8_pncd/tmpjjtbktd9.stan', line 261, column 4 to line 262, column 72)
Chain [2] If this warning occurs sporadically, such as for highly constrained variable types like covariance matrices, then the sampler is fine,
Chain [2] but if this warning occurs often then your model may be either severely ill-conditioned or misspecified.
Chain [2] 
Chain [2] Informational Message: The current Metropolis proposal is about to be rejected because of the following issue:
Chain [2] Exception: Exception: Exception: Phi: x is -nan, but must be not nan! (in '/tmp/tmp8s8_pncd/tmpjjtbktd9.stan', line 24, column 8 to column 34) (in '/tmp/tmp8s8_pncd/tmpjjtbktd9.stan', line 82, column 20 to column 88) (in '/tmp/tmp8s8_pncd/tmpjjtbktd9.stan', line 261, column 4 to line 262, column 72)
Chain [2] If this warning occurs sporadically, such as for highly constrained variable types like covariance matrices, then the sampler is fine,
Chain [2] but if this warning occurs often then your model may be either severely ill-conditioned or misspecified.
Chain [2] 
Chain [2] Iteration:    1 / 7000 [  0%]  (Warmup)
Chain [3] Iteration:    1 / 7000 [  0%]  (Warmup)
Chain [4] Iteration:    1 / 7000 [  0%]  (Warmup)
Chain [2] Informational Message: The current Metropolis proposal is about to be rejected because of the following issue:
Chain [2] Exception: Exception: Exception: Phi: x is -nan, but must be not nan! (in '/tmp/tmp8s8_pncd/tmpjjtbktd9.stan', line 24, column 8 to column 34) (in '/tmp/tmp8s8_pncd/tmpjjtbktd9.stan', line 82, column 20 to column 88) (in '/tmp/tmp8s8_pncd/tmpjjtbktd9.stan', line 261, column 4 to line 262, column 72)
Chain [2] If this warning occurs sporadically, such as for highly constrained variable types like covariance matrices, then the sampler is fine,
Chain [2] but if this warning occurs often then your model may be either severely ill-conditioned or misspecified.
Chain [2] 
Chain [1] Iteration:    1 / 7000 [  0%]  (Warmup)
Chain [2] Informational Message: The current Metropolis proposal is about to be rejected because of the following issue:
Chain [2] Exception: Exception: Exception: Phi: x is -nan, but must be not nan! (in '/tmp/tmp8s8_pncd/tmpjjtbktd9.stan', line 24, column 8 to column 34) (in '/tmp/tmp8s8_pncd/tmpjjtbktd9.stan', line 82, column 20 to column 88) (in '/tmp/tmp8s8_pncd/tmpjjtbktd9.stan', line 261, column 4 to line 262, column 72)
Chain [2] If this warning occurs sporadically, such as for highly constrained variable types like covariance matrices, then the sampler is fine,
Chain [2] but if this warning occurs often then your model may be either severely ill-conditioned or misspecified.
Chain [2] 
Chain [3] Informational Message: The current Metropolis proposal is about to be rejected because of the following issue:
Chain [3] Exception: Exception: Exception: Phi: x is -nan, but must be not nan! (in '/tmp/tmp8s8_pncd/tmpjjtbktd9.stan', line 48, column 8 to column 43) (in '/tmp/tmp8s8_pncd/tmpjjtbktd9.stan', line 83, column 20 to column 99) (in '/tmp/tmp8s8_pncd/tmpjjtbktd9.stan', line 261, column 4 to line 262, column 72)
Chain [3] If this warning occurs sporadically, such as for highly constrained variable types like covariance matrices, then the sampler is fine,
Chain [3] but if this warning occurs often then your model may be either severely ill-conditioned or misspecified.
Chain [3] 
Chain [3] Informational Message: The current Metropolis proposal is about to be rejected because of the following issue:
Chain [3] Exception: Exception: Exception: Phi: x is -nan, but must be not nan! (in '/tmp/tmp8s8_pncd/tmpjjtbktd9.stan', line 48, column 8 to column 43) (in '/tmp/tmp8s8_pncd/tmpjjtbktd9.stan', line 83, column 20 to column 99) (in '/tmp/tmp8s8_pncd/tmpjjtbktd9.stan', line 261, column 4 to line 262, column 72)
Chain [3] If this warning occurs sporadically, such as for highly constrained variable types like covariance matrices, then the sampler is fine,
Chain [3] but if this warning occurs often then your model may be either severely ill-conditioned or misspecified.
Chain [3] 
Chain [1] Informational Message: The current Metropolis proposal is about to be rejected because of the following issue:
Chain [1] Exception: Exception: Exception: Phi: x is -nan, but must be not nan! (in '/tmp/tmp8s8_pncd/tmpjjtbktd9.stan', line 24, column 8 to column 34) (in '/tmp/tmp8s8_pncd/tmpjjtbktd9.stan', line 86, column 20 to column 97) (in '/tmp/tmp8s8_pncd/tmpjjtbktd9.stan', line 261, column 4 to line 262, column 72)
Chain [1] If this warning occurs sporadically, such as for highly constrained variable types like covariance matrices, then the sampler is fine,
Chain [1] but if this warning occurs often then your model may be either severely ill-conditioned or misspecified.
Chain [1] 
Chain [1] Informational Message: The current Metropolis proposal is about to be rejected because of the following issue:
Chain [1] Exception: Exception: Exception: Phi: x is -nan, but must be not nan! (in '/tmp/tmp8s8_pncd/tmpjjtbktd9.stan', line 24, column 8 to column 34) (in '/tmp/tmp8s8_pncd/tmpjjtbktd9.stan', line 86, column 20 to column 97) (in '/tmp/tmp8s8_pncd/tmpjjtbktd9.stan', line 261, column 4 to line 262, column 72)
Chain [1] If this warning occurs sporadically, such as for highly constrained variable types like covariance matrices, then the sampler is fine,
Chain [1] but if this warning occurs often then your model may be either severely ill-conditioned or misspecified.
Chain [1] 
Chain [4] Informational Message: The current Metropolis proposal is about to be rejected because of the following issue:
Chain [4] Exception: Exception: Exception: Phi: x is -nan, but must be not nan! (in '/tmp/tmp8s8_pncd/tmpjjtbktd9.stan', line 24, column 8 to column 34) (in '/tmp/tmp8s8_pncd/tmpjjtbktd9.stan', line 82, column 20 to column 88) (in '/tmp/tmp8s8_pncd/tmpjjtbktd9.stan', line 261, column 4 to line 262, column 72)
Chain [4] If this warning occurs sporadically, such as for highly constrained variable types like covariance matrices, then the sampler is fine,
Chain [4] but if this warning occurs often then your model may be either severely ill-conditioned or misspecified.
Chain [4] 
Chain [4] Informational Message: The current Metropolis proposal is about to be rejected because of the following issue:
Chain [4] Exception: Exception: Exception: Phi: x is -nan, but must be not nan! (in '/tmp/tmp8s8_pncd/tmpjjtbktd9.stan', line 24, column 8 to column 34) (in '/tmp/tmp8s8_pncd/tmpjjtbktd9.stan', line 82, column 20 to column 88) (in '/tmp/tmp8s8_pncd/tmpjjtbktd9.stan', line 261, column 4 to line 262, column 72)
Chain [4] If this warning occurs sporadically, such as for highly constrained variable types like covariance matrices, then the sampler is fine,
Chain [4] but if this warning occurs often then your model may be either severely ill-conditioned or misspecified.
Chain [4] 
Chain [4] Iteration:  100 / 7000 [  1%]  (Warmup)
Chain [2] Iteration:  100 / 7000 [  1%]  (Warmup)
Chain [3] Iteration:  100 / 7000 [  1%]  (Warmup)
Chain [1] Iteration:  100 / 7000 [  1%]  (Warmup)
Chain [4] Iteration:  200 / 7000 [  2%]  (Warmup)
Chain [2] Iteration:  200 / 7000 [  2%]  (Warmup)
Chain [3] Iteration:  200 / 7000 [  2%]  (Warmup)
Chain [2] Iteration:  300 / 7000 [  4%]  (Warmup)
Chain [1] Iteration:  200 / 7000 [  2%]  (Warmup)
Chain [4] Iteration:  300 / 7000 [  4%]  (Warmup)
Chain [2] Iteration:  400 / 7000 [  5%]  (Warmup)
Chain [3] Iteration:  300 / 7000 [  4%]  (Warmup)
Chain [4] Iteration:  400 / 7000 [  5%]  (Warmup)
Chain [1] Iteration:  300 / 7000 [  4%]  (Warmup)
Chain [2] Iteration:  500 / 7000 [  7%]  (Warmup)
Chain [3] Iteration:  400 / 7000 [  5%]  (Warmup)
Chain [4] Iteration:  500 / 7000 [  7%]  (Warmup)
Chain [1] Iteration:  400 / 7000 [  5%]  (Warmup)
Chain [2] Iteration:  600 / 7000 [  8%]  (Warmup)
Chain [3] Iteration:  500 / 7000 [  7%]  (Warmup)
Chain [4] Iteration:  600 / 7000 [  8%]  (Warmup)
Chain [1] Iteration:  500 / 7000 [  7%]  (Warmup)
Chain [2] Iteration:  700 / 7000 [ 10%]  (Warmup)
Chain [3] Iteration:  600 / 7000 [  8%]  (Warmup)
Chain [4] Iteration:  700 / 7000 [ 10%]  (Warmup)
Chain [1] Iteration:  600 / 7000 [  8%]  (Warmup)
Chain [3] Iteration:  700 / 7000 [ 10%]  (Warmup)
Chain [2] Iteration:  800 / 7000 [ 11%]  (Warmup)
Chain [4] Iteration:  800 / 7000 [ 11%]  (Warmup)
Chain [1] Iteration:  700 / 7000 [ 10%]  (Warmup)
Chain [3] Iteration:  800 / 7000 [ 11%]  (Warmup)
Chain [2] Iteration:  900 / 7000 [ 12%]  (Warmup)
Chain [4] Iteration:  900 / 7000 [ 12%]  (Warmup)
Chain [1] Iteration:  800 / 7000 [ 11%]  (Warmup)
Chain [3] Iteration:  900 / 7000 [ 12%]  (Warmup)
Chain [2] Iteration: 1000 / 7000 [ 14%]  (Warmup)
Chain [4] Iteration: 1000 / 7000 [ 14%]  (Warmup)
Chain [1] Iteration:  900 / 7000 [ 12%]  (Warmup)
Chain [3] Iteration: 1000 / 7000 [ 14%]  (Warmup)
Chain [2] Iteration: 1100 / 7000 [ 15%]  (Warmup)
Chain [4] Iteration: 1100 / 7000 [ 15%]  (Warmup)
Chain [2] Iteration: 1200 / 7000 [ 17%]  (Warmup)
Chain [1] Iteration: 1000 / 7000 [ 14%]  (Warmup)
Chain [3] Iteration: 1100 / 7000 [ 15%]  (Warmup)
Chain [4] Iteration: 1200 / 7000 [ 17%]  (Warmup)
Chain [2] Iteration: 1300 / 7000 [ 18%]  (Warmup)
Chain [1] Iteration: 1100 / 7000 [ 15%]  (Warmup)
Chain [4] Iteration: 1300 / 7000 [ 18%]  (Warmup)
Chain [3] Iteration: 1200 / 7000 [ 17%]  (Warmup)
Chain [2] Iteration: 1400 / 7000 [ 20%]  (Warmup)
Chain [4] Iteration: 1400 / 7000 [ 20%]  (Warmup)
Chain [1] Iteration: 1200 / 7000 [ 17%]  (Warmup)
Chain [3] Iteration: 1300 / 7000 [ 18%]  (Warmup)
Chain [2] Iteration: 1500 / 7000 [ 21%]  (Warmup)
Chain [4] Iteration: 1500 / 7000 [ 21%]  (Warmup)
Chain [1] Iteration: 1300 / 7000 [ 18%]  (Warmup)
Chain [3] Iteration: 1400 / 7000 [ 20%]  (Warmup)
Chain [2] Iteration: 1600 / 7000 [ 22%]  (Warmup)
Chain [4] Iteration: 1600 / 7000 [ 22%]  (Warmup)
Chain [1] Iteration: 1400 / 7000 [ 20%]  (Warmup)
Chain [3] Iteration: 1500 / 7000 [ 21%]  (Warmup)
Chain [2] Iteration: 1700 / 7000 [ 24%]  (Warmup)
Chain [4] Iteration: 1700 / 7000 [ 24%]  (Warmup)
Chain [1] Iteration: 1500 / 7000 [ 21%]  (Warmup)
Chain [3] Iteration: 1600 / 7000 [ 22%]  (Warmup)
Chain [2] Iteration: 1800 / 7000 [ 25%]  (Warmup)
Chain [4] Iteration: 1800 / 7000 [ 25%]  (Warmup)
Chain [1] Iteration: 1600 / 7000 [ 22%]  (Warmup)
Chain [3] Iteration: 1700 / 7000 [ 24%]  (Warmup)
Chain [2] Iteration: 1900 / 7000 [ 27%]  (Warmup)
Chain [4] Iteration: 1900 / 7000 [ 27%]  (Warmup)
Chain [1] Iteration: 1700 / 7000 [ 24%]  (Warmup)
Chain [2] Iteration: 2000 / 7000 [ 28%]  (Warmup)
Chain [3] Iteration: 1800 / 7000 [ 25%]  (Warmup)
Chain [4] Iteration: 2000 / 7000 [ 28%]  (Warmup)
Chain [2] Iteration: 2100 / 7000 [ 30%]  (Warmup)
Chain [1] Iteration: 1800 / 7000 [ 25%]  (Warmup)
Chain [4] Iteration: 2100 / 7000 [ 30%]  (Warmup)
Chain [3] Iteration: 1900 / 7000 [ 27%]  (Warmup)
Chain [2] Iteration: 2200 / 7000 [ 31%]  (Warmup)
Chain [4] Iteration: 2200 / 7000 [ 31%]  (Warmup)
Chain [1] Iteration: 1900 / 7000 [ 27%]  (Warmup)
Chain [3] Iteration: 2000 / 7000 [ 28%]  (Warmup)
Chain [2] Iteration: 2300 / 7000 [ 32%]  (Warmup)
Chain [4] Iteration: 2300 / 7000 [ 32%]  (Warmup)
Chain [1] Iteration: 2000 / 7000 [ 28%]  (Warmup)
Chain [3] Iteration: 2100 / 7000 [ 30%]  (Warmup)
Chain [2] Iteration: 2400 / 7000 [ 34%]  (Warmup)
Chain [4] Iteration: 2400 / 7000 [ 34%]  (Warmup)
Chain [1] Iteration: 2100 / 7000 [ 30%]  (Warmup)
Chain [3] Iteration: 2200 / 7000 [ 31%]  (Warmup)
Chain [2] Iteration: 2500 / 7000 [ 35%]  (Warmup)
Chain [4] Iteration: 2500 / 7000 [ 35%]  (Warmup)
Chain [1] Iteration: 2200 / 7000 [ 31%]  (Warmup)
Chain [3] Iteration: 2300 / 7000 [ 32%]  (Warmup)
Chain [2] Iteration: 2600 / 7000 [ 37%]  (Warmup)
Chain [4] Iteration: 2600 / 7000 [ 37%]  (Warmup)
Chain [1] Iteration: 2300 / 7000 [ 32%]  (Warmup)
Chain [2] Iteration: 2700 / 7000 [ 38%]  (Warmup)
Chain [3] Iteration: 2400 / 7000 [ 34%]  (Warmup)
Chain [4] Iteration: 2700 / 7000 [ 38%]  (Warmup)
Chain [1] Iteration: 2400 / 7000 [ 34%]  (Warmup)
Chain [2] Iteration: 2800 / 7000 [ 40%]  (Warmup)
Chain [3] Iteration: 2500 / 7000 [ 35%]  (Warmup)
Chain [4] Iteration: 2800 / 7000 [ 40%]  (Warmup)
Chain [1] Iteration: 2500 / 7000 [ 35%]  (Warmup)
Chain [2] Iteration: 2900 / 7000 [ 41%]  (Warmup)
Chain [4] Iteration: 2900 / 7000 [ 41%]  (Warmup)
Chain [3] Iteration: 2600 / 7000 [ 37%]  (Warmup)
Chain [1] Iteration: 2600 / 7000 [ 37%]  (Warmup)
Chain [2] Iteration: 3000 / 7000 [ 42%]  (Warmup)
Chain [4] Iteration: 3000 / 7000 [ 42%]  (Warmup)
Chain [3] Iteration: 2700 / 7000 [ 38%]  (Warmup)
Chain [1] Iteration: 2700 / 7000 [ 38%]  (Warmup)
Chain [2] Iteration: 3100 / 7000 [ 44%]  (Warmup)
Chain [4] Iteration: 3100 / 7000 [ 44%]  (Warmup)
Chain [3] Iteration: 2800 / 7000 [ 40%]  (Warmup)
Chain [2] Iteration: 3200 / 7000 [ 45%]  (Warmup)
Chain [1] Iteration: 2800 / 7000 [ 40%]  (Warmup)
Chain [4] Iteration: 3200 / 7000 [ 45%]  (Warmup)
Chain [3] Iteration: 2900 / 7000 [ 41%]  (Warmup)
Chain [2] Iteration: 3300 / 7000 [ 47%]  (Warmup)
Chain [1] Iteration: 2900 / 7000 [ 41%]  (Warmup)
Chain [4] Iteration: 3300 / 7000 [ 47%]  (Warmup)
Chain [3] Iteration: 3000 / 7000 [ 42%]  (Warmup)
Chain [2] Iteration: 3400 / 7000 [ 48%]  (Warmup)
Chain [1] Iteration: 3000 / 7000 [ 42%]  (Warmup)
Chain [4] Iteration: 3400 / 7000 [ 48%]  (Warmup)
Chain [3] Iteration: 3100 / 7000 [ 44%]  (Warmup)
Chain [1] Iteration: 3100 / 7000 [ 44%]  (Warmup)
Chain [2] Iteration: 3500 / 7000 [ 50%]  (Warmup)
Chain [2] Iteration: 3501 / 7000 [ 50%]  (Sampling)
Chain [4] Iteration: 3500 / 7000 [ 50%]  (Warmup)
Chain [4] Iteration: 3501 / 7000 [ 50%]  (Sampling)
Chain [3] Iteration: 3200 / 7000 [ 45%]  (Warmup)
Chain [1] Iteration: 3200 / 7000 [ 45%]  (Warmup)
Chain [4] Iteration: 3600 / 7000 [ 51%]  (Sampling)
Chain [3] Iteration: 3300 / 7000 [ 47%]  (Warmup)
Chain [2] Iteration: 3600 / 7000 [ 51%]  (Sampling)
Chain [1] Iteration: 3300 / 7000 [ 47%]  (Warmup)
Chain [4] Iteration: 3700 / 7000 [ 52%]  (Sampling)
Chain [3] Iteration: 3400 / 7000 [ 48%]  (Warmup)
Chain [1] Iteration: 3400 / 7000 [ 48%]  (Warmup)
Chain [2] Iteration: 3700 / 7000 [ 52%]  (Sampling)
Chain [4] Iteration: 3800 / 7000 [ 54%]  (Sampling)
Chain [3] Iteration: 3500 / 7000 [ 50%]  (Warmup)
Chain [3] Iteration: 3501 / 7000 [ 50%]  (Sampling)
Chain [1] Iteration: 3500 / 7000 [ 50%]  (Warmup)
Chain [1] Iteration: 3501 / 7000 [ 50%]  (Sampling)
Chain [4] Iteration: 3900 / 7000 [ 55%]  (Sampling)
Chain [2] Iteration: 3800 / 7000 [ 54%]  (Sampling)
Chain [1] Iteration: 3600 / 7000 [ 51%]  (Sampling)
Chain [4] Iteration: 4000 / 7000 [ 57%]  (Sampling)
Chain [3] Iteration: 3600 / 7000 [ 51%]  (Sampling)
Chain [2] Iteration: 3900 / 7000 [ 55%]  (Sampling)
Chain [4] Iteration: 4100 / 7000 [ 58%]  (Sampling)
Chain [1] Iteration: 3700 / 7000 [ 52%]  (Sampling)
Chain [4] Iteration: 4200 / 7000 [ 60%]  (Sampling)
Chain [3] Iteration: 3700 / 7000 [ 52%]  (Sampling)
Chain [2] Iteration: 4000 / 7000 [ 57%]  (Sampling)
Chain [1] Iteration: 3800 / 7000 [ 54%]  (Sampling)
Chain [4] Iteration: 4300 / 7000 [ 61%]  (Sampling)
Chain [2] Iteration: 4100 / 7000 [ 58%]  (Sampling)
Chain [1] Iteration: 3900 / 7000 [ 55%]  (Sampling)
Chain [3] Iteration: 3800 / 7000 [ 54%]  (Sampling)
Chain [4] Iteration: 4400 / 7000 [ 62%]  (Sampling)
Chain [1] Iteration: 4000 / 7000 [ 57%]  (Sampling)
Chain [4] Iteration: 4500 / 7000 [ 64%]  (Sampling)
Chain [2] Iteration: 4200 / 7000 [ 60%]  (Sampling)
Chain [3] Iteration: 3900 / 7000 [ 55%]  (Sampling)
Chain [4] Iteration: 4600 / 7000 [ 65%]  (Sampling)
Chain [1] Iteration: 4100 / 7000 [ 58%]  (Sampling)
Chain [2] Iteration: 4300 / 7000 [ 61%]  (Sampling)
Chain [4] Iteration: 4700 / 7000 [ 67%]  (Sampling)
Chain [3] Iteration: 4000 / 7000 [ 57%]  (Sampling)
Chain [1] Iteration: 4200 / 7000 [ 60%]  (Sampling)
Chain [2] Iteration: 4400 / 7000 [ 62%]  (Sampling)
Chain [4] Iteration: 4800 / 7000 [ 68%]  (Sampling)
Chain [1] Iteration: 4300 / 7000 [ 61%]  (Sampling)
Chain [3] Iteration: 4100 / 7000 [ 58%]  (Sampling)
Chain [4] Iteration: 4900 / 7000 [ 70%]  (Sampling)
Chain [2] Iteration: 4500 / 7000 [ 64%]  (Sampling)
Chain [1] Iteration: 4400 / 7000 [ 62%]  (Sampling)
Chain [4] Iteration: 5000 / 7000 [ 71%]  (Sampling)
Chain [3] Iteration: 4200 / 7000 [ 60%]  (Sampling)
Chain [1] Iteration: 4500 / 7000 [ 64%]  (Sampling)
Chain [2] Iteration: 4600 / 7000 [ 65%]  (Sampling)
Chain [4] Iteration: 5100 / 7000 [ 72%]  (Sampling)
Chain [1] Iteration: 4600 / 7000 [ 65%]  (Sampling)
Chain [4] Iteration: 5200 / 7000 [ 74%]  (Sampling)
Chain [3] Iteration: 4300 / 7000 [ 61%]  (Sampling)
Chain [2] Iteration: 4700 / 7000 [ 67%]  (Sampling)
Chain [4] Iteration: 5300 / 7000 [ 75%]  (Sampling)
Chain [1] Iteration: 4700 / 7000 [ 67%]  (Sampling)
Chain [2] Iteration: 4800 / 7000 [ 68%]  (Sampling)
Chain [3] Iteration: 4400 / 7000 [ 62%]  (Sampling)
Chain [4] Iteration: 5400 / 7000 [ 77%]  (Sampling)
Chain [1] Iteration: 4800 / 7000 [ 68%]  (Sampling)
Chain [2] Iteration: 4900 / 7000 [ 70%]  (Sampling)
Chain [4] Iteration: 5500 / 7000 [ 78%]  (Sampling)
Chain [3] Iteration: 4500 / 7000 [ 64%]  (Sampling)
Chain [1] Iteration: 4900 / 7000 [ 70%]  (Sampling)
Chain [4] Iteration: 5600 / 7000 [ 80%]  (Sampling)
Chain [2] Iteration: 5000 / 7000 [ 71%]  (Sampling)
Chain [1] Iteration: 5000 / 7000 [ 71%]  (Sampling)
Chain [4] Iteration: 5700 / 7000 [ 81%]  (Sampling)
Chain [3] Iteration: 4600 / 7000 [ 65%]  (Sampling)
Chain [2] Iteration: 5100 / 7000 [ 72%]  (Sampling)
Chain [1] Iteration: 5100 / 7000 [ 72%]  (Sampling)
Chain [4] Iteration: 5800 / 7000 [ 82%]  (Sampling)
Chain [3] Iteration: 4700 / 7000 [ 67%]  (Sampling)
Chain [1] Iteration: 5200 / 7000 [ 74%]  (Sampling)
Chain [4] Iteration: 5900 / 7000 [ 84%]  (Sampling)
Chain [2] Iteration: 5200 / 7000 [ 74%]  (Sampling)
Chain [1] Iteration: 5300 / 7000 [ 75%]  (Sampling)
Chain [4] Iteration: 6000 / 7000 [ 85%]  (Sampling)
Chain [3] Iteration: 4800 / 7000 [ 68%]  (Sampling)
Chain [2] Iteration: 5300 / 7000 [ 75%]  (Sampling)
Chain [4] Iteration: 6100 / 7000 [ 87%]  (Sampling)
Chain [1] Iteration: 5400 / 7000 [ 77%]  (Sampling)
Chain [4] Iteration: 6200 / 7000 [ 88%]  (Sampling)
Chain [3] Iteration: 4900 / 7000 [ 70%]  (Sampling)
Chain [2] Iteration: 5400 / 7000 [ 77%]  (Sampling)
Chain [1] Iteration: 5500 / 7000 [ 78%]  (Sampling)
Chain [4] Iteration: 6300 / 7000 [ 90%]  (Sampling)
Chain [2] Iteration: 5500 / 7000 [ 78%]  (Sampling)
Chain [3] Iteration: 5000 / 7000 [ 71%]  (Sampling)
Chain [1] Iteration: 5600 / 7000 [ 80%]  (Sampling)
Chain [4] Iteration: 6400 / 7000 [ 91%]  (Sampling)
Chain [1] Iteration: 5700 / 7000 [ 81%]  (Sampling)
Chain [4] Iteration: 6500 / 7000 [ 92%]  (Sampling)
Chain [2] Iteration: 5600 / 7000 [ 80%]  (Sampling)
Chain [3] Iteration: 5100 / 7000 [ 72%]  (Sampling)
Chain [4] Iteration: 6600 / 7000 [ 94%]  (Sampling)
Chain [1] Iteration: 5800 / 7000 [ 82%]  (Sampling)
Chain [2] Iteration: 5700 / 7000 [ 81%]  (Sampling)
Chain [4] Iteration: 6700 / 7000 [ 95%]  (Sampling)
Chain [1] Iteration: 5900 / 7000 [ 84%]  (Sampling)
Chain [3] Iteration: 5200 / 7000 [ 74%]  (Sampling)
Chain [2] Iteration: 5800 / 7000 [ 82%]  (Sampling)
Chain [4] Iteration: 6800 / 7000 [ 97%]  (Sampling)
Chain [1] Iteration: 6000 / 7000 [ 85%]  (Sampling)
Chain [4] Iteration: 6900 / 7000 [ 98%]  (Sampling)
Chain [3] Iteration: 5300 / 7000 [ 75%]  (Sampling)
Chain [2] Iteration: 5900 / 7000 [ 84%]  (Sampling)
Chain [1] Iteration: 6100 / 7000 [ 87%]  (Sampling)
Chain [4] Iteration: 7000 / 7000 [100%]  (Sampling)
Chain [4] 
Chain [4] Elapsed Time: 93480.1 seconds (Warm-up)
Chain [4] 85232.9 seconds (Sampling)
Chain [4] 178713 seconds (Total)
Chain [4] 
Chain [4] 
Chain [1] Iteration: 6200 / 7000 [ 88%]  (Sampling)
Chain [3] Iteration: 5400 / 7000 [ 77%]  (Sampling)
Chain [2] Iteration: 6000 / 7000 [ 85%]  (Sampling)
Chain [1] Iteration: 6300 / 7000 [ 90%]  (Sampling)
Chain [2] Iteration: 6100 / 7000 [ 87%]  (Sampling)
Chain [3] Iteration: 5500 / 7000 [ 78%]  (Sampling)
Chain [1] Iteration: 6400 / 7000 [ 91%]  (Sampling)
Chain [2] Iteration: 6200 / 7000 [ 88%]  (Sampling)
Chain [1] Iteration: 6500 / 7000 [ 92%]  (Sampling)
Chain [3] Iteration: 5600 / 7000 [ 80%]  (Sampling)
Chain [2] Iteration: 6300 / 7000 [ 90%]  (Sampling)
Chain [1] Iteration: 6600 / 7000 [ 94%]  (Sampling)
Chain [3] Iteration: 5700 / 7000 [ 81%]  (Sampling)
Chain [2] Iteration: 6400 / 7000 [ 91%]  (Sampling)
Chain [1] Iteration: 6700 / 7000 [ 95%]  (Sampling)
Chain [1] Iteration: 6800 / 7000 [ 97%]  (Sampling)
Chain [3] Iteration: 5800 / 7000 [ 82%]  (Sampling)
Chain [2] Iteration: 6500 / 7000 [ 92%]  (Sampling)
Chain [1] Iteration: 6900 / 7000 [ 98%]  (Sampling)
Chain [2] Iteration: 6600 / 7000 [ 94%]  (Sampling)
Chain [3] Iteration: 5900 / 7000 [ 84%]  (Sampling)
Chain [1] Iteration: 7000 / 7000 [100%]  (Sampling)
Chain [1] 
Chain [1] Elapsed Time: 101994 seconds (Warm-up)
Chain [1] 100865 seconds (Sampling)
Chain [1] 202860 seconds (Total)
Chain [1] 
Chain [1] 
Chain [2] Iteration: 6700 / 7000 [ 95%]  (Sampling)
Chain [3] Iteration: 6000 / 7000 [ 85%]  (Sampling)
Chain [2] Iteration: 6800 / 7000 [ 97%]  (Sampling)
Chain [3] Iteration: 6100 / 7000 [ 87%]  (Sampling)
Chain [2] Iteration: 6900 / 7000 [ 98%]  (Sampling)
Chain [3] Iteration: 6200 / 7000 [ 88%]  (Sampling)
Chain [2] Iteration: 7000 / 7000 [100%]  (Sampling)
Chain [2] 
Chain [2] Elapsed Time: 92917 seconds (Warm-up)
Chain [2] 121906 seconds (Sampling)
Chain [2] 214823 seconds (Total)
Chain [2] 
Chain [2] 
Chain [3] Iteration: 6300 / 7000 [ 90%]  (Sampling)
Chain [3] Iteration: 6400 / 7000 [ 91%]  (Sampling)
Chain [3] Iteration: 6500 / 7000 [ 92%]  (Sampling)
Chain [3] Iteration: 6600 / 7000 [ 94%]  (Sampling)
Chain [3] Iteration: 6700 / 7000 [ 95%]  (Sampling)
Chain [3] Iteration: 6800 / 7000 [ 97%]  (Sampling)
Chain [3] Iteration: 6900 / 7000 [ 98%]  (Sampling)
Chain [3] Iteration: 7000 / 7000 [100%]  (Sampling)
Chain [3] 
Chain [3] Elapsed Time: 101327 seconds (Warm-up)
Chain [3] 145423 seconds (Sampling)
Chain [3] 246750 seconds (Total)
Chain [3] 
Chain [3] 
***hmc diagnostics:
Processing csv files: /storage/users/adadras/ANN-EAM/stan_results/LBA_cd/LBA_cd-20230105072936_1.csv, /storage/users/adadras/ANN-EAM/stan_results/LBA_cd/LBA_cd-20230105072936_2.csv, /storage/users/adadras/ANN-EAM/stan_results/LBA_cd/LBA_cd-20230105072936_3.csv, /storage/users/adadras/ANN-EAM/stan_results/LBA_cd/LBA_cd-20230105072936_4.csv

Checking sampler transitions treedepth.
Treedepth satisfactory for all transitions.

Checking sampler transitions for divergences.
No divergent transitions found.

Checking E-BFMI - sampler transitions HMC potential energy.
E-BFMI satisfactory.

Effective sample size satisfactory.

Split R-hat values satisfactory all parameters.

Processing complete, no problems detected.

***DF: 
                           Mean    MCSE  StdDev  ...    N_Eff  N_Eff/s  R_hat
name                                             ...                         
lp__                    -6100.0  0.7000   38.00  ...   2900.0   0.0063    1.0
mu_k_word                   0.9  0.0078    0.28  ...   1300.0   0.0028    1.0
mu_k_nonword                1.3  0.0087    0.30  ...   1200.0   0.0027    1.0
mu_sp_trial_var_word        1.1  0.0092    0.33  ...   1200.0   0.0028    1.0
mu_sp_trial_var_nonword     1.5  0.0100    0.36  ...   1300.0   0.0028    1.0
...                         ...     ...     ...  ...      ...      ...    ...
log_lik[36677]             -2.6  0.0014    0.17  ...  16140.0   0.0360    1.0
log_lik[36678]             -1.9  0.0012    0.15  ...  15376.0   0.0340    1.0
log_lik[36679]             -1.9  0.0012    0.15  ...  15282.0   0.0340    1.0
log_lik[36680]             -2.1  0.0012    0.15  ...  15620.0   0.0340    1.0
log_lik[36681]             -2.4  0.0014    0.19  ...  18499.0   0.0410    1.0

[332972 rows x 9 columns]
***Rhat > 1.01: 
0
None
Empty DataFrame
Columns: [Mean, MCSE, StdDev, 5%, 50%, 95%, N_Eff, N_Eff/s, R_hat]
Index: []
       Mean  MCSE  StdDev   5%  50%  95%  N_Eff  N_Eff/s  R_hat
count   0.0   0.0     0.0  0.0  0.0  0.0    0.0      0.0    0.0
mean    NaN   NaN     NaN  NaN  NaN  NaN    NaN      NaN    NaN
std     NaN   NaN     NaN  NaN  NaN  NaN    NaN      NaN    NaN
min     NaN   NaN     NaN  NaN  NaN  NaN    NaN      NaN    NaN
25%     NaN   NaN     NaN  NaN  NaN  NaN    NaN      NaN    NaN
50%     NaN   NaN     NaN  NaN  NaN  NaN    NaN      NaN    NaN
75%     NaN   NaN     NaN  NaN  NaN  NaN    NaN      NaN    NaN
max     NaN   NaN     NaN  NaN  NaN  NaN    NaN      NaN    NaN
HF words, word drift mean and std:
4.3163025353457085 0.6239143504175024
HF words, nonword drift mean and std:
1.7995617631580358 0.2701097346657177
LF words word drift mean and std:
3.3098040321323636 0.4793944926121649
LF words nonword drift mean and std:
2.356086118498729 0.3438303900358864
NW words word drift mean and std:
1.3466368196511944 0.19971399586676641
NW words nonword drift mean and std:
3.907834996922587 0.565003555983644
HF words, word starting point mean and std:
1.5615950597867128 0.22905617614977786
HF words, nonword starting point mean and std:
1.9012493857775834 0.2759796445382791
LF words word starting point mean and std:
1.5461226723948116 0.2267962376447394
LF words nonword starting point mean and std:
1.8897010509898065 0.27420915020536907
NW words word starting point mean and std:
1.5647770476778213 0.2295136143466354
NW words nonword starting point mean and std:
1.9054485467618212 0.27652694276445
HF words, word threshold mean and std:
3.1231901195734255 0.4581123522995557
HF words, nonword threshold mean and std:
3.802498771555167 0.5519592890765582
LF words word threshold mean and std:
3.092245344789623 0.4535924752894788
LF words nonword threshold mean and std:
3.779402101979613 0.5484183004107381
NW words word threshold mean and std:
3.1295540953556427 0.4590272286932708
NW words nonword threshold mean and std:
3.8108970935236424 0.5530538855289
HF words, word bias mean and std:
1.5615950597867128 0.22905617614977786
HF words, nonword bias mean and std:
1.9012493857775834 0.2759796445382791
LF words word bias mean and std:
1.5461226723948116 0.2267962376447394
LF words nonword bias mean and std:
1.8897010509898065 0.27420915020536907
NW words word bias mean and std:
1.5647770476778213 0.2295136143466354
NW words nonword bias mean and std:
1.9054485467618212 0.27652694276445
HF words ndt mean and std:
0.18601105426132888 0.007992771720904577
LF words ndt mean and std:
0.18519053714306402 0.007936076417362171
Non Words ndt mean and std:
0.18543146971712668 0.00797064061689477
Estimation Fit metrics:
{'lppd': -4856.768023044104, 'p_waic': 1037.7490323436343, 'waic': 11789.034110775476, 'waic_se': 491.23301233032157}
INFO:cmdstanpy:deleting tmpfiles dir: /tmp/tmpbf3l_xgd
INFO:cmdstanpy:done
